-------------------------------------------------------------------------------
Test set: com.orangehrm.runner.TestRunner
-------------------------------------------------------------------------------
Tests run: 9, Failures: 9, Errors: 0, Skipped: 0, Time elapsed: 7.766 s <<< FAILURE! -- in com.orangehrm.runner.TestRunner
Database Validation.Verify database connectivity -- Time elapsed: 2.441 s <<< FAILURE!
java.lang.AssertionError: Database is not configured. Set db.url, db.username, db.password, db.driver in properties or environment variables.
	at org.junit.Assert.fail(Assert.java:89)
	at org.junit.Assert.assertTrue(Assert.java:42)
	at com.orangehrm.steps.DatabaseValidationSteps.theDatabaseConnectionIsConfiguredForTheCurrentEnvironment(DatabaseValidationSteps.java:69)
	at ✽.the database connection is configured for the current environment(file:///home/kavia/workspace/code-generation/orangehrm-338436/src/test/selenium-cucumber/src/test/resources/features/database-validation.feature:8)

Database Validation.Validate data insertion into a table -- Time elapsed: 0.551 s <<< FAILURE!
java.lang.AssertionError: Database is not configured. Set db.url, db.username, db.password, db.driver in properties or environment variables.
	at org.junit.Assert.fail(Assert.java:89)
	at org.junit.Assert.assertTrue(Assert.java:42)
	at com.orangehrm.steps.DatabaseValidationSteps.theDatabaseConnectionIsConfiguredForTheCurrentEnvironment(DatabaseValidationSteps.java:69)
	at ✽.the database connection is configured for the current environment(file:///home/kavia/workspace/code-generation/orangehrm-338436/src/test/selenium-cucumber/src/test/resources/features/database-validation.feature:8)

Database Validation.Validate inserted record count -- Time elapsed: 0.515 s <<< FAILURE!
java.lang.AssertionError: Database is not configured. Set db.url, db.username, db.password, db.driver in properties or environment variables.
	at org.junit.Assert.fail(Assert.java:89)
	at org.junit.Assert.assertTrue(Assert.java:42)
	at com.orangehrm.steps.DatabaseValidationSteps.theDatabaseConnectionIsConfiguredForTheCurrentEnvironment(DatabaseValidationSteps.java:69)
	at ✽.the database connection is configured for the current environment(file:///home/kavia/workspace/code-generation/orangehrm-338436/src/test/selenium-cucumber/src/test/resources/features/database-validation.feature:8)

Database Validation.Validate insertion with query verification -- Time elapsed: 0.465 s <<< FAILURE!
java.lang.AssertionError: Database is not configured. Set db.url, db.username, db.password, db.driver in properties or environment variables.
	at org.junit.Assert.fail(Assert.java:89)
	at org.junit.Assert.assertTrue(Assert.java:42)
	at com.orangehrm.steps.DatabaseValidationSteps.theDatabaseConnectionIsConfiguredForTheCurrentEnvironment(DatabaseValidationSteps.java:69)
	at ✽.the database connection is configured for the current environment(file:///home/kavia/workspace/code-generation/orangehrm-338436/src/test/selenium-cucumber/src/test/resources/features/database-validation.feature:8)

Database Validation.Validate data update in a table -- Time elapsed: 0.467 s <<< FAILURE!
java.lang.AssertionError: Database is not configured. Set db.url, db.username, db.password, db.driver in properties or environment variables.
	at org.junit.Assert.fail(Assert.java:89)
	at org.junit.Assert.assertTrue(Assert.java:42)
	at com.orangehrm.steps.DatabaseValidationSteps.theDatabaseConnectionIsConfiguredForTheCurrentEnvironment(DatabaseValidationSteps.java:69)
	at ✽.the database connection is configured for the current environment(file:///home/kavia/workspace/code-generation/orangehrm-338436/src/test/selenium-cucumber/src/test/resources/features/database-validation.feature:8)

Database Validation.Validate update does not affect unrelated records -- Time elapsed: 0.469 s <<< FAILURE!
java.lang.AssertionError: Database is not configured. Set db.url, db.username, db.password, db.driver in properties or environment variables.
	at org.junit.Assert.fail(Assert.java:89)
	at org.junit.Assert.assertTrue(Assert.java:42)
	at com.orangehrm.steps.DatabaseValidationSteps.theDatabaseConnectionIsConfiguredForTheCurrentEnvironment(DatabaseValidationSteps.java:69)
	at ✽.the database connection is configured for the current environment(file:///home/kavia/workspace/code-generation/orangehrm-338436/src/test/selenium-cucumber/src/test/resources/features/database-validation.feature:8)

Database Validation.Validate data deletion from a table -- Time elapsed: 0.452 s <<< FAILURE!
java.lang.AssertionError: Database is not configured. Set db.url, db.username, db.password, db.driver in properties or environment variables.
	at org.junit.Assert.fail(Assert.java:89)
	at org.junit.Assert.assertTrue(Assert.java:42)
	at com.orangehrm.steps.DatabaseValidationSteps.theDatabaseConnectionIsConfiguredForTheCurrentEnvironment(DatabaseValidationSteps.java:69)
	at ✽.the database connection is configured for the current environment(file:///home/kavia/workspace/code-generation/orangehrm-338436/src/test/selenium-cucumber/src/test/resources/features/database-validation.feature:8)

Database Validation.Validate deletion with query verification -- Time elapsed: 0.435 s <<< FAILURE!
java.lang.AssertionError: Database is not configured. Set db.url, db.username, db.password, db.driver in properties or environment variables.
	at org.junit.Assert.fail(Assert.java:89)
	at org.junit.Assert.assertTrue(Assert.java:42)
	at com.orangehrm.steps.DatabaseValidationSteps.theDatabaseConnectionIsConfiguredForTheCurrentEnvironment(DatabaseValidationSteps.java:69)
	at ✽.the database connection is configured for the current environment(file:///home/kavia/workspace/code-generation/orangehrm-338436/src/test/selenium-cucumber/src/test/resources/features/database-validation.feature:8)

Database Validation.Validate deletion does not affect unrelated records -- Time elapsed: 0.431 s <<< FAILURE!
java.lang.AssertionError: Database is not configured. Set db.url, db.username, db.password, db.driver in properties or environment variables.
	at org.junit.Assert.fail(Assert.java:89)
	at org.junit.Assert.assertTrue(Assert.java:42)
	at com.orangehrm.steps.DatabaseValidationSteps.theDatabaseConnectionIsConfiguredForTheCurrentEnvironment(DatabaseValidationSteps.java:69)
	at ✽.the database connection is configured for the current environment(file:///home/kavia/workspace/code-generation/orangehrm-338436/src/test/selenium-cucumber/src/test/resources/features/database-validation.feature:8)

