<?xml version="1.0" encoding="UTF-8"?>
<testsuite xmlns:xsi="http://www.w3.org/2001/XMLSchema-instance" xsi:noNamespaceSchemaLocation="https://maven.apache.org/surefire/maven-surefire-plugin/xsd/surefire-test-report-3.0.xsd" version="3.0" name="com.orangehrm.runner.SequentialTestRunner" time="3.259" tests="9" errors="5" skipped="0" failures="0">
  <properties>
[...]
</properties>
  <testcase name="Verify database connectivity" classname="Database Validation" time="1.869">
    <error message="unknown error: JavaScript code failed&#10;from unknown command: &apos;Runtime.evaluate&apos; wasn&apos;t found&#10;  (Session info: chrome=146.0.7680.177)&#10;Build info: version: &apos;4.18.1&apos;, revision: &apos;b1d3319b48&apos;&#10;System info: os.name: &apos;Linux&apos;, os.arch: &apos;amd64&apos;, os.version: &apos;5.10.230-223.885.amzn2.x86_64&apos;, java.version: &apos;17.0.17&apos;&#10;Driver info: org.openqa.selenium.chrome.ChromeDriver&#10;Command: [e4296459d590de0830fcd34db8a0e4cb, maximizeCurrentWindow {}]&#10;Capabilities {acceptInsecureCerts: true, browserName: chrome, browserVersion: 146.0.7680.177, chrome: {chromedriverVersion: 146.0.7680.165 (4b989da09e1..., userDataDir: /tmp/chrome-profile-1-10769...}, fedcm:accounts: true, goog:chromeOptions: {debuggerAddress: localhost:36519}, goog:processID: 13145, networkConnectionEnabled: false, pageLoadStrategy: normal, platformName: linux, proxy: Proxy(), se:cdp: ws://localhost:36519/devtoo..., se:cdpVersion: 146.0.7680.177, setWindowRect: true, strictFileInteractability: false, timeouts: {implicit: 0, pageLoad: 300000, script: 30000}, unhandledPromptBehavior: dismiss and notify, webauthn:extension:credBlob: true, webauthn:extension:largeBlob: true, webauthn:extension:minPinLength: true, webauthn:extension:prf: true, webauthn:virtualAuthenticators: true}&#10;Session ID: e4296459d590de0830fcd34db8a0e4cb" type="org.openqa.selenium.WebDriverException"><![CDATA[org.openqa.selenium.WebDriverException: 
unknown error: JavaScript code failed
from unknown command: 'Runtime.evaluate' wasn't found
  (Session info: chrome=146.0.7680.177)
Build info: version: '4.18.1', revision: 'b1d3319b48'
System info: os.name: 'Linux', os.arch: 'amd64', os.version: '5.10.230-223.885.amzn2.x86_64', java.version: '17.0.17'
Driver info: org.openqa.selenium.chrome.ChromeDriver
Command: [e4296459d590de0830fcd34db8a0e4cb, maximizeCurrentWindow {}]
Capabilities {acceptInsecureCerts: true, browserName: chrome, browserVersion: 146.0.7680.177, chrome: {chromedriverVersion: 146.0.7680.165 (4b989da09e1..., userDataDir: /tmp/chrome-profile-1-10769...}, fedcm:accounts: true, goog:chromeOptions: {debuggerAddress: localhost:36519}, goog:processID: 13145, networkConnectionEnabled: false, pageLoadStrategy: normal, platformName: linux, proxy: Proxy(), se:cdp: ws://localhost:36519/devtoo..., se:cdpVersion: 146.0.7680.177, setWindowRect: true, strictFileInteractability: false, timeouts: {implicit: 0, pageLoad: 300000, script: 30000}, unhandledPromptBehavior: dismiss and notify, webauthn:extension:credBlob: true, webauthn:extension:largeBlob: true, webauthn:extension:minPinLength: true, webauthn:extension:prf: true, webauthn:virtualAuthenticators: true}
Session ID: e4296459d590de0830fcd34db8a0e4cb
	at java.base/jdk.internal.reflect.NativeConstructorAccessorImpl.newInstance0(Native Method)
	at java.base/jdk.internal.reflect.NativeConstructorAccessorImpl.newInstance(NativeConstructorAccessorImpl.java:77)
	at java.base/jdk.internal.reflect.DelegatingConstructorAccessorImpl.newInstance(DelegatingConstructorAccessorImpl.java:45)
	at java.base/java.lang.reflect.Constructor.newInstanceWithCaller(Constructor.java:500)
	at java.base/java.lang.reflect.Constructor.newInstance(Constructor.java:481)
	at org.openqa.selenium.remote.ErrorCodec.decode(ErrorCodec.java:167)
	at org.openqa.selenium.remote.codec.w3c.W3CHttpResponseCodec.decode(W3CHttpResponseCodec.java:138)
	at org.openqa.selenium.remote.codec.w3c.W3CHttpResponseCodec.decode(W3CHttpResponseCodec.java:50)
	at org.openqa.selenium.remote.HttpCommandExecutor.execute(HttpCommandExecutor.java:190)
	at org.openqa.selenium.remote.service.DriverCommandExecutor.invokeExecute(DriverCommandExecutor.java:216)
	at org.openqa.selenium.remote.service.DriverCommandExecutor.execute(DriverCommandExecutor.java:174)
	at org.openqa.selenium.remote.RemoteWebDriver.execute(RemoteWebDriver.java:519)
	at org.openqa.selenium.remote.RemoteWebDriver.execute(RemoteWebDriver.java:592)
	at org.openqa.selenium.remote.RemoteWebDriver.execute(RemoteWebDriver.java:596)
	at org.openqa.selenium.remote.RemoteWebDriver$RemoteWebDriverOptions$RemoteWindow.maximize(RemoteWebDriver.java:1035)
	at com.orangehrm.driver.DriverFactory.initDriver(DriverFactory.java:118)
	at com.orangehrm.hooks.Hooks.setUp(Hooks.java:115)
]]></error>
    <system-out><![CDATA[
@database @db-validation @sequential @db-insert @smoke
Scenario: Verify database connectivity                                    # src/test/resources/features/database-validation.feature:13
2026-04-02 12:35:48.563 [main] INFO  c.orangehrm.config.EnvironmentConfig - ========================================================
2026-04-02 12:35:48.564 [main] INFO  c.orangehrm.config.EnvironmentConfig -         TEST CONFIGURATION SUMMARY                      
2026-04-02 12:35:48.565 [main] INFO  c.orangehrm.config.EnvironmentConfig - ========================================================
2026-04-02 12:35:48.566 [main] INFO  com.orangehrm.config.ConfigManager - Loaded configuration from config.properties
2026-04-02 12:35:48.567 [main] INFO  com.orangehrm.config.ConfigManager - Environment resolved from system property: dev
2026-04-02 12:35:48.568 [main] INFO  com.orangehrm.config.ConfigManager - ConfigManager initialised -- active environment: [dev]
2026-04-02 12:35:48.568 [main] DEBUG com.orangehrm.config.ConfigManager - Config [base.url] resolved from base config
2026-04-02 12:35:48.568 [main] DEBUG com.orangehrm.config.ConfigManager - Config [admin.username] resolved from base config
2026-04-02 12:35:48.568 [main] DEBUG com.orangehrm.config.ConfigManager - Config [admin.password] resolved from base config
2026-04-02 12:35:48.571 [main] DEBUG com.orangehrm.config.ConfigManager - Config [ess.username] using default: 
2026-04-02 12:35:48.572 [main] ERROR com.orangehrm.config.ConfigManager - Required configuration key [ess.username] is not set in any source
2026-04-02 12:35:48.572 [main] DEBUG com.orangehrm.config.ConfigManager - Config [ess.password] using default: 
2026-04-02 12:35:48.572 [main] ERROR com.orangehrm.config.ConfigManager - Required configuration key [ess.password] is not set in any source
2026-04-02 12:35:48.572 [main] DEBUG com.orangehrm.config.ConfigManager - Config [db.url] resolved from base config
2026-04-02 12:35:48.572 [main] DEBUG com.orangehrm.config.ConfigManager - Config [db.url] resolved from base config
2026-04-02 12:35:48.573 [main] DEBUG com.orangehrm.config.ConfigManager - Config [db.url] resolved from base config
2026-04-02 12:35:48.573 [main] DEBUG com.orangehrm.config.ConfigManager - Config [db.username] resolved from base config
2026-04-02 12:35:48.573 [main] DEBUG com.orangehrm.config.ConfigManager - Config [db.password] resolved from base config
2026-04-02 12:35:48.573 [main] DEBUG com.orangehrm.config.ConfigManager - Config [db.driver] resolved from base config
2026-04-02 12:35:48.574 [main] DEBUG com.orangehrm.config.ConfigManager - Config [wait.explicit] resolved from base config
2026-04-02 12:35:48.574 [main] DEBUG com.orangehrm.config.ConfigManager - Config [wait.pageLoad] resolved from base config
2026-04-02 12:35:48.574 [main] INFO  c.orangehrm.config.EnvironmentConfig -   environment         : dev
2026-04-02 12:35:48.575 [main] INFO  c.orangehrm.config.EnvironmentConfig -   base.url            : https://opensource-demo.orangehrmlive.com
2026-04-02 12:35:48.575 [main] INFO  c.orangehrm.config.EnvironmentConfig -   browser             : chrome
2026-04-02 12:35:48.575 [main] INFO  c.orangehrm.config.EnvironmentConfig -   browser.headless    : false
2026-04-02 12:35:48.575 [main] INFO  c.orangehrm.config.EnvironmentConfig -   admin.username      : Admin
2026-04-02 12:35:48.575 [main] INFO  c.orangehrm.config.EnvironmentConfig -   admin.password      : a***3
2026-04-02 12:35:48.575 [main] INFO  c.orangehrm.config.EnvironmentConfig -   ess.username        : 
2026-04-02 12:35:48.575 [main] INFO  c.orangehrm.config.EnvironmentConfig -   ess.password        : ***
2026-04-02 12:35:48.576 [main] INFO  c.orangehrm.config.EnvironmentConfig -   db.configured       : true
2026-04-02 12:35:48.576 [main] INFO  c.orangehrm.config.EnvironmentConfig -   db.url              : jdbc:mysql://localhost:3306/orangehrm?useSSL=false&allowPublicKeyRetrieval=true&serverTimezone=UTC
2026-04-02 12:35:48.576 [main] INFO  c.orangehrm.config.EnvironmentConfig -   db.username         : orangehrm
2026-04-02 12:35:48.576 [main] INFO  c.orangehrm.config.EnvironmentConfig -   db.password         : o***m
2026-04-02 12:35:48.576 [main] INFO  c.orangehrm.config.EnvironmentConfig -   db.driver           : com.mysql.cj.jdbc.Driver
2026-04-02 12:35:48.576 [main] INFO  c.orangehrm.config.EnvironmentConfig -   wait.explicit       : 15
2026-04-02 12:35:48.576 [main] INFO  c.orangehrm.config.EnvironmentConfig -   wait.pageLoad       : 30
2026-04-02 12:35:48.576 [main] INFO  c.orangehrm.config.EnvironmentConfig - ========================================================
2026-04-02 12:35:48.577 [main] INFO  com.orangehrm.hooks.Hooks - ===================================================
2026-04-02 12:35:48.577 [main] INFO  com.orangehrm.hooks.Hooks - STARTING SCENARIO: Verify database connectivity [thread=main]
2026-04-02 12:35:48.577 [main] INFO  com.orangehrm.hooks.Hooks - Tags: [@database, @db-validation, @sequential, @db-insert, @smoke]
2026-04-02 12:35:48.577 [main] INFO  com.orangehrm.hooks.Hooks - Environment: dev
2026-04-02 12:35:48.578 [main] INFO  com.orangehrm.hooks.Hooks - ===================================================
2026-04-02 12:35:48.579 [main] DEBUG com.orangehrm.config.ConfigManager - Config [driver.init.retries] resolved from base config
2026-04-02 12:35:48.580 [main] INFO  com.orangehrm.driver.DriverFactory - Initialising WebDriver — browser=chrome, headless=false, thread=main
2026-04-02 12:35:48.881 [main] INFO  i.g.bonigarcia.wdm.WebDriverManager - Using chromedriver 146.0.7680.165 (resolved driver for Chrome 146)
2026-04-02 12:35:48.899 [main] INFO  i.g.bonigarcia.wdm.WebDriverManager - Exporting webdriver.chrome.driver as /home/kavia/.cache/selenium/chromedriver/linux64/146.0.7680.165/chromedriver
2026-04-02 12:35:48.903 [main] INFO  com.orangehrm.driver.DriverFactory - Chrome configured in HEADED mode
2026-04-02 12:35:48.907 [main] DEBUG com.orangehrm.driver.DriverFactory - Chrome user-data-dir for thread main: /tmp/chrome-profile-1-107691507970898
2026-04-02 12:35:49.766 [main] DEBUG com.orangehrm.config.ConfigManager - Config [wait.pageLoad] resolved from base config
      org.openqa.selenium.WebDriverException: unknown error: JavaScript code failed
from unknown command: 'Runtime.evaluate' wasn't found
  (Session info: chrome=146.0.7680.177)
Build info: version: '4.18.1', revision: 'b1d3319b48'
System info: os.name: 'Linux', os.arch: 'amd64', os.version: '5.10.230-223.885.amzn2.x86_64', java.version: '17.0.17'
Driver info: org.openqa.selenium.chrome.ChromeDriver
Command: [e4296459d590de0830fcd34db8a0e4cb, maximizeCurrentWindow {}]
Capabilities {acceptInsecureCerts: true, browserName: chrome, browserVersion: 146.0.7680.177, chrome: {chromedriverVersion: 146.0.7680.165 (4b989da09e1..., userDataDir: /tmp/chrome-profile-1-10769...}, fedcm:accounts: true, goog:chromeOptions: {debuggerAddress: localhost:36519}, goog:processID: 13145, networkConnectionEnabled: false, pageLoadStrategy: normal, platformName: linux, proxy: Proxy(), se:cdp: ws://localhost:36519/devtoo..., se:cdpVersion: 146.0.7680.177, setWindowRect: true, strictFileInteractability: false, timeouts: {implicit: 0, pageLoad: 300000, script: 30000}, unhandledPromptBehavior: dismiss and notify, webauthn:extension:credBlob: true, webauthn:extension:largeBlob: true, webauthn:extension:minPinLength: true, webauthn:extension:prf: true, webauthn:virtualAuthenticators: true}
Session ID: e4296459d590de0830fcd34db8a0e4cb
	at java.base/jdk.internal.reflect.NativeConstructorAccessorImpl.newInstance0(Native Method)
	at java.base/jdk.internal.reflect.NativeConstructorAccessorImpl.newInstance(NativeConstructorAccessorImpl.java:77)
	at java.base/jdk.internal.reflect.DelegatingConstructorAccessorImpl.newInstance(DelegatingConstructorAccessorImpl.java:45)
	at java.base/java.lang.reflect.Constructor.newInstanceWithCaller(Constructor.java:500)
	at java.base/java.lang.reflect.Constructor.newInstance(Constructor.java:481)
	at org.openqa.selenium.remote.ErrorCodec.decode(ErrorCodec.java:167)
	at org.openqa.selenium.remote.codec.w3c.W3CHttpResponseCodec.decode(W3CHttpResponseCodec.java:138)
	at org.openqa.selenium.remote.codec.w3c.W3CHttpResponseCodec.decode(W3CHttpResponseCodec.java:50)
	at org.openqa.selenium.remote.HttpCommandExecutor.execute(HttpCommandExecutor.java:190)
	at org.openqa.selenium.remote.service.DriverCommandExecutor.invokeExecute(DriverCommandExecutor.java:216)
	at org.openqa.selenium.remote.service.DriverCommandExecutor.execute(DriverCommandExecutor.java:174)
	at org.openqa.selenium.remote.RemoteWebDriver.execute(RemoteWebDriver.java:519)
	at org.openqa.selenium.remote.RemoteWebDriver.execute(RemoteWebDriver.java:592)
	at org.openqa.selenium.remote.RemoteWebDriver.execute(RemoteWebDriver.java:596)
	at org.openqa.selenium.remote.RemoteWebDriver$RemoteWebDriverOptions$RemoteWindow.maximize(RemoteWebDriver.java:1035)
	at com.orangehrm.driver.DriverFactory.initDriver(DriverFactory.java:118)
	at com.orangehrm.hooks.Hooks.setUp(Hooks.java:115)

  Given the database connection is configured for the current environment # com.orangehrm.steps.DatabaseValidationSteps.theDatabaseConnectionIsConfiguredForTheCurrentEnvironment()
  Then the database should be accessible                                  # com.orangehrm.steps.DatabaseValidationSteps.theDatabaseShouldBeAccessible()
2026-04-02 12:35:50.120 [main] ERROR com.orangehrm.hooks.Hooks - SCENARIO FAILED: Verify database connectivity [thread=main]
2026-04-02 12:35:50.121 [main] INFO  com.orangehrm.hooks.Hooks - ===================================================
2026-04-02 12:35:50.121 [main] INFO  com.orangehrm.hooks.Hooks - FINISHED SCENARIO: Verify database connectivity [FAILED] [thread=main]
2026-04-02 12:35:50.121 [main] INFO  com.orangehrm.hooks.Hooks - ===================================================
]]></system-out>
    <system-err><![CDATA[Apr 02, 2026 12:35:49 PM org.openqa.selenium.devtools.CdpVersionFinder findNearestMatch
WARNING: Unable to find CDP implementation matching 146
Apr 02, 2026 12:35:49 PM org.openqa.selenium.chromium.ChromiumDriver lambda$new$5
WARNING: Unable to find version of CDP to use for 146.0.7680.177. You may need to include a dependency on a specific version of the CDP using something similar to `org.seleniumhq.selenium:selenium-devtools-v86:4.18.1` where the version ("v86") matches the version of the chromium-based browser you're using and the version number of the artifact is the same as Selenium's.
]]></system-err>
  </testcase>
  <testcase name="Validate data insertion into a table" classname="Database Validation" time="0.275">
    <error message="The step &apos;the operation should affect 1 row(s)&apos; is undefined.&#10;You can implement this step using the snippet(s) below:&#10;&#10;@Then(&quot;the operation should affect {int} row\\(s)&quot;)&#10;public void the_operation_should_affect_row_s(Integer int1) {&#10;    // Write code here that turns the phrase above into concrete actions&#10;    throw new io.cucumber.java.PendingException();&#10;}&#10;" type="io.cucumber.junit.UndefinedStepException"><![CDATA[io.cucumber.junit.UndefinedStepException: 
The step 'the operation should affect 1 row(s)' is undefined.
You can implement this step using the snippet(s) below:

@Then("the operation should affect {int} row\\(s)")
public void the_operation_should_affect_row_s(Integer int1) {
    // Write code here that turns the phrase above into concrete actions
    throw new io.cucumber.java.PendingException();
}

]]></error>
    <system-out><![CDATA[
@database @db-validation @sequential @db-insert
Scenario: Validate data insertion into a table                                                      # src/test/resources/features/database-validation.feature:17
2026-04-02 12:35:50.178 [main] INFO  com.orangehrm.hooks.Hooks - ===================================================
2026-04-02 12:35:50.178 [main] INFO  com.orangehrm.hooks.Hooks - STARTING SCENARIO: Validate data insertion into a table [thread=main]
2026-04-02 12:35:50.178 [main] INFO  com.orangehrm.hooks.Hooks - Tags: [@database, @db-validation, @sequential, @db-insert]
2026-04-02 12:35:50.178 [main] INFO  com.orangehrm.hooks.Hooks - Environment: dev
2026-04-02 12:35:50.179 [main] INFO  com.orangehrm.hooks.Hooks - ===================================================
2026-04-02 12:35:50.179 [main] DEBUG com.orangehrm.config.ConfigManager - Config [db.url] resolved from base config
2026-04-02 12:35:50.179 [main] INFO  com.orangehrm.hooks.Hooks - Database-only scenario — skipping WebDriver init (no browser needed)
2026-04-02 12:35:50.180 [main] INFO  c.o.steps.DatabaseValidationSteps - Step: Verifying database connection for environment 'dev'
2026-04-02 12:35:50.180 [main] DEBUG com.orangehrm.config.ConfigManager - Config [db.url] resolved from base config
2026-04-02 12:35:50.180 [main] DEBUG com.orangehrm.db.DatabaseUtil - DatabaseUtil.getConnection — environment: dev
2026-04-02 12:35:50.181 [main] DEBUG com.orangehrm.config.ConfigManager - Config [db.url] resolved from base config
2026-04-02 12:35:50.181 [main] DEBUG com.orangehrm.config.ConfigManager - Config [db.url] resolved from base config
2026-04-02 12:35:50.181 [main] DEBUG com.orangehrm.config.ConfigManager - Config [db.username] resolved from base config
2026-04-02 12:35:50.181 [main] DEBUG com.orangehrm.config.ConfigManager - Config [db.password] resolved from base config
2026-04-02 12:35:50.181 [main] DEBUG com.orangehrm.config.ConfigManager - Config [db.driver] resolved from base config
2026-04-02 12:35:50.185 [main] DEBUG com.orangehrm.db.DatabaseUtil - JDBC driver loaded: com.mysql.cj.jdbc.Driver
2026-04-02 12:35:50.342 [main] INFO  com.orangehrm.db.DatabaseUtil - Database connection established — URL: jdbc:mysql://localhost:3306/orangehrm?useSSL=false&allowPublicKeyRetrieval=true&serverTimezone=UTC
2026-04-02 12:35:50.345 [main] DEBUG com.orangehrm.db.DatabaseUtil - Database connection closed
2026-04-02 12:35:50.345 [main] INFO  c.o.steps.DatabaseValidationSteps - Database connection verified successfully
  Given the database connection is configured for the current environment                           # com.orangehrm.steps.DatabaseValidationSteps.theDatabaseConnectionIsConfiguredForTheCurrentEnvironment()
2026-04-02 12:35:50.347 [main] INFO  c.o.steps.DatabaseValidationSteps - Step: Verifying table 'ohrm_nationality' exists
2026-04-02 12:35:50.347 [main] INFO  com.orangehrm.db.DatabaseUtil - DatabaseUtil.executeQuery — SQL: SELECT TABLE_NAME FROM INFORMATION_SCHEMA.TABLES WHERE TABLE_NAME = ? AND TABLE_SCHEMA = DATABASE()
2026-04-02 12:35:50.347 [main] DEBUG com.orangehrm.db.DatabaseUtil - DatabaseUtil.getConnection — environment: dev
2026-04-02 12:35:50.347 [main] DEBUG com.orangehrm.config.ConfigManager - Config [db.url] resolved from base config
2026-04-02 12:35:50.347 [main] DEBUG com.orangehrm.config.ConfigManager - Config [db.url] resolved from base config
2026-04-02 12:35:50.347 [main] DEBUG com.orangehrm.config.ConfigManager - Config [db.username] resolved from base config
2026-04-02 12:35:50.348 [main] DEBUG com.orangehrm.config.ConfigManager - Config [db.password] resolved from base config
2026-04-02 12:35:50.348 [main] DEBUG com.orangehrm.config.ConfigManager - Config [db.driver] resolved from base config
2026-04-02 12:35:50.348 [main] DEBUG com.orangehrm.db.DatabaseUtil - JDBC driver loaded: com.mysql.cj.jdbc.Driver
2026-04-02 12:35:50.350 [main] INFO  com.orangehrm.db.DatabaseUtil - Database connection established — URL: jdbc:mysql://localhost:3306/orangehrm?useSSL=false&allowPublicKeyRetrieval=true&serverTimezone=UTC
2026-04-02 12:35:50.371 [main] INFO  com.orangehrm.db.DatabaseUtil - Query returned 1 row(s)
2026-04-02 12:35:50.371 [main] DEBUG com.orangehrm.db.DatabaseUtil - Database connection closed
2026-04-02 12:35:50.371 [main] INFO  com.orangehrm.db.DatabaseUtil - recordExists — result: true
2026-04-02 12:35:50.373 [main] INFO  c.o.steps.DatabaseValidationSteps - Table 'ohrm_nationality' exists — confirmed
  Given the table "ohrm_nationality" exists in the database                                         # com.orangehrm.steps.DatabaseValidationSteps.theTableExistsInTheDatabase(java.lang.String)
2026-04-02 12:35:50.374 [main] INFO  c.o.steps.DatabaseValidationSteps - Step: Ensuring no record in 'ohrm_nationality' where name = 'TestNationality_Auto'
2026-04-02 12:35:50.374 [main] INFO  com.orangehrm.db.DatabaseUtil - DatabaseUtil.executeQuery — SQL: SELECT * FROM ohrm_nationality WHERE name = ?
2026-04-02 12:35:50.374 [main] DEBUG com.orangehrm.db.DatabaseUtil - DatabaseUtil.getConnection — environment: dev
2026-04-02 12:35:50.375 [main] DEBUG com.orangehrm.config.ConfigManager - Config [db.url] resolved from base config
2026-04-02 12:35:50.375 [main] DEBUG com.orangehrm.config.ConfigManager - Config [db.url] resolved from base config
2026-04-02 12:35:50.375 [main] DEBUG com.orangehrm.config.ConfigManager - Config [db.username] resolved from base config
2026-04-02 12:35:50.375 [main] DEBUG com.orangehrm.config.ConfigManager - Config [db.password] resolved from base config
2026-04-02 12:35:50.375 [main] DEBUG com.orangehrm.config.ConfigManager - Config [db.driver] resolved from base config
2026-04-02 12:35:50.375 [main] DEBUG com.orangehrm.db.DatabaseUtil - JDBC driver loaded: com.mysql.cj.jdbc.Driver
2026-04-02 12:35:50.378 [main] INFO  com.orangehrm.db.DatabaseUtil - Database connection established — URL: jdbc:mysql://localhost:3306/orangehrm?useSSL=false&allowPublicKeyRetrieval=true&serverTimezone=UTC
2026-04-02 12:35:50.387 [main] INFO  com.orangehrm.db.DatabaseUtil - Query returned 0 row(s)
2026-04-02 12:35:50.387 [main] DEBUG com.orangehrm.db.DatabaseUtil - Database connection closed
2026-04-02 12:35:50.387 [main] INFO  com.orangehrm.db.DatabaseUtil - recordExists — result: false
2026-04-02 12:35:50.387 [main] INFO  c.o.steps.DatabaseValidationSteps - Clean state ensured — no record in 'ohrm_nationality' where name = 'TestNationality_Auto'
  And no record exists in "ohrm_nationality" where "name" = "TestNationality_Auto"                  # com.orangehrm.steps.DatabaseValidationSteps.noRecordExistsInTableWhereColumnEqualsValue(java.lang.String,java.lang.String,java.lang.String)
2026-04-02 12:35:50.388 [main] INFO  c.o.steps.DatabaseValidationSteps - Step: Inserting record into 'ohrm_nationality' with values: id=999, name=TestNationality_Auto
2026-04-02 12:35:50.389 [main] INFO  com.orangehrm.db.DatabaseUtil - insertRow — table: ohrm_nationality, columns: name, id
2026-04-02 12:35:50.389 [main] INFO  com.orangehrm.db.DatabaseUtil - DatabaseUtil.executeUpdate — SQL: INSERT INTO ohrm_nationality (name, id) VALUES (?, ?)
2026-04-02 12:35:50.389 [main] DEBUG com.orangehrm.db.DatabaseUtil - DatabaseUtil.getConnection — environment: dev
2026-04-02 12:35:50.389 [main] DEBUG com.orangehrm.config.ConfigManager - Config [db.url] resolved from base config
2026-04-02 12:35:50.389 [main] DEBUG com.orangehrm.config.ConfigManager - Config [db.url] resolved from base config
2026-04-02 12:35:50.389 [main] DEBUG com.orangehrm.config.ConfigManager - Config [db.username] resolved from base config
2026-04-02 12:35:50.389 [main] DEBUG com.orangehrm.config.ConfigManager - Config [db.password] resolved from base config
2026-04-02 12:35:50.389 [main] DEBUG com.orangehrm.config.ConfigManager - Config [db.driver] resolved from base config
2026-04-02 12:35:50.389 [main] DEBUG com.orangehrm.db.DatabaseUtil - JDBC driver loaded: com.mysql.cj.jdbc.Driver
2026-04-02 12:35:50.392 [main] INFO  com.orangehrm.db.DatabaseUtil - Database connection established — URL: jdbc:mysql://localhost:3306/orangehrm?useSSL=false&allowPublicKeyRetrieval=true&serverTimezone=UTC
2026-04-02 12:35:50.398 [main] INFO  com.orangehrm.db.DatabaseUtil - Update affected 1 row(s)
2026-04-02 12:35:50.398 [main] DEBUG com.orangehrm.db.DatabaseUtil - Database connection closed
2026-04-02 12:35:50.398 [main] INFO  c.o.steps.DatabaseValidationSteps - Insert completed — 1 row(s) affected
  When I insert a record into "ohrm_nationality" with values "id=999, name=TestNationality_Auto"    # com.orangehrm.steps.DatabaseValidationSteps.iInsertARecordIntoTableWithValues(java.lang.String,java.lang.String)
  Then the operation should affect 1 row(s)
  And a record should exist in "ohrm_nationality" where "name" = "TestNationality_Auto"             # com.orangehrm.steps.DatabaseValidationSteps.aRecordShouldExistInTableWhereColumnEquals(java.lang.String,java.lang.String,java.lang.String)
  And the value of "name" in "ohrm_nationality" where "id" = "999" should be "TestNationality_Auto" # com.orangehrm.steps.DatabaseValidationSteps.theValueOfColumnInTableShouldBe(java.lang.String,java.lang.String,java.lang.String,java.lang.String,java.lang.String)
  And I clean up the record in "ohrm_nationality" where "id" = "999"                                # com.orangehrm.steps.DatabaseValidationSteps.iCleanUpTheRecordInTableWhereColumnEquals(java.lang.String,java.lang.String,java.lang.String)
2026-04-02 12:35:50.402 [main] INFO  com.orangehrm.hooks.Hooks - SCENARIO PASSED/SKIPPED: Validate data insertion into a table [thread=main]
2026-04-02 12:35:50.402 [main] INFO  com.orangehrm.hooks.Hooks - ===================================================
2026-04-02 12:35:50.402 [main] INFO  com.orangehrm.hooks.Hooks - FINISHED SCENARIO: Validate data insertion into a table [PASSED/SKIPPED] [thread=main]
2026-04-02 12:35:50.402 [main] INFO  com.orangehrm.hooks.Hooks - ===================================================
]]></system-out>
  </testcase>
  <testcase name="Validate inserted record count" classname="Database Validation" time="0.069">
    <system-out><![CDATA[
@database @db-validation @sequential @db-insert
Scenario: Validate inserted record count                                                      # src/test/resources/features/database-validation.feature:28
2026-04-02 12:35:50.420 [main] INFO  com.orangehrm.hooks.Hooks - ===================================================
2026-04-02 12:35:50.421 [main] INFO  com.orangehrm.hooks.Hooks - STARTING SCENARIO: Validate inserted record count [thread=main]
2026-04-02 12:35:50.421 [main] INFO  com.orangehrm.hooks.Hooks - Tags: [@database, @db-validation, @sequential, @db-insert]
2026-04-02 12:35:50.421 [main] INFO  com.orangehrm.hooks.Hooks - Environment: dev
2026-04-02 12:35:50.421 [main] INFO  com.orangehrm.hooks.Hooks - ===================================================
2026-04-02 12:35:50.421 [main] DEBUG com.orangehrm.config.ConfigManager - Config [db.url] resolved from base config
2026-04-02 12:35:50.421 [main] INFO  com.orangehrm.hooks.Hooks - Database-only scenario — skipping WebDriver init (no browser needed)
2026-04-02 12:35:50.422 [main] INFO  c.o.steps.DatabaseValidationSteps - Step: Verifying database connection for environment 'dev'
2026-04-02 12:35:50.422 [main] DEBUG com.orangehrm.config.ConfigManager - Config [db.url] resolved from base config
2026-04-02 12:35:50.423 [main] DEBUG com.orangehrm.db.DatabaseUtil - DatabaseUtil.getConnection — environment: dev
2026-04-02 12:35:50.423 [main] DEBUG com.orangehrm.config.ConfigManager - Config [db.url] resolved from base config
2026-04-02 12:35:50.423 [main] DEBUG com.orangehrm.config.ConfigManager - Config [db.url] resolved from base config
2026-04-02 12:35:50.423 [main] DEBUG com.orangehrm.config.ConfigManager - Config [db.username] resolved from base config
2026-04-02 12:35:50.423 [main] DEBUG com.orangehrm.config.ConfigManager - Config [db.password] resolved from base config
2026-04-02 12:35:50.423 [main] DEBUG com.orangehrm.config.ConfigManager - Config [db.driver] resolved from base config
2026-04-02 12:35:50.423 [main] DEBUG com.orangehrm.db.DatabaseUtil - JDBC driver loaded: com.mysql.cj.jdbc.Driver
2026-04-02 12:35:50.427 [main] INFO  com.orangehrm.db.DatabaseUtil - Database connection established — URL: jdbc:mysql://localhost:3306/orangehrm?useSSL=false&allowPublicKeyRetrieval=true&serverTimezone=UTC
2026-04-02 12:35:50.427 [main] DEBUG com.orangehrm.db.DatabaseUtil - Database connection closed
2026-04-02 12:35:50.428 [main] INFO  c.o.steps.DatabaseValidationSteps - Database connection verified successfully
  Given the database connection is configured for the current environment                     # com.orangehrm.steps.DatabaseValidationSteps.theDatabaseConnectionIsConfiguredForTheCurrentEnvironment()
2026-04-02 12:35:50.430 [main] INFO  c.o.steps.DatabaseValidationSteps - Step: Verifying table 'ohrm_nationality' exists
2026-04-02 12:35:50.430 [main] INFO  com.orangehrm.db.DatabaseUtil - DatabaseUtil.executeQuery — SQL: SELECT TABLE_NAME FROM INFORMATION_SCHEMA.TABLES WHERE TABLE_NAME = ? AND TABLE_SCHEMA = DATABASE()
2026-04-02 12:35:50.430 [main] DEBUG com.orangehrm.db.DatabaseUtil - DatabaseUtil.getConnection — environment: dev
2026-04-02 12:35:50.430 [main] DEBUG com.orangehrm.config.ConfigManager - Config [db.url] resolved from base config
2026-04-02 12:35:50.430 [main] DEBUG com.orangehrm.config.ConfigManager - Config [db.url] resolved from base config
2026-04-02 12:35:50.431 [main] DEBUG com.orangehrm.config.ConfigManager - Config [db.username] resolved from base config
2026-04-02 12:35:50.431 [main] DEBUG com.orangehrm.config.ConfigManager - Config [db.password] resolved from base config
2026-04-02 12:35:50.431 [main] DEBUG com.orangehrm.config.ConfigManager - Config [db.driver] resolved from base config
2026-04-02 12:35:50.431 [main] DEBUG com.orangehrm.db.DatabaseUtil - JDBC driver loaded: com.mysql.cj.jdbc.Driver
2026-04-02 12:35:50.434 [main] INFO  com.orangehrm.db.DatabaseUtil - Database connection established — URL: jdbc:mysql://localhost:3306/orangehrm?useSSL=false&allowPublicKeyRetrieval=true&serverTimezone=UTC
2026-04-02 12:35:50.436 [main] INFO  com.orangehrm.db.DatabaseUtil - Query returned 1 row(s)
2026-04-02 12:35:50.436 [main] DEBUG com.orangehrm.db.DatabaseUtil - Database connection closed
2026-04-02 12:35:50.436 [main] INFO  com.orangehrm.db.DatabaseUtil - recordExists — result: true
2026-04-02 12:35:50.437 [main] INFO  c.o.steps.DatabaseValidationSteps - Table 'ohrm_nationality' exists — confirmed
  Given the table "ohrm_nationality" exists in the database                                   # com.orangehrm.steps.DatabaseValidationSteps.theTableExistsInTheDatabase(java.lang.String)
2026-04-02 12:35:50.437 [main] INFO  c.o.steps.DatabaseValidationSteps - Step: Ensuring no record in 'ohrm_nationality' where name = 'TestCount_Auto'
2026-04-02 12:35:50.437 [main] INFO  com.orangehrm.db.DatabaseUtil - DatabaseUtil.executeQuery — SQL: SELECT * FROM ohrm_nationality WHERE name = ?
2026-04-02 12:35:50.437 [main] DEBUG com.orangehrm.db.DatabaseUtil - DatabaseUtil.getConnection — environment: dev
2026-04-02 12:35:50.437 [main] DEBUG com.orangehrm.config.ConfigManager - Config [db.url] resolved from base config
2026-04-02 12:35:50.438 [main] DEBUG com.orangehrm.config.ConfigManager - Config [db.url] resolved from base config
2026-04-02 12:35:50.438 [main] DEBUG com.orangehrm.config.ConfigManager - Config [db.username] resolved from base config
2026-04-02 12:35:50.438 [main] DEBUG com.orangehrm.config.ConfigManager - Config [db.password] resolved from base config
2026-04-02 12:35:50.438 [main] DEBUG com.orangehrm.config.ConfigManager - Config [db.driver] resolved from base config
2026-04-02 12:35:50.438 [main] DEBUG com.orangehrm.db.DatabaseUtil - JDBC driver loaded: com.mysql.cj.jdbc.Driver
2026-04-02 12:35:50.440 [main] INFO  com.orangehrm.db.DatabaseUtil - Database connection established — URL: jdbc:mysql://localhost:3306/orangehrm?useSSL=false&allowPublicKeyRetrieval=true&serverTimezone=UTC
2026-04-02 12:35:50.441 [main] INFO  com.orangehrm.db.DatabaseUtil - Query returned 0 row(s)
2026-04-02 12:35:50.442 [main] DEBUG com.orangehrm.db.DatabaseUtil - Database connection closed
2026-04-02 12:35:50.442 [main] INFO  com.orangehrm.db.DatabaseUtil - recordExists — result: false
2026-04-02 12:35:50.442 [main] INFO  c.o.steps.DatabaseValidationSteps - Clean state ensured — no record in 'ohrm_nationality' where name = 'TestCount_Auto'
  And no record exists in "ohrm_nationality" where "name" = "TestCount_Auto"                  # com.orangehrm.steps.DatabaseValidationSteps.noRecordExistsInTableWhereColumnEqualsValue(java.lang.String,java.lang.String,java.lang.String)
2026-04-02 12:35:50.443 [main] INFO  c.o.steps.DatabaseValidationSteps - Step: Inserting record into 'ohrm_nationality' with values: id=998, name=TestCount_Auto
2026-04-02 12:35:50.443 [main] INFO  com.orangehrm.db.DatabaseUtil - insertRow — table: ohrm_nationality, columns: name, id
2026-04-02 12:35:50.443 [main] INFO  com.orangehrm.db.DatabaseUtil - DatabaseUtil.executeUpdate — SQL: INSERT INTO ohrm_nationality (name, id) VALUES (?, ?)
2026-04-02 12:35:50.443 [main] DEBUG com.orangehrm.db.DatabaseUtil - DatabaseUtil.getConnection — environment: dev
2026-04-02 12:35:50.443 [main] DEBUG com.orangehrm.config.ConfigManager - Config [db.url] resolved from base config
2026-04-02 12:35:50.444 [main] DEBUG com.orangehrm.config.ConfigManager - Config [db.url] resolved from base config
2026-04-02 12:35:50.444 [main] DEBUG com.orangehrm.config.ConfigManager - Config [db.username] resolved from base config
2026-04-02 12:35:50.444 [main] DEBUG com.orangehrm.config.ConfigManager - Config [db.password] resolved from base config
2026-04-02 12:35:50.444 [main] DEBUG com.orangehrm.config.ConfigManager - Config [db.driver] resolved from base config
2026-04-02 12:35:50.444 [main] DEBUG com.orangehrm.db.DatabaseUtil - JDBC driver loaded: com.mysql.cj.jdbc.Driver
2026-04-02 12:35:50.447 [main] INFO  com.orangehrm.db.DatabaseUtil - Database connection established — URL: jdbc:mysql://localhost:3306/orangehrm?useSSL=false&allowPublicKeyRetrieval=true&serverTimezone=UTC
2026-04-02 12:35:50.453 [main] INFO  com.orangehrm.db.DatabaseUtil - Update affected 1 row(s)
2026-04-02 12:35:50.453 [main] DEBUG com.orangehrm.db.DatabaseUtil - Database connection closed
2026-04-02 12:35:50.453 [main] INFO  c.o.steps.DatabaseValidationSteps - Insert completed — 1 row(s) affected
  When I insert a record into "ohrm_nationality" with values "id=998, name=TestCount_Auto"    # com.orangehrm.steps.DatabaseValidationSteps.iInsertARecordIntoTableWithValues(java.lang.String,java.lang.String)
2026-04-02 12:35:50.454 [main] INFO  c.o.steps.DatabaseValidationSteps - Step: Asserting count in 'ohrm_nationality' where name = 'TestCount_Auto' is 1
2026-04-02 12:35:50.454 [main] INFO  com.orangehrm.db.DatabaseUtil - DatabaseUtil.executeQuery — SQL: SELECT COUNT(*) FROM ohrm_nationality WHERE name = ?
2026-04-02 12:35:50.454 [main] DEBUG com.orangehrm.db.DatabaseUtil - DatabaseUtil.getConnection — environment: dev
2026-04-02 12:35:50.455 [main] DEBUG com.orangehrm.config.ConfigManager - Config [db.url] resolved from base config
2026-04-02 12:35:50.455 [main] DEBUG com.orangehrm.config.ConfigManager - Config [db.url] resolved from base config
2026-04-02 12:35:50.455 [main] DEBUG com.orangehrm.config.ConfigManager - Config [db.username] resolved from base config
2026-04-02 12:35:50.455 [main] DEBUG com.orangehrm.config.ConfigManager - Config [db.password] resolved from base config
2026-04-02 12:35:50.455 [main] DEBUG com.orangehrm.config.ConfigManager - Config [db.driver] resolved from base config
2026-04-02 12:35:50.455 [main] DEBUG com.orangehrm.db.DatabaseUtil - JDBC driver loaded: com.mysql.cj.jdbc.Driver
2026-04-02 12:35:50.459 [main] INFO  com.orangehrm.db.DatabaseUtil - Database connection established — URL: jdbc:mysql://localhost:3306/orangehrm?useSSL=false&allowPublicKeyRetrieval=true&serverTimezone=UTC
2026-04-02 12:35:50.461 [main] INFO  com.orangehrm.db.DatabaseUtil - Query returned 1 row(s)
2026-04-02 12:35:50.461 [main] DEBUG com.orangehrm.db.DatabaseUtil - Database connection closed
2026-04-02 12:35:50.461 [main] INFO  com.orangehrm.db.DatabaseUtil - getRowCount — result: 1
2026-04-02 12:35:50.462 [main] INFO  c.o.steps.DatabaseValidationSteps - Count assertion passed — 1 record(s)
  Then the count of records in "ohrm_nationality" where "name" = "TestCount_Auto" should be 1 # com.orangehrm.steps.DatabaseValidationSteps.theCountOfRecordsShouldBe(java.lang.String,java.lang.String,java.lang.String,int)
2026-04-02 12:35:50.463 [main] INFO  c.o.steps.DatabaseValidationSteps - Step: Cleaning up record in 'ohrm_nationality' where id = '998'
2026-04-02 12:35:50.463 [main] INFO  com.orangehrm.db.DatabaseUtil - deleteRows — table: ohrm_nationality, WHERE: id = ?
2026-04-02 12:35:50.463 [main] INFO  com.orangehrm.db.DatabaseUtil - DatabaseUtil.executeUpdate — SQL: DELETE FROM ohrm_nationality WHERE id = ?
2026-04-02 12:35:50.463 [main] DEBUG com.orangehrm.db.DatabaseUtil - DatabaseUtil.getConnection — environment: dev
2026-04-02 12:35:50.463 [main] DEBUG com.orangehrm.config.ConfigManager - Config [db.url] resolved from base config
2026-04-02 12:35:50.463 [main] DEBUG com.orangehrm.config.ConfigManager - Config [db.url] resolved from base config
2026-04-02 12:35:50.463 [main] DEBUG com.orangehrm.config.ConfigManager - Config [db.username] resolved from base config
2026-04-02 12:35:50.464 [main] DEBUG com.orangehrm.config.ConfigManager - Config [db.password] resolved from base config
2026-04-02 12:35:50.464 [main] DEBUG com.orangehrm.config.ConfigManager - Config [db.driver] resolved from base config
2026-04-02 12:35:50.464 [main] DEBUG com.orangehrm.db.DatabaseUtil - JDBC driver loaded: com.mysql.cj.jdbc.Driver
2026-04-02 12:35:50.467 [main] INFO  com.orangehrm.db.DatabaseUtil - Database connection established — URL: jdbc:mysql://localhost:3306/orangehrm?useSSL=false&allowPublicKeyRetrieval=true&serverTimezone=UTC
2026-04-02 12:35:50.471 [main] INFO  com.orangehrm.db.DatabaseUtil - Update affected 1 row(s)
2026-04-02 12:35:50.472 [main] DEBUG com.orangehrm.db.DatabaseUtil - Database connection closed
2026-04-02 12:35:50.472 [main] INFO  c.o.steps.DatabaseValidationSteps - Cleanup completed — 1 row(s) deleted
  And I clean up the record in "ohrm_nationality" where "id" = "998"                          # com.orangehrm.steps.DatabaseValidationSteps.iCleanUpTheRecordInTableWhereColumnEquals(java.lang.String,java.lang.String,java.lang.String)
2026-04-02 12:35:50.472 [main] INFO  com.orangehrm.hooks.Hooks - SCENARIO PASSED/SKIPPED: Validate inserted record count [thread=main]
2026-04-02 12:35:50.472 [main] INFO  com.orangehrm.hooks.Hooks - ===================================================
2026-04-02 12:35:50.473 [main] INFO  com.orangehrm.hooks.Hooks - FINISHED SCENARIO: Validate inserted record count [PASSED/SKIPPED] [thread=main]
2026-04-02 12:35:50.473 [main] INFO  com.orangehrm.hooks.Hooks - ===================================================
]]></system-out>
  </testcase>
  <testcase name="Validate insertion with query verification" classname="Database Validation" time="0.045">
    <error message="The step &apos;the query result should contain 1 row(s)&apos; is undefined.&#10;You can implement this step using the snippet(s) below:&#10;&#10;@Then(&quot;the query result should contain {int} row\\(s)&quot;)&#10;public void the_query_result_should_contain_row_s(Integer int1) {&#10;    // Write code here that turns the phrase above into concrete actions&#10;    throw new io.cucumber.java.PendingException();&#10;}&#10;" type="io.cucumber.junit.UndefinedStepException"><![CDATA[io.cucumber.junit.UndefinedStepException: 
The step 'the query result should contain 1 row(s)' is undefined.
You can implement this step using the snippet(s) below:

@Then("the query result should contain {int} row\\(s)")
public void the_query_result_should_contain_row_s(Integer int1) {
    // Write code here that turns the phrase above into concrete actions
    throw new io.cucumber.java.PendingException();
}

]]></error>
    <system-out><![CDATA[
@database @db-validation @sequential @db-insert
Scenario: Validate insertion with query verification                                                      # src/test/resources/features/database-validation.feature:37
2026-04-02 12:35:50.486 [main] INFO  com.orangehrm.hooks.Hooks - ===================================================
2026-04-02 12:35:50.486 [main] INFO  com.orangehrm.hooks.Hooks - STARTING SCENARIO: Validate insertion with query verification [thread=main]
2026-04-02 12:35:50.487 [main] INFO  com.orangehrm.hooks.Hooks - Tags: [@database, @db-validation, @sequential, @db-insert]
2026-04-02 12:35:50.487 [main] INFO  com.orangehrm.hooks.Hooks - Environment: dev
2026-04-02 12:35:50.487 [main] INFO  com.orangehrm.hooks.Hooks - ===================================================
2026-04-02 12:35:50.487 [main] DEBUG com.orangehrm.config.ConfigManager - Config [db.url] resolved from base config
2026-04-02 12:35:50.487 [main] INFO  com.orangehrm.hooks.Hooks - Database-only scenario — skipping WebDriver init (no browser needed)
2026-04-02 12:35:50.487 [main] INFO  c.o.steps.DatabaseValidationSteps - Step: Verifying database connection for environment 'dev'
2026-04-02 12:35:50.487 [main] DEBUG com.orangehrm.config.ConfigManager - Config [db.url] resolved from base config
2026-04-02 12:35:50.487 [main] DEBUG com.orangehrm.db.DatabaseUtil - DatabaseUtil.getConnection — environment: dev
2026-04-02 12:35:50.487 [main] DEBUG com.orangehrm.config.ConfigManager - Config [db.url] resolved from base config
2026-04-02 12:35:50.487 [main] DEBUG com.orangehrm.config.ConfigManager - Config [db.url] resolved from base config
2026-04-02 12:35:50.487 [main] DEBUG com.orangehrm.config.ConfigManager - Config [db.username] resolved from base config
2026-04-02 12:35:50.487 [main] DEBUG com.orangehrm.config.ConfigManager - Config [db.password] resolved from base config
2026-04-02 12:35:50.487 [main] DEBUG com.orangehrm.config.ConfigManager - Config [db.driver] resolved from base config
2026-04-02 12:35:50.488 [main] DEBUG com.orangehrm.db.DatabaseUtil - JDBC driver loaded: com.mysql.cj.jdbc.Driver
2026-04-02 12:35:50.490 [main] INFO  com.orangehrm.db.DatabaseUtil - Database connection established — URL: jdbc:mysql://localhost:3306/orangehrm?useSSL=false&allowPublicKeyRetrieval=true&serverTimezone=UTC
2026-04-02 12:35:50.491 [main] DEBUG com.orangehrm.db.DatabaseUtil - Database connection closed
2026-04-02 12:35:50.491 [main] INFO  c.o.steps.DatabaseValidationSteps - Database connection verified successfully
  Given the database connection is configured for the current environment                                 # com.orangehrm.steps.DatabaseValidationSteps.theDatabaseConnectionIsConfiguredForTheCurrentEnvironment()
2026-04-02 12:35:50.491 [main] INFO  c.o.steps.DatabaseValidationSteps - Step: Verifying table 'ohrm_nationality' exists
2026-04-02 12:35:50.491 [main] INFO  com.orangehrm.db.DatabaseUtil - DatabaseUtil.executeQuery — SQL: SELECT TABLE_NAME FROM INFORMATION_SCHEMA.TABLES WHERE TABLE_NAME = ? AND TABLE_SCHEMA = DATABASE()
2026-04-02 12:35:50.492 [main] DEBUG com.orangehrm.db.DatabaseUtil - DatabaseUtil.getConnection — environment: dev
2026-04-02 12:35:50.492 [main] DEBUG com.orangehrm.config.ConfigManager - Config [db.url] resolved from base config
2026-04-02 12:35:50.492 [main] DEBUG com.orangehrm.config.ConfigManager - Config [db.url] resolved from base config
2026-04-02 12:35:50.492 [main] DEBUG com.orangehrm.config.ConfigManager - Config [db.username] resolved from base config
2026-04-02 12:35:50.492 [main] DEBUG com.orangehrm.config.ConfigManager - Config [db.password] resolved from base config
2026-04-02 12:35:50.492 [main] DEBUG com.orangehrm.config.ConfigManager - Config [db.driver] resolved from base config
2026-04-02 12:35:50.492 [main] DEBUG com.orangehrm.db.DatabaseUtil - JDBC driver loaded: com.mysql.cj.jdbc.Driver
2026-04-02 12:35:50.494 [main] INFO  com.orangehrm.db.DatabaseUtil - Database connection established — URL: jdbc:mysql://localhost:3306/orangehrm?useSSL=false&allowPublicKeyRetrieval=true&serverTimezone=UTC
2026-04-02 12:35:50.496 [main] INFO  com.orangehrm.db.DatabaseUtil - Query returned 1 row(s)
2026-04-02 12:35:50.496 [main] DEBUG com.orangehrm.db.DatabaseUtil - Database connection closed
2026-04-02 12:35:50.496 [main] INFO  com.orangehrm.db.DatabaseUtil - recordExists — result: true
2026-04-02 12:35:50.496 [main] INFO  c.o.steps.DatabaseValidationSteps - Table 'ohrm_nationality' exists — confirmed
  Given the table "ohrm_nationality" exists in the database                                               # com.orangehrm.steps.DatabaseValidationSteps.theTableExistsInTheDatabase(java.lang.String)
2026-04-02 12:35:50.497 [main] INFO  c.o.steps.DatabaseValidationSteps - Step: Ensuring no record in 'ohrm_nationality' where name = 'TestQuery_Auto'
2026-04-02 12:35:50.497 [main] INFO  com.orangehrm.db.DatabaseUtil - DatabaseUtil.executeQuery — SQL: SELECT * FROM ohrm_nationality WHERE name = ?
2026-04-02 12:35:50.497 [main] DEBUG com.orangehrm.db.DatabaseUtil - DatabaseUtil.getConnection — environment: dev
2026-04-02 12:35:50.497 [main] DEBUG com.orangehrm.config.ConfigManager - Config [db.url] resolved from base config
2026-04-02 12:35:50.497 [main] DEBUG com.orangehrm.config.ConfigManager - Config [db.url] resolved from base config
2026-04-02 12:35:50.497 [main] DEBUG com.orangehrm.config.ConfigManager - Config [db.username] resolved from base config
2026-04-02 12:35:50.497 [main] DEBUG com.orangehrm.config.ConfigManager - Config [db.password] resolved from base config
2026-04-02 12:35:50.497 [main] DEBUG com.orangehrm.config.ConfigManager - Config [db.driver] resolved from base config
2026-04-02 12:35:50.497 [main] DEBUG com.orangehrm.db.DatabaseUtil - JDBC driver loaded: com.mysql.cj.jdbc.Driver
2026-04-02 12:35:50.499 [main] INFO  com.orangehrm.db.DatabaseUtil - Database connection established — URL: jdbc:mysql://localhost:3306/orangehrm?useSSL=false&allowPublicKeyRetrieval=true&serverTimezone=UTC
2026-04-02 12:35:50.500 [main] INFO  com.orangehrm.db.DatabaseUtil - Query returned 0 row(s)
2026-04-02 12:35:50.501 [main] DEBUG com.orangehrm.db.DatabaseUtil - Database connection closed
2026-04-02 12:35:50.501 [main] INFO  com.orangehrm.db.DatabaseUtil - recordExists — result: false
2026-04-02 12:35:50.501 [main] INFO  c.o.steps.DatabaseValidationSteps - Clean state ensured — no record in 'ohrm_nationality' where name = 'TestQuery_Auto'
  And no record exists in "ohrm_nationality" where "name" = "TestQuery_Auto"                              # com.orangehrm.steps.DatabaseValidationSteps.noRecordExistsInTableWhereColumnEqualsValue(java.lang.String,java.lang.String,java.lang.String)
2026-04-02 12:35:50.501 [main] INFO  c.o.steps.DatabaseValidationSteps - Step: Inserting record into 'ohrm_nationality' with values: id=997, name=TestQuery_Auto
2026-04-02 12:35:50.501 [main] INFO  com.orangehrm.db.DatabaseUtil - insertRow — table: ohrm_nationality, columns: name, id
2026-04-02 12:35:50.502 [main] INFO  com.orangehrm.db.DatabaseUtil - DatabaseUtil.executeUpdate — SQL: INSERT INTO ohrm_nationality (name, id) VALUES (?, ?)
2026-04-02 12:35:50.502 [main] DEBUG com.orangehrm.db.DatabaseUtil - DatabaseUtil.getConnection — environment: dev
2026-04-02 12:35:50.502 [main] DEBUG com.orangehrm.config.ConfigManager - Config [db.url] resolved from base config
2026-04-02 12:35:50.502 [main] DEBUG com.orangehrm.config.ConfigManager - Config [db.url] resolved from base config
2026-04-02 12:35:50.502 [main] DEBUG com.orangehrm.config.ConfigManager - Config [db.username] resolved from base config
2026-04-02 12:35:50.502 [main] DEBUG com.orangehrm.config.ConfigManager - Config [db.password] resolved from base config
2026-04-02 12:35:50.502 [main] DEBUG com.orangehrm.config.ConfigManager - Config [db.driver] resolved from base config
2026-04-02 12:35:50.502 [main] DEBUG com.orangehrm.db.DatabaseUtil - JDBC driver loaded: com.mysql.cj.jdbc.Driver
2026-04-02 12:35:50.504 [main] INFO  com.orangehrm.db.DatabaseUtil - Database connection established — URL: jdbc:mysql://localhost:3306/orangehrm?useSSL=false&allowPublicKeyRetrieval=true&serverTimezone=UTC
2026-04-02 12:35:50.509 [main] INFO  com.orangehrm.db.DatabaseUtil - Update affected 1 row(s)
2026-04-02 12:35:50.509 [main] DEBUG com.orangehrm.db.DatabaseUtil - Database connection closed
2026-04-02 12:35:50.509 [main] INFO  c.o.steps.DatabaseValidationSteps - Insert completed — 1 row(s) affected
  When I insert a record into "ohrm_nationality" with values "id=997, name=TestQuery_Auto"                # com.orangehrm.steps.DatabaseValidationSteps.iInsertARecordIntoTableWithValues(java.lang.String,java.lang.String)
2026-04-02 12:35:50.510 [main] INFO  c.o.steps.DatabaseValidationSteps - Step: Executing query: SELECT * FROM ohrm_nationality WHERE name = ? with param: TestQuery_Auto
2026-04-02 12:35:50.510 [main] INFO  com.orangehrm.db.DatabaseUtil - DatabaseUtil.executeQuery — SQL: SELECT * FROM ohrm_nationality WHERE name = ?
2026-04-02 12:35:50.510 [main] DEBUG com.orangehrm.db.DatabaseUtil - DatabaseUtil.getConnection — environment: dev
2026-04-02 12:35:50.510 [main] DEBUG com.orangehrm.config.ConfigManager - Config [db.url] resolved from base config
2026-04-02 12:35:50.510 [main] DEBUG com.orangehrm.config.ConfigManager - Config [db.url] resolved from base config
2026-04-02 12:35:50.510 [main] DEBUG com.orangehrm.config.ConfigManager - Config [db.username] resolved from base config
2026-04-02 12:35:50.510 [main] DEBUG com.orangehrm.config.ConfigManager - Config [db.password] resolved from base config
2026-04-02 12:35:50.510 [main] DEBUG com.orangehrm.config.ConfigManager - Config [db.driver] resolved from base config
2026-04-02 12:35:50.510 [main] DEBUG com.orangehrm.db.DatabaseUtil - JDBC driver loaded: com.mysql.cj.jdbc.Driver
2026-04-02 12:35:50.512 [main] INFO  com.orangehrm.db.DatabaseUtil - Database connection established — URL: jdbc:mysql://localhost:3306/orangehrm?useSSL=false&allowPublicKeyRetrieval=true&serverTimezone=UTC
2026-04-02 12:35:50.513 [main] INFO  com.orangehrm.db.DatabaseUtil - Query returned 1 row(s)
2026-04-02 12:35:50.513 [main] DEBUG com.orangehrm.db.DatabaseUtil - Database connection closed
2026-04-02 12:35:50.513 [main] INFO  c.o.steps.DatabaseValidationSteps - Query returned 1 row(s)
  And I execute the query "SELECT * FROM ohrm_nationality WHERE name = ?" with parameter "TestQuery_Auto" # com.orangehrm.steps.DatabaseValidationSteps.iExecuteTheQueryWithParameter(java.lang.String,java.lang.String)
2026-04-02 12:35:50.514 [main] INFO  c.o.steps.DatabaseValidationSteps - Step: Asserting query result is not empty
2026-04-02 12:35:50.514 [main] INFO  c.o.steps.DatabaseValidationSteps - Query result is not empty — 1 row(s)
  Then the query result should not be empty                                                               # com.orangehrm.steps.DatabaseValidationSteps.theQueryResultShouldNotBeEmpty()
  And the query result should contain 1 row(s)
  And I clean up the record in "ohrm_nationality" where "id" = "997"                                      # com.orangehrm.steps.DatabaseValidationSteps.iCleanUpTheRecordInTableWhereColumnEquals(java.lang.String,java.lang.String,java.lang.String)
2026-04-02 12:35:50.515 [main] INFO  com.orangehrm.hooks.Hooks - SCENARIO PASSED/SKIPPED: Validate insertion with query verification [thread=main]
2026-04-02 12:35:50.516 [main] INFO  com.orangehrm.hooks.Hooks - ===================================================
2026-04-02 12:35:50.516 [main] INFO  com.orangehrm.hooks.Hooks - FINISHED SCENARIO: Validate insertion with query verification [PASSED/SKIPPED] [thread=main]
2026-04-02 12:35:50.516 [main] INFO  com.orangehrm.hooks.Hooks - ===================================================
]]></system-out>
  </testcase>
  <testcase name="Validate data update in a table" classname="Database Validation" time="0.069">
    <error message="The step &apos;the operation should affect 1 row(s)&apos; is undefined.&#10;You can implement this step using the snippet(s) below:&#10;&#10;@Then(&quot;the operation should affect {int} row\\(s)&quot;)&#10;public void the_operation_should_affect_row_s(Integer int1) {&#10;    // Write code here that turns the phrase above into concrete actions&#10;    throw new io.cucumber.java.PendingException();&#10;}&#10;" type="io.cucumber.junit.UndefinedStepException"><![CDATA[io.cucumber.junit.UndefinedStepException: 
The step 'the operation should affect 1 row(s)' is undefined.
You can implement this step using the snippet(s) below:

@Then("the operation should affect {int} row\\(s)")
public void the_operation_should_affect_row_s(Integer int1) {
    // Write code here that turns the phrase above into concrete actions
    throw new io.cucumber.java.PendingException();
}

]]></error>
    <system-out><![CDATA[
@database @db-validation @sequential @db-update
Scenario: Validate data update in a table                                                       # src/test/resources/features/database-validation.feature:50
2026-04-02 12:35:50.532 [main] INFO  com.orangehrm.hooks.Hooks - ===================================================
2026-04-02 12:35:50.532 [main] INFO  com.orangehrm.hooks.Hooks - STARTING SCENARIO: Validate data update in a table [thread=main]
2026-04-02 12:35:50.532 [main] INFO  com.orangehrm.hooks.Hooks - Tags: [@database, @db-validation, @sequential, @db-update]
2026-04-02 12:35:50.532 [main] INFO  com.orangehrm.hooks.Hooks - Environment: dev
2026-04-02 12:35:50.532 [main] INFO  com.orangehrm.hooks.Hooks - ===================================================
2026-04-02 12:35:50.532 [main] DEBUG com.orangehrm.config.ConfigManager - Config [db.url] resolved from base config
2026-04-02 12:35:50.532 [main] INFO  com.orangehrm.hooks.Hooks - Database-only scenario — skipping WebDriver init (no browser needed)
2026-04-02 12:35:50.532 [main] INFO  c.o.steps.DatabaseValidationSteps - Step: Verifying database connection for environment 'dev'
2026-04-02 12:35:50.533 [main] DEBUG com.orangehrm.config.ConfigManager - Config [db.url] resolved from base config
2026-04-02 12:35:50.533 [main] DEBUG com.orangehrm.db.DatabaseUtil - DatabaseUtil.getConnection — environment: dev
2026-04-02 12:35:50.533 [main] DEBUG com.orangehrm.config.ConfigManager - Config [db.url] resolved from base config
2026-04-02 12:35:50.533 [main] DEBUG com.orangehrm.config.ConfigManager - Config [db.url] resolved from base config
2026-04-02 12:35:50.533 [main] DEBUG com.orangehrm.config.ConfigManager - Config [db.username] resolved from base config
2026-04-02 12:35:50.533 [main] DEBUG com.orangehrm.config.ConfigManager - Config [db.password] resolved from base config
2026-04-02 12:35:50.533 [main] DEBUG com.orangehrm.config.ConfigManager - Config [db.driver] resolved from base config
2026-04-02 12:35:50.533 [main] DEBUG com.orangehrm.db.DatabaseUtil - JDBC driver loaded: com.mysql.cj.jdbc.Driver
2026-04-02 12:35:50.537 [main] INFO  com.orangehrm.db.DatabaseUtil - Database connection established — URL: jdbc:mysql://localhost:3306/orangehrm?useSSL=false&allowPublicKeyRetrieval=true&serverTimezone=UTC
2026-04-02 12:35:50.537 [main] DEBUG com.orangehrm.db.DatabaseUtil - Database connection closed
2026-04-02 12:35:50.537 [main] INFO  c.o.steps.DatabaseValidationSteps - Database connection verified successfully
  Given the database connection is configured for the current environment                       # com.orangehrm.steps.DatabaseValidationSteps.theDatabaseConnectionIsConfiguredForTheCurrentEnvironment()
2026-04-02 12:35:50.537 [main] INFO  c.o.steps.DatabaseValidationSteps - Step: Verifying table 'ohrm_nationality' exists
2026-04-02 12:35:50.537 [main] INFO  com.orangehrm.db.DatabaseUtil - DatabaseUtil.executeQuery — SQL: SELECT TABLE_NAME FROM INFORMATION_SCHEMA.TABLES WHERE TABLE_NAME = ? AND TABLE_SCHEMA = DATABASE()
2026-04-02 12:35:50.537 [main] DEBUG com.orangehrm.db.DatabaseUtil - DatabaseUtil.getConnection — environment: dev
2026-04-02 12:35:50.538 [main] DEBUG com.orangehrm.config.ConfigManager - Config [db.url] resolved from base config
2026-04-02 12:35:50.538 [main] DEBUG com.orangehrm.config.ConfigManager - Config [db.url] resolved from base config
2026-04-02 12:35:50.538 [main] DEBUG com.orangehrm.config.ConfigManager - Config [db.username] resolved from base config
2026-04-02 12:35:50.538 [main] DEBUG com.orangehrm.config.ConfigManager - Config [db.password] resolved from base config
2026-04-02 12:35:50.538 [main] DEBUG com.orangehrm.config.ConfigManager - Config [db.driver] resolved from base config
2026-04-02 12:35:50.538 [main] DEBUG com.orangehrm.db.DatabaseUtil - JDBC driver loaded: com.mysql.cj.jdbc.Driver
2026-04-02 12:35:50.540 [main] INFO  com.orangehrm.db.DatabaseUtil - Database connection established — URL: jdbc:mysql://localhost:3306/orangehrm?useSSL=false&allowPublicKeyRetrieval=true&serverTimezone=UTC
2026-04-02 12:35:50.543 [main] INFO  com.orangehrm.db.DatabaseUtil - Query returned 1 row(s)
2026-04-02 12:35:50.543 [main] DEBUG com.orangehrm.db.DatabaseUtil - Database connection closed
2026-04-02 12:35:50.543 [main] INFO  com.orangehrm.db.DatabaseUtil - recordExists — result: true
2026-04-02 12:35:50.543 [main] INFO  c.o.steps.DatabaseValidationSteps - Table 'ohrm_nationality' exists — confirmed
  Given the table "ohrm_nationality" exists in the database                                     # com.orangehrm.steps.DatabaseValidationSteps.theTableExistsInTheDatabase(java.lang.String)
2026-04-02 12:35:50.544 [main] INFO  c.o.steps.DatabaseValidationSteps - Step: Ensuring no record in 'ohrm_nationality' where name = 'UpdateTest_Auto'
2026-04-02 12:35:50.544 [main] INFO  com.orangehrm.db.DatabaseUtil - DatabaseUtil.executeQuery — SQL: SELECT * FROM ohrm_nationality WHERE name = ?
2026-04-02 12:35:50.544 [main] DEBUG com.orangehrm.db.DatabaseUtil - DatabaseUtil.getConnection — environment: dev
2026-04-02 12:35:50.544 [main] DEBUG com.orangehrm.config.ConfigManager - Config [db.url] resolved from base config
2026-04-02 12:35:50.544 [main] DEBUG com.orangehrm.config.ConfigManager - Config [db.url] resolved from base config
2026-04-02 12:35:50.544 [main] DEBUG com.orangehrm.config.ConfigManager - Config [db.username] resolved from base config
2026-04-02 12:35:50.544 [main] DEBUG com.orangehrm.config.ConfigManager - Config [db.password] resolved from base config
2026-04-02 12:35:50.544 [main] DEBUG com.orangehrm.config.ConfigManager - Config [db.driver] resolved from base config
2026-04-02 12:35:50.544 [main] DEBUG com.orangehrm.db.DatabaseUtil - JDBC driver loaded: com.mysql.cj.jdbc.Driver
2026-04-02 12:35:50.547 [main] INFO  com.orangehrm.db.DatabaseUtil - Database connection established — URL: jdbc:mysql://localhost:3306/orangehrm?useSSL=false&allowPublicKeyRetrieval=true&serverTimezone=UTC
2026-04-02 12:35:50.549 [main] INFO  com.orangehrm.db.DatabaseUtil - Query returned 0 row(s)
2026-04-02 12:35:50.549 [main] DEBUG com.orangehrm.db.DatabaseUtil - Database connection closed
2026-04-02 12:35:50.549 [main] INFO  com.orangehrm.db.DatabaseUtil - recordExists — result: false
2026-04-02 12:35:50.549 [main] INFO  c.o.steps.DatabaseValidationSteps - Clean state ensured — no record in 'ohrm_nationality' where name = 'UpdateTest_Auto'
  And no record exists in "ohrm_nationality" where "name" = "UpdateTest_Auto"                   # com.orangehrm.steps.DatabaseValidationSteps.noRecordExistsInTableWhereColumnEqualsValue(java.lang.String,java.lang.String,java.lang.String)
2026-04-02 12:35:50.550 [main] INFO  c.o.steps.DatabaseValidationSteps - Step: Ensuring no record in 'ohrm_nationality' where name = 'UpdatedName_Auto'
2026-04-02 12:35:50.550 [main] INFO  com.orangehrm.db.DatabaseUtil - DatabaseUtil.executeQuery — SQL: SELECT * FROM ohrm_nationality WHERE name = ?
2026-04-02 12:35:50.550 [main] DEBUG com.orangehrm.db.DatabaseUtil - DatabaseUtil.getConnection — environment: dev
2026-04-02 12:35:50.550 [main] DEBUG com.orangehrm.config.ConfigManager - Config [db.url] resolved from base config
2026-04-02 12:35:50.550 [main] DEBUG com.orangehrm.config.ConfigManager - Config [db.url] resolved from base config
2026-04-02 12:35:50.550 [main] DEBUG com.orangehrm.config.ConfigManager - Config [db.username] resolved from base config
2026-04-02 12:35:50.550 [main] DEBUG com.orangehrm.config.ConfigManager - Config [db.password] resolved from base config
2026-04-02 12:35:50.550 [main] DEBUG com.orangehrm.config.ConfigManager - Config [db.driver] resolved from base config
2026-04-02 12:35:50.550 [main] DEBUG com.orangehrm.db.DatabaseUtil - JDBC driver loaded: com.mysql.cj.jdbc.Driver
2026-04-02 12:35:50.553 [main] INFO  com.orangehrm.db.DatabaseUtil - Database connection established — URL: jdbc:mysql://localhost:3306/orangehrm?useSSL=false&allowPublicKeyRetrieval=true&serverTimezone=UTC
2026-04-02 12:35:50.553 [main] INFO  com.orangehrm.db.DatabaseUtil - Query returned 0 row(s)
2026-04-02 12:35:50.554 [main] DEBUG com.orangehrm.db.DatabaseUtil - Database connection closed
2026-04-02 12:35:50.554 [main] INFO  com.orangehrm.db.DatabaseUtil - recordExists — result: false
2026-04-02 12:35:50.554 [main] INFO  c.o.steps.DatabaseValidationSteps - Clean state ensured — no record in 'ohrm_nationality' where name = 'UpdatedName_Auto'
  And no record exists in "ohrm_nationality" where "name" = "UpdatedName_Auto"                  # com.orangehrm.steps.DatabaseValidationSteps.noRecordExistsInTableWhereColumnEqualsValue(java.lang.String,java.lang.String,java.lang.String)
2026-04-02 12:35:50.554 [main] INFO  c.o.steps.DatabaseValidationSteps - Step: Inserting record into 'ohrm_nationality' with values: id=996, name=UpdateTest_Auto
2026-04-02 12:35:50.554 [main] INFO  com.orangehrm.db.DatabaseUtil - insertRow — table: ohrm_nationality, columns: name, id
2026-04-02 12:35:50.554 [main] INFO  com.orangehrm.db.DatabaseUtil - DatabaseUtil.executeUpdate — SQL: INSERT INTO ohrm_nationality (name, id) VALUES (?, ?)
2026-04-02 12:35:50.555 [main] DEBUG com.orangehrm.db.DatabaseUtil - DatabaseUtil.getConnection — environment: dev
2026-04-02 12:35:50.555 [main] DEBUG com.orangehrm.config.ConfigManager - Config [db.url] resolved from base config
2026-04-02 12:35:50.555 [main] DEBUG com.orangehrm.config.ConfigManager - Config [db.url] resolved from base config
2026-04-02 12:35:50.555 [main] DEBUG com.orangehrm.config.ConfigManager - Config [db.username] resolved from base config
2026-04-02 12:35:50.555 [main] DEBUG com.orangehrm.config.ConfigManager - Config [db.password] resolved from base config
2026-04-02 12:35:50.555 [main] DEBUG com.orangehrm.config.ConfigManager - Config [db.driver] resolved from base config
2026-04-02 12:35:50.555 [main] DEBUG com.orangehrm.db.DatabaseUtil - JDBC driver loaded: com.mysql.cj.jdbc.Driver
2026-04-02 12:35:50.558 [main] INFO  com.orangehrm.db.DatabaseUtil - Database connection established — URL: jdbc:mysql://localhost:3306/orangehrm?useSSL=false&allowPublicKeyRetrieval=true&serverTimezone=UTC
2026-04-02 12:35:50.563 [main] INFO  com.orangehrm.db.DatabaseUtil - Update affected 1 row(s)
2026-04-02 12:35:50.564 [main] DEBUG com.orangehrm.db.DatabaseUtil - Database connection closed
2026-04-02 12:35:50.564 [main] INFO  c.o.steps.DatabaseValidationSteps - Insert completed — 1 row(s) affected
  When I insert a record into "ohrm_nationality" with values "id=996, name=UpdateTest_Auto"     # com.orangehrm.steps.DatabaseValidationSteps.iInsertARecordIntoTableWithValues(java.lang.String,java.lang.String)
2026-04-02 12:35:50.564 [main] INFO  c.o.steps.DatabaseValidationSteps - Step: Asserting record exists in 'ohrm_nationality' where name = 'UpdateTest_Auto'
2026-04-02 12:35:50.564 [main] INFO  com.orangehrm.db.DatabaseUtil - DatabaseUtil.executeQuery — SQL: SELECT * FROM ohrm_nationality WHERE name = ?
2026-04-02 12:35:50.565 [main] DEBUG com.orangehrm.db.DatabaseUtil - DatabaseUtil.getConnection — environment: dev
2026-04-02 12:35:50.565 [main] DEBUG com.orangehrm.config.ConfigManager - Config [db.url] resolved from base config
2026-04-02 12:35:50.565 [main] DEBUG com.orangehrm.config.ConfigManager - Config [db.url] resolved from base config
2026-04-02 12:35:50.565 [main] DEBUG com.orangehrm.config.ConfigManager - Config [db.username] resolved from base config
2026-04-02 12:35:50.565 [main] DEBUG com.orangehrm.config.ConfigManager - Config [db.password] resolved from base config
2026-04-02 12:35:50.565 [main] DEBUG com.orangehrm.config.ConfigManager - Config [db.driver] resolved from base config
2026-04-02 12:35:50.565 [main] DEBUG com.orangehrm.db.DatabaseUtil - JDBC driver loaded: com.mysql.cj.jdbc.Driver
2026-04-02 12:35:50.568 [main] INFO  com.orangehrm.db.DatabaseUtil - Database connection established — URL: jdbc:mysql://localhost:3306/orangehrm?useSSL=false&allowPublicKeyRetrieval=true&serverTimezone=UTC
2026-04-02 12:35:50.569 [main] INFO  com.orangehrm.db.DatabaseUtil - Query returned 1 row(s)
2026-04-02 12:35:50.569 [main] DEBUG com.orangehrm.db.DatabaseUtil - Database connection closed
2026-04-02 12:35:50.569 [main] INFO  com.orangehrm.db.DatabaseUtil - recordExists — result: true
2026-04-02 12:35:50.569 [main] INFO  c.o.steps.DatabaseValidationSteps - Record existence confirmed
  Then a record should exist in "ohrm_nationality" where "name" = "UpdateTest_Auto"             # com.orangehrm.steps.DatabaseValidationSteps.aRecordShouldExistInTableWhereColumnEquals(java.lang.String,java.lang.String,java.lang.String)
2026-04-02 12:35:50.570 [main] INFO  c.o.steps.DatabaseValidationSteps - Step: Updating 'ohrm_nationality' — SET name = 'UpdatedName_Auto' WHERE id = '996'
2026-04-02 12:35:50.570 [main] INFO  com.orangehrm.db.DatabaseUtil - updateRows — table: ohrm_nationality, SET: name = ?, WHERE: id = ?
2026-04-02 12:35:50.570 [main] INFO  com.orangehrm.db.DatabaseUtil - DatabaseUtil.executeUpdate — SQL: UPDATE ohrm_nationality SET name = ? WHERE id = ?
2026-04-02 12:35:50.570 [main] DEBUG com.orangehrm.db.DatabaseUtil - DatabaseUtil.getConnection — environment: dev
2026-04-02 12:35:50.570 [main] DEBUG com.orangehrm.config.ConfigManager - Config [db.url] resolved from base config
2026-04-02 12:35:50.570 [main] DEBUG com.orangehrm.config.ConfigManager - Config [db.url] resolved from base config
2026-04-02 12:35:50.570 [main] DEBUG com.orangehrm.config.ConfigManager - Config [db.username] resolved from base config
2026-04-02 12:35:50.571 [main] DEBUG com.orangehrm.config.ConfigManager - Config [db.password] resolved from base config
2026-04-02 12:35:50.571 [main] DEBUG com.orangehrm.config.ConfigManager - Config [db.driver] resolved from base config
2026-04-02 12:35:50.571 [main] DEBUG com.orangehrm.db.DatabaseUtil - JDBC driver loaded: com.mysql.cj.jdbc.Driver
2026-04-02 12:35:50.574 [main] INFO  com.orangehrm.db.DatabaseUtil - Database connection established — URL: jdbc:mysql://localhost:3306/orangehrm?useSSL=false&allowPublicKeyRetrieval=true&serverTimezone=UTC
2026-04-02 12:35:50.579 [main] INFO  com.orangehrm.db.DatabaseUtil - Update affected 1 row(s)
2026-04-02 12:35:50.580 [main] DEBUG com.orangehrm.db.DatabaseUtil - Database connection closed
2026-04-02 12:35:50.580 [main] INFO  c.o.steps.DatabaseValidationSteps - Update completed — 1 row(s) affected
  When I update "ohrm_nationality" set "name" = "UpdatedName_Auto" where "id" = "996"           # com.orangehrm.steps.DatabaseValidationSteps.iUpdateTableSetColumnWhereCondition(java.lang.String,java.lang.String,java.lang.String,java.lang.String,java.lang.String)
  Then the operation should affect 1 row(s)
  And a record should exist in "ohrm_nationality" where "name" = "UpdatedName_Auto"             # com.orangehrm.steps.DatabaseValidationSteps.aRecordShouldExistInTableWhereColumnEquals(java.lang.String,java.lang.String,java.lang.String)
  And no record should exist in "ohrm_nationality" where "name" = "UpdateTest_Auto"             # com.orangehrm.steps.DatabaseValidationSteps.noRecordShouldExistInTableWhereColumnEquals(java.lang.String,java.lang.String,java.lang.String)
  And the value of "name" in "ohrm_nationality" where "id" = "996" should be "UpdatedName_Auto" # com.orangehrm.steps.DatabaseValidationSteps.theValueOfColumnInTableShouldBe(java.lang.String,java.lang.String,java.lang.String,java.lang.String,java.lang.String)
  And I clean up the record in "ohrm_nationality" where "id" = "996"                            # com.orangehrm.steps.DatabaseValidationSteps.iCleanUpTheRecordInTableWhereColumnEquals(java.lang.String,java.lang.String,java.lang.String)
2026-04-02 12:35:50.583 [main] INFO  com.orangehrm.hooks.Hooks - SCENARIO PASSED/SKIPPED: Validate data update in a table [thread=main]
2026-04-02 12:35:50.583 [main] INFO  com.orangehrm.hooks.Hooks - ===================================================
2026-04-02 12:35:50.583 [main] INFO  com.orangehrm.hooks.Hooks - FINISHED SCENARIO: Validate data update in a table [PASSED/SKIPPED] [thread=main]
2026-04-02 12:35:50.583 [main] INFO  com.orangehrm.hooks.Hooks - ===================================================
]]></system-out>
  </testcase>
  <testcase name="Validate update does not affect unrelated records" classname="Database Validation" time="0.086">
    <system-out><![CDATA[
@database @db-validation @sequential @db-update
Scenario: Validate update does not affect unrelated records                              # src/test/resources/features/database-validation.feature:67
2026-04-02 12:35:50.599 [main] INFO  com.orangehrm.hooks.Hooks - ===================================================
2026-04-02 12:35:50.599 [main] INFO  com.orangehrm.hooks.Hooks - STARTING SCENARIO: Validate update does not affect unrelated records [thread=main]
2026-04-02 12:35:50.599 [main] INFO  com.orangehrm.hooks.Hooks - Tags: [@database, @db-validation, @sequential, @db-update]
2026-04-02 12:35:50.599 [main] INFO  com.orangehrm.hooks.Hooks - Environment: dev
2026-04-02 12:35:50.600 [main] INFO  com.orangehrm.hooks.Hooks - ===================================================
2026-04-02 12:35:50.600 [main] DEBUG com.orangehrm.config.ConfigManager - Config [db.url] resolved from base config
2026-04-02 12:35:50.600 [main] INFO  com.orangehrm.hooks.Hooks - Database-only scenario — skipping WebDriver init (no browser needed)
2026-04-02 12:35:50.600 [main] INFO  c.o.steps.DatabaseValidationSteps - Step: Verifying database connection for environment 'dev'
2026-04-02 12:35:50.600 [main] DEBUG com.orangehrm.config.ConfigManager - Config [db.url] resolved from base config
2026-04-02 12:35:50.600 [main] DEBUG com.orangehrm.db.DatabaseUtil - DatabaseUtil.getConnection — environment: dev
2026-04-02 12:35:50.600 [main] DEBUG com.orangehrm.config.ConfigManager - Config [db.url] resolved from base config
2026-04-02 12:35:50.600 [main] DEBUG com.orangehrm.config.ConfigManager - Config [db.url] resolved from base config
2026-04-02 12:35:50.600 [main] DEBUG com.orangehrm.config.ConfigManager - Config [db.username] resolved from base config
2026-04-02 12:35:50.600 [main] DEBUG com.orangehrm.config.ConfigManager - Config [db.password] resolved from base config
2026-04-02 12:35:50.600 [main] DEBUG com.orangehrm.config.ConfigManager - Config [db.driver] resolved from base config
2026-04-02 12:35:50.600 [main] DEBUG com.orangehrm.db.DatabaseUtil - JDBC driver loaded: com.mysql.cj.jdbc.Driver
2026-04-02 12:35:50.603 [main] INFO  com.orangehrm.db.DatabaseUtil - Database connection established — URL: jdbc:mysql://localhost:3306/orangehrm?useSSL=false&allowPublicKeyRetrieval=true&serverTimezone=UTC
2026-04-02 12:35:50.603 [main] DEBUG com.orangehrm.db.DatabaseUtil - Database connection closed
2026-04-02 12:35:50.603 [main] INFO  c.o.steps.DatabaseValidationSteps - Database connection verified successfully
  Given the database connection is configured for the current environment                # com.orangehrm.steps.DatabaseValidationSteps.theDatabaseConnectionIsConfiguredForTheCurrentEnvironment()
2026-04-02 12:35:50.603 [main] INFO  c.o.steps.DatabaseValidationSteps - Step: Verifying table 'ohrm_nationality' exists
2026-04-02 12:35:50.603 [main] INFO  com.orangehrm.db.DatabaseUtil - DatabaseUtil.executeQuery — SQL: SELECT TABLE_NAME FROM INFORMATION_SCHEMA.TABLES WHERE TABLE_NAME = ? AND TABLE_SCHEMA = DATABASE()
2026-04-02 12:35:50.603 [main] DEBUG com.orangehrm.db.DatabaseUtil - DatabaseUtil.getConnection — environment: dev
2026-04-02 12:35:50.604 [main] DEBUG com.orangehrm.config.ConfigManager - Config [db.url] resolved from base config
2026-04-02 12:35:50.604 [main] DEBUG com.orangehrm.config.ConfigManager - Config [db.url] resolved from base config
2026-04-02 12:35:50.604 [main] DEBUG com.orangehrm.config.ConfigManager - Config [db.username] resolved from base config
2026-04-02 12:35:50.604 [main] DEBUG com.orangehrm.config.ConfigManager - Config [db.password] resolved from base config
2026-04-02 12:35:50.604 [main] DEBUG com.orangehrm.config.ConfigManager - Config [db.driver] resolved from base config
2026-04-02 12:35:50.604 [main] DEBUG com.orangehrm.db.DatabaseUtil - JDBC driver loaded: com.mysql.cj.jdbc.Driver
2026-04-02 12:35:50.605 [main] INFO  com.orangehrm.db.DatabaseUtil - Database connection established — URL: jdbc:mysql://localhost:3306/orangehrm?useSSL=false&allowPublicKeyRetrieval=true&serverTimezone=UTC
2026-04-02 12:35:50.607 [main] INFO  com.orangehrm.db.DatabaseUtil - Query returned 1 row(s)
2026-04-02 12:35:50.608 [main] DEBUG com.orangehrm.db.DatabaseUtil - Database connection closed
2026-04-02 12:35:50.608 [main] INFO  com.orangehrm.db.DatabaseUtil - recordExists — result: true
2026-04-02 12:35:50.608 [main] INFO  c.o.steps.DatabaseValidationSteps - Table 'ohrm_nationality' exists — confirmed
  Given the table "ohrm_nationality" exists in the database                              # com.orangehrm.steps.DatabaseValidationSteps.theTableExistsInTheDatabase(java.lang.String)
2026-04-02 12:35:50.608 [main] INFO  c.o.steps.DatabaseValidationSteps - Step: Ensuring no record in 'ohrm_nationality' where name = 'KeepMe_Auto'
2026-04-02 12:35:50.608 [main] INFO  com.orangehrm.db.DatabaseUtil - DatabaseUtil.executeQuery — SQL: SELECT * FROM ohrm_nationality WHERE name = ?
2026-04-02 12:35:50.608 [main] DEBUG com.orangehrm.db.DatabaseUtil - DatabaseUtil.getConnection — environment: dev
2026-04-02 12:35:50.608 [main] DEBUG com.orangehrm.config.ConfigManager - Config [db.url] resolved from base config
2026-04-02 12:35:50.608 [main] DEBUG com.orangehrm.config.ConfigManager - Config [db.url] resolved from base config
2026-04-02 12:35:50.608 [main] DEBUG com.orangehrm.config.ConfigManager - Config [db.username] resolved from base config
2026-04-02 12:35:50.608 [main] DEBUG com.orangehrm.config.ConfigManager - Config [db.password] resolved from base config
2026-04-02 12:35:50.609 [main] DEBUG com.orangehrm.config.ConfigManager - Config [db.driver] resolved from base config
2026-04-02 12:35:50.609 [main] DEBUG com.orangehrm.db.DatabaseUtil - JDBC driver loaded: com.mysql.cj.jdbc.Driver
2026-04-02 12:35:50.610 [main] INFO  com.orangehrm.db.DatabaseUtil - Database connection established — URL: jdbc:mysql://localhost:3306/orangehrm?useSSL=false&allowPublicKeyRetrieval=true&serverTimezone=UTC
2026-04-02 12:35:50.611 [main] INFO  com.orangehrm.db.DatabaseUtil - Query returned 0 row(s)
2026-04-02 12:35:50.611 [main] DEBUG com.orangehrm.db.DatabaseUtil - Database connection closed
2026-04-02 12:35:50.611 [main] INFO  com.orangehrm.db.DatabaseUtil - recordExists — result: false
2026-04-02 12:35:50.611 [main] INFO  c.o.steps.DatabaseValidationSteps - Clean state ensured — no record in 'ohrm_nationality' where name = 'KeepMe_Auto'
  And no record exists in "ohrm_nationality" where "name" = "KeepMe_Auto"                # com.orangehrm.steps.DatabaseValidationSteps.noRecordExistsInTableWhereColumnEqualsValue(java.lang.String,java.lang.String,java.lang.String)
2026-04-02 12:35:50.612 [main] INFO  c.o.steps.DatabaseValidationSteps - Step: Ensuring no record in 'ohrm_nationality' where name = 'ChangeMe_Auto'
2026-04-02 12:35:50.612 [main] INFO  com.orangehrm.db.DatabaseUtil - DatabaseUtil.executeQuery — SQL: SELECT * FROM ohrm_nationality WHERE name = ?
2026-04-02 12:35:50.612 [main] DEBUG com.orangehrm.db.DatabaseUtil - DatabaseUtil.getConnection — environment: dev
2026-04-02 12:35:50.612 [main] DEBUG com.orangehrm.config.ConfigManager - Config [db.url] resolved from base config
2026-04-02 12:35:50.612 [main] DEBUG com.orangehrm.config.ConfigManager - Config [db.url] resolved from base config
2026-04-02 12:35:50.612 [main] DEBUG com.orangehrm.config.ConfigManager - Config [db.username] resolved from base config
2026-04-02 12:35:50.612 [main] DEBUG com.orangehrm.config.ConfigManager - Config [db.password] resolved from base config
2026-04-02 12:35:50.612 [main] DEBUG com.orangehrm.config.ConfigManager - Config [db.driver] resolved from base config
2026-04-02 12:35:50.612 [main] DEBUG com.orangehrm.db.DatabaseUtil - JDBC driver loaded: com.mysql.cj.jdbc.Driver
2026-04-02 12:35:50.615 [main] INFO  com.orangehrm.db.DatabaseUtil - Database connection established — URL: jdbc:mysql://localhost:3306/orangehrm?useSSL=false&allowPublicKeyRetrieval=true&serverTimezone=UTC
2026-04-02 12:35:50.615 [main] INFO  com.orangehrm.db.DatabaseUtil - Query returned 0 row(s)
2026-04-02 12:35:50.616 [main] DEBUG com.orangehrm.db.DatabaseUtil - Database connection closed
2026-04-02 12:35:50.616 [main] INFO  com.orangehrm.db.DatabaseUtil - recordExists — result: false
2026-04-02 12:35:50.616 [main] INFO  c.o.steps.DatabaseValidationSteps - Clean state ensured — no record in 'ohrm_nationality' where name = 'ChangeMe_Auto'
  And no record exists in "ohrm_nationality" where "name" = "ChangeMe_Auto"              # com.orangehrm.steps.DatabaseValidationSteps.noRecordExistsInTableWhereColumnEqualsValue(java.lang.String,java.lang.String,java.lang.String)
2026-04-02 12:35:50.616 [main] INFO  c.o.steps.DatabaseValidationSteps - Step: Inserting record into 'ohrm_nationality' with values: id=994, name=KeepMe_Auto
2026-04-02 12:35:50.617 [main] INFO  com.orangehrm.db.DatabaseUtil - insertRow — table: ohrm_nationality, columns: name, id
2026-04-02 12:35:50.617 [main] INFO  com.orangehrm.db.DatabaseUtil - DatabaseUtil.executeUpdate — SQL: INSERT INTO ohrm_nationality (name, id) VALUES (?, ?)
2026-04-02 12:35:50.617 [main] DEBUG com.orangehrm.db.DatabaseUtil - DatabaseUtil.getConnection — environment: dev
2026-04-02 12:35:50.617 [main] DEBUG com.orangehrm.config.ConfigManager - Config [db.url] resolved from base config
2026-04-02 12:35:50.617 [main] DEBUG com.orangehrm.config.ConfigManager - Config [db.url] resolved from base config
2026-04-02 12:35:50.617 [main] DEBUG com.orangehrm.config.ConfigManager - Config [db.username] resolved from base config
2026-04-02 12:35:50.617 [main] DEBUG com.orangehrm.config.ConfigManager - Config [db.password] resolved from base config
2026-04-02 12:35:50.617 [main] DEBUG com.orangehrm.config.ConfigManager - Config [db.driver] resolved from base config
2026-04-02 12:35:50.617 [main] DEBUG com.orangehrm.db.DatabaseUtil - JDBC driver loaded: com.mysql.cj.jdbc.Driver
[...]
2026-04-02 12:35:50.786 [main] INFO  c.o.steps.DatabaseValidationSteps - Step: Verifying database connection for environment 'dev'
2026-04-02 12:35:50.786 [main] DEBUG com.orangehrm.config.ConfigManager - Config [db.url] resolved from base config
2026-04-02 12:35:50.786 [main] DEBUG com.orangehrm.db.DatabaseUtil - DatabaseUtil.getConnection — environment: dev
2026-04-02 12:35:50.786 [main] DEBUG com.orangehrm.config.ConfigManager - Config [db.url] resolved from base config
2026-04-02 12:35:50.786 [main] DEBUG com.orangehrm.config.ConfigManager - Config [db.url] resolved from base config
2026-04-02 12:35:50.786 [main] DEBUG com.orangehrm.config.ConfigManager - Config [db.username] resolved from base config
2026-04-02 12:35:50.786 [main] DEBUG com.orangehrm.config.ConfigManager - Config [db.password] resolved from base config
2026-04-02 12:35:50.786 [main] DEBUG com.orangehrm.config.ConfigManager - Config [db.driver] resolved from base config
2026-04-02 12:35:50.786 [main] DEBUG com.orangehrm.db.DatabaseUtil - JDBC driver loaded: com.mysql.cj.jdbc.Driver
2026-04-02 12:35:50.788 [main] INFO  com.orangehrm.db.DatabaseUtil - Database connection established — URL: jdbc:mysql://localhost:3306/orangehrm?useSSL=false&allowPublicKeyRetrieval=true&serverTimezone=UTC
2026-04-02 12:35:50.788 [main] DEBUG com.orangehrm.db.DatabaseUtil - Database connection closed
2026-04-02 12:35:50.788 [main] INFO  c.o.steps.DatabaseValidationSteps - Database connection verified successfully
  Given the database connection is configured for the current environment                 # com.orangehrm.steps.DatabaseValidationSteps.theDatabaseConnectionIsConfiguredForTheCurrentEnvironment()
2026-04-02 12:35:50.788 [main] INFO  c.o.steps.DatabaseValidationSteps - Step: Verifying table 'ohrm_nationality' exists
2026-04-02 12:35:50.788 [main] INFO  com.orangehrm.db.DatabaseUtil - DatabaseUtil.executeQuery — SQL: SELECT TABLE_NAME FROM INFORMATION_SCHEMA.TABLES WHERE TABLE_NAME = ? AND TABLE_SCHEMA = DATABASE()
2026-04-02 12:35:50.788 [main] DEBUG com.orangehrm.db.DatabaseUtil - DatabaseUtil.getConnection — environment: dev
2026-04-02 12:35:50.788 [main] DEBUG com.orangehrm.config.ConfigManager - Config [db.url] resolved from base config
2026-04-02 12:35:50.789 [main] DEBUG com.orangehrm.config.ConfigManager - Config [db.url] resolved from base config
2026-04-02 12:35:50.789 [main] DEBUG com.orangehrm.config.ConfigManager - Config [db.username] resolved from base config
2026-04-02 12:35:50.789 [main] DEBUG com.orangehrm.config.ConfigManager - Config [db.password] resolved from base config
2026-04-02 12:35:50.789 [main] DEBUG com.orangehrm.config.ConfigManager - Config [db.driver] resolved from base config
2026-04-02 12:35:50.789 [main] DEBUG com.orangehrm.db.DatabaseUtil - JDBC driver loaded: com.mysql.cj.jdbc.Driver
2026-04-02 12:35:50.793 [main] INFO  com.orangehrm.db.DatabaseUtil - Database connection established — URL: jdbc:mysql://localhost:3306/orangehrm?useSSL=false&allowPublicKeyRetrieval=true&serverTimezone=UTC
2026-04-02 12:35:50.794 [main] INFO  com.orangehrm.db.DatabaseUtil - Query returned 1 row(s)
2026-04-02 12:35:50.794 [main] DEBUG com.orangehrm.db.DatabaseUtil - Database connection closed
2026-04-02 12:35:50.794 [main] INFO  com.orangehrm.db.DatabaseUtil - recordExists — result: true
2026-04-02 12:35:50.794 [main] INFO  c.o.steps.DatabaseValidationSteps - Table 'ohrm_nationality' exists — confirmed
  Given the table "ohrm_nationality" exists in the database                               # com.orangehrm.steps.DatabaseValidationSteps.theTableExistsInTheDatabase(java.lang.String)
2026-04-02 12:35:50.795 [main] INFO  c.o.steps.DatabaseValidationSteps - Step: Ensuring no record in 'ohrm_nationality' where name = 'Survivor_Auto'
2026-04-02 12:35:50.795 [main] INFO  com.orangehrm.db.DatabaseUtil - DatabaseUtil.executeQuery — SQL: SELECT * FROM ohrm_nationality WHERE name = ?
2026-04-02 12:35:50.795 [main] DEBUG com.orangehrm.db.DatabaseUtil - DatabaseUtil.getConnection — environment: dev
2026-04-02 12:35:50.795 [main] DEBUG com.orangehrm.config.ConfigManager - Config [db.url] resolved from base config
2026-04-02 12:35:50.795 [main] DEBUG com.orangehrm.config.ConfigManager - Config [db.url] resolved from base config
2026-04-02 12:35:50.795 [main] DEBUG com.orangehrm.config.ConfigManager - Config [db.username] resolved from base config
2026-04-02 12:35:50.795 [main] DEBUG com.orangehrm.config.ConfigManager - Config [db.password] resolved from base config
2026-04-02 12:35:50.795 [main] DEBUG com.orangehrm.config.ConfigManager - Config [db.driver] resolved from base config
2026-04-02 12:35:50.795 [main] DEBUG com.orangehrm.db.DatabaseUtil - JDBC driver loaded: com.mysql.cj.jdbc.Driver
2026-04-02 12:35:50.797 [main] INFO  com.orangehrm.db.DatabaseUtil - Database connection established — URL: jdbc:mysql://localhost:3306/orangehrm?useSSL=false&allowPublicKeyRetrieval=true&serverTimezone=UTC
2026-04-02 12:35:50.798 [main] INFO  com.orangehrm.db.DatabaseUtil - Query returned 0 row(s)
2026-04-02 12:35:50.798 [main] DEBUG com.orangehrm.db.DatabaseUtil - Database connection closed
2026-04-02 12:35:50.798 [main] INFO  com.orangehrm.db.DatabaseUtil - recordExists — result: false
2026-04-02 12:35:50.798 [main] INFO  c.o.steps.DatabaseValidationSteps - Clean state ensured — no record in 'ohrm_nationality' where name = 'Survivor_Auto'
  And no record exists in "ohrm_nationality" where "name" = "Survivor_Auto"               # com.orangehrm.steps.DatabaseValidationSteps.noRecordExistsInTableWhereColumnEqualsValue(java.lang.String,java.lang.String,java.lang.String)
2026-04-02 12:35:50.798 [main] INFO  c.o.steps.DatabaseValidationSteps - Step: Ensuring no record in 'ohrm_nationality' where name = 'Victim_Auto'
2026-04-02 12:35:50.798 [main] INFO  com.orangehrm.db.DatabaseUtil - DatabaseUtil.executeQuery — SQL: SELECT * FROM ohrm_nationality WHERE name = ?
2026-04-02 12:35:50.798 [main] DEBUG com.orangehrm.db.DatabaseUtil - DatabaseUtil.getConnection — environment: dev
2026-04-02 12:35:50.798 [main] DEBUG com.orangehrm.config.ConfigManager - Config [db.url] resolved from base config
2026-04-02 12:35:50.798 [main] DEBUG com.orangehrm.config.ConfigManager - Config [db.url] resolved from base config
2026-04-02 12:35:50.798 [main] DEBUG com.orangehrm.config.ConfigManager - Config [db.username] resolved from base config
2026-04-02 12:35:50.798 [main] DEBUG com.orangehrm.config.ConfigManager - Config [db.password] resolved from base config
2026-04-02 12:35:50.798 [main] DEBUG com.orangehrm.config.ConfigManager - Config [db.driver] resolved from base config
2026-04-02 12:35:50.799 [main] DEBUG com.orangehrm.db.DatabaseUtil - JDBC driver loaded: com.mysql.cj.jdbc.Driver
2026-04-02 12:35:50.800 [main] INFO  com.orangehrm.db.DatabaseUtil - Database connection established — URL: jdbc:mysql://localhost:3306/orangehrm?useSSL=false&allowPublicKeyRetrieval=true&serverTimezone=UTC
2026-04-02 12:35:50.801 [main] INFO  com.orangehrm.db.DatabaseUtil - Query returned 0 row(s)
2026-04-02 12:35:50.801 [main] DEBUG com.orangehrm.db.DatabaseUtil - Database connection closed
2026-04-02 12:35:50.801 [main] INFO  com.orangehrm.db.DatabaseUtil - recordExists — result: false
2026-04-02 12:35:50.801 [main] INFO  c.o.steps.DatabaseValidationSteps - Clean state ensured — no record in 'ohrm_nationality' where name = 'Victim_Auto'
  And no record exists in "ohrm_nationality" where "name" = "Victim_Auto"                 # com.orangehrm.steps.DatabaseValidationSteps.noRecordExistsInTableWhereColumnEqualsValue(java.lang.String,java.lang.String,java.lang.String)
2026-04-02 12:35:50.801 [main] INFO  c.o.steps.DatabaseValidationSteps - Step: Inserting record into 'ohrm_nationality' with values: id=990, name=Survivor_Auto
2026-04-02 12:35:50.802 [main] INFO  com.orangehrm.db.DatabaseUtil - insertRow — table: ohrm_nationality, columns: name, id
2026-04-02 12:35:50.802 [main] INFO  com.orangehrm.db.DatabaseUtil - DatabaseUtil.executeUpdate — SQL: INSERT INTO ohrm_nationality (name, id) VALUES (?, ?)
2026-04-02 12:35:50.802 [main] DEBUG com.orangehrm.db.DatabaseUtil - DatabaseUtil.getConnection — environment: dev
2026-04-02 12:35:50.802 [main] DEBUG com.orangehrm.config.ConfigManager - Config [db.url] resolved from base config
2026-04-02 12:35:50.802 [main] DEBUG com.orangehrm.config.ConfigManager - Config [db.url] resolved from base config
2026-04-02 12:35:50.802 [main] DEBUG com.orangehrm.config.ConfigManager - Config [db.username] resolved from base config
2026-04-02 12:35:50.802 [main] DEBUG com.orangehrm.config.ConfigManager - Config [db.password] resolved from base config
2026-04-02 12:35:50.802 [main] DEBUG com.orangehrm.config.ConfigManager - Config [db.driver] resolved from base config
2026-04-02 12:35:50.802 [main] DEBUG com.orangehrm.db.DatabaseUtil - JDBC driver loaded: com.mysql.cj.jdbc.Driver
2026-04-02 12:35:50.804 [main] INFO  com.orangehrm.db.DatabaseUtil - Database connection established — URL: jdbc:mysql://localhost:3306/orangehrm?useSSL=false&allowPublicKeyRetrieval=true&serverTimezone=UTC
2026-04-02 12:35:50.808 [main] INFO  com.orangehrm.db.DatabaseUtil - Update affected 1 row(s)
2026-04-02 12:35:50.809 [main] DEBUG com.orangehrm.db.DatabaseUtil - Database connection closed
2026-04-02 12:35:50.809 [main] INFO  c.o.steps.DatabaseValidationSteps - Insert completed — 1 row(s) affected
  When I insert a record into "ohrm_nationality" with values "id=990, name=Survivor_Auto" # com.orangehrm.steps.DatabaseValidationSteps.iInsertARecordIntoTableWithValues(java.lang.String,java.lang.String)
2026-04-02 12:35:50.809 [main] INFO  c.o.steps.DatabaseValidationSteps - Step: Inserting record into 'ohrm_nationality' with values: id=991, name=Victim_Auto
2026-04-02 12:35:50.809 [main] INFO  com.orangehrm.db.DatabaseUtil - insertRow — table: ohrm_nationality, columns: name, id
2026-04-02 12:35:50.809 [main] INFO  com.orangehrm.db.DatabaseUtil - DatabaseUtil.executeUpdate — SQL: INSERT INTO ohrm_nationality (name, id) VALUES (?, ?)
2026-04-02 12:35:50.809 [main] DEBUG com.orangehrm.db.DatabaseUtil - DatabaseUtil.getConnection — environment: dev
2026-04-02 12:35:50.809 [main] DEBUG com.orangehrm.config.ConfigManager - Config [db.url] resolved from base config
2026-04-02 12:35:50.809 [main] DEBUG com.orangehrm.config.ConfigManager - Config [db.url] resolved from base config
2026-04-02 12:35:50.809 [main] DEBUG com.orangehrm.config.ConfigManager - Config [db.username] resolved from base config
2026-04-02 12:35:50.809 [main] DEBUG com.orangehrm.config.ConfigManager - Config [db.password] resolved from base config
2026-04-02 12:35:50.809 [main] DEBUG com.orangehrm.config.ConfigManager - Config [db.driver] resolved from base config
2026-04-02 12:35:50.809 [main] DEBUG com.orangehrm.db.DatabaseUtil - JDBC driver loaded: com.mysql.cj.jdbc.Driver
2026-04-02 12:35:50.811 [main] INFO  com.orangehrm.db.DatabaseUtil - Database connection established — URL: jdbc:mysql://localhost:3306/orangehrm?useSSL=false&allowPublicKeyRetrieval=true&serverTimezone=UTC
2026-04-02 12:35:50.815 [main] INFO  com.orangehrm.db.DatabaseUtil - Update affected 1 row(s)
2026-04-02 12:35:50.815 [main] DEBUG com.orangehrm.db.DatabaseUtil - Database connection closed
2026-04-02 12:35:50.815 [main] INFO  c.o.steps.DatabaseValidationSteps - Insert completed — 1 row(s) affected
  And I insert a record into "ohrm_nationality" with values "id=991, name=Victim_Auto"    # com.orangehrm.steps.DatabaseValidationSteps.iInsertARecordIntoTableWithValues(java.lang.String,java.lang.String)
2026-04-02 12:35:50.815 [main] INFO  c.o.steps.DatabaseValidationSteps - Step: Deleting from 'ohrm_nationality' WHERE id = '991'
2026-04-02 12:35:50.815 [main] INFO  com.orangehrm.db.DatabaseUtil - deleteRows — table: ohrm_nationality, WHERE: id = ?
2026-04-02 12:35:50.815 [main] INFO  com.orangehrm.db.DatabaseUtil - DatabaseUtil.executeUpdate — SQL: DELETE FROM ohrm_nationality WHERE id = ?
2026-04-02 12:35:50.815 [main] DEBUG com.orangehrm.db.DatabaseUtil - DatabaseUtil.getConnection — environment: dev
2026-04-02 12:35:50.815 [main] DEBUG com.orangehrm.config.ConfigManager - Config [db.url] resolved from base config
2026-04-02 12:35:50.815 [main] DEBUG com.orangehrm.config.ConfigManager - Config [db.url] resolved from base config
2026-04-02 12:35:50.815 [main] DEBUG com.orangehrm.config.ConfigManager - Config [db.username] resolved from base config
2026-04-02 12:35:50.815 [main] DEBUG com.orangehrm.config.ConfigManager - Config [db.password] resolved from base config
2026-04-02 12:35:50.816 [main] DEBUG com.orangehrm.config.ConfigManager - Config [db.driver] resolved from base config
2026-04-02 12:35:50.816 [main] DEBUG com.orangehrm.db.DatabaseUtil - JDBC driver loaded: com.mysql.cj.jdbc.Driver
2026-04-02 12:35:50.817 [main] INFO  com.orangehrm.db.DatabaseUtil - Database connection established — URL: jdbc:mysql://localhost:3306/orangehrm?useSSL=false&allowPublicKeyRetrieval=true&serverTimezone=UTC
2026-04-02 12:35:50.822 [main] INFO  com.orangehrm.db.DatabaseUtil - Update affected 1 row(s)
2026-04-02 12:35:50.822 [main] DEBUG com.orangehrm.db.DatabaseUtil - Database connection closed
2026-04-02 12:35:50.822 [main] INFO  c.o.steps.DatabaseValidationSteps - Delete completed — 1 row(s) affected
  When I delete from "ohrm_nationality" where "id" = "991"                                # com.orangehrm.steps.DatabaseValidationSteps.iDeleteFromTableWhereCondition(java.lang.String,java.lang.String,java.lang.String)
2026-04-02 12:35:50.822 [main] INFO  c.o.steps.DatabaseValidationSteps - Step: Asserting record exists in 'ohrm_nationality' where name = 'Survivor_Auto'
2026-04-02 12:35:50.823 [main] INFO  com.orangehrm.db.DatabaseUtil - DatabaseUtil.executeQuery — SQL: SELECT * FROM ohrm_nationality WHERE name = ?
2026-04-02 12:35:50.823 [main] DEBUG com.orangehrm.db.DatabaseUtil - DatabaseUtil.getConnection — environment: dev
2026-04-02 12:35:50.823 [main] DEBUG com.orangehrm.config.ConfigManager - Config [db.url] resolved from base config
2026-04-02 12:35:50.823 [main] DEBUG com.orangehrm.config.ConfigManager - Config [db.url] resolved from base config
2026-04-02 12:35:50.823 [main] DEBUG com.orangehrm.config.ConfigManager - Config [db.username] resolved from base config
2026-04-02 12:35:50.823 [main] DEBUG com.orangehrm.config.ConfigManager - Config [db.password] resolved from base config
2026-04-02 12:35:50.823 [main] DEBUG com.orangehrm.config.ConfigManager - Config [db.driver] resolved from base config
2026-04-02 12:35:50.823 [main] DEBUG com.orangehrm.db.DatabaseUtil - JDBC driver loaded: com.mysql.cj.jdbc.Driver
2026-04-02 12:35:50.825 [main] INFO  com.orangehrm.db.DatabaseUtil - Database connection established — URL: jdbc:mysql://localhost:3306/orangehrm?useSSL=false&allowPublicKeyRetrieval=true&serverTimezone=UTC
2026-04-02 12:35:50.828 [main] INFO  com.orangehrm.db.DatabaseUtil - Query returned 1 row(s)
2026-04-02 12:35:50.829 [main] DEBUG com.orangehrm.db.DatabaseUtil - Database connection closed
2026-04-02 12:35:50.829 [main] INFO  com.orangehrm.db.DatabaseUtil - recordExists — result: true
2026-04-02 12:35:50.829 [main] INFO  c.o.steps.DatabaseValidationSteps - Record existence confirmed
  Then a record should exist in "ohrm_nationality" where "name" = "Survivor_Auto"         # com.orangehrm.steps.DatabaseValidationSteps.aRecordShouldExistInTableWhereColumnEquals(java.lang.String,java.lang.String,java.lang.String)
2026-04-02 12:35:50.829 [main] INFO  c.o.steps.DatabaseValidationSteps - Step: Asserting no record in 'ohrm_nationality' where name = 'Victim_Auto'
2026-04-02 12:35:50.829 [main] INFO  com.orangehrm.db.DatabaseUtil - DatabaseUtil.executeQuery — SQL: SELECT * FROM ohrm_nationality WHERE name = ?
2026-04-02 12:35:50.829 [main] DEBUG com.orangehrm.db.DatabaseUtil - DatabaseUtil.getConnection — environment: dev
2026-04-02 12:35:50.829 [main] DEBUG com.orangehrm.config.ConfigManager - Config [db.url] resolved from base config
2026-04-02 12:35:50.829 [main] DEBUG com.orangehrm.config.ConfigManager - Config [db.url] resolved from base config
2026-04-02 12:35:50.829 [main] DEBUG com.orangehrm.config.ConfigManager - Config [db.username] resolved from base config
2026-04-02 12:35:50.829 [main] DEBUG com.orangehrm.config.ConfigManager - Config [db.password] resolved from base config
2026-04-02 12:35:50.829 [main] DEBUG com.orangehrm.config.ConfigManager - Config [db.driver] resolved from base config
2026-04-02 12:35:50.829 [main] DEBUG com.orangehrm.db.DatabaseUtil - JDBC driver loaded: com.mysql.cj.jdbc.Driver
2026-04-02 12:35:50.832 [main] INFO  com.orangehrm.db.DatabaseUtil - Database connection established — URL: jdbc:mysql://localhost:3306/orangehrm?useSSL=false&allowPublicKeyRetrieval=true&serverTimezone=UTC
2026-04-02 12:35:50.832 [main] INFO  com.orangehrm.db.DatabaseUtil - Query returned 0 row(s)
2026-04-02 12:35:50.832 [main] DEBUG com.orangehrm.db.DatabaseUtil - Database connection closed
2026-04-02 12:35:50.832 [main] INFO  com.orangehrm.db.DatabaseUtil - recordExists — result: false
2026-04-02 12:35:50.833 [main] INFO  c.o.steps.DatabaseValidationSteps - No-record assertion passed
  And no record should exist in "ohrm_nationality" where "name" = "Victim_Auto"           # com.orangehrm.steps.DatabaseValidationSteps.noRecordShouldExistInTableWhereColumnEquals(java.lang.String,java.lang.String,java.lang.String)
2026-04-02 12:35:50.833 [main] INFO  c.o.steps.DatabaseValidationSteps - Step: Cleaning up record in 'ohrm_nationality' where id = '990'
2026-04-02 12:35:50.833 [main] INFO  com.orangehrm.db.DatabaseUtil - deleteRows — table: ohrm_nationality, WHERE: id = ?
2026-04-02 12:35:50.833 [main] INFO  com.orangehrm.db.DatabaseUtil - DatabaseUtil.executeUpdate — SQL: DELETE FROM ohrm_nationality WHERE id = ?
2026-04-02 12:35:50.833 [main] DEBUG com.orangehrm.db.DatabaseUtil - DatabaseUtil.getConnection — environment: dev
2026-04-02 12:35:50.833 [main] DEBUG com.orangehrm.config.ConfigManager - Config [db.url] resolved from base config
2026-04-02 12:35:50.833 [main] DEBUG com.orangehrm.config.ConfigManager - Config [db.url] resolved from base config
2026-04-02 12:35:50.833 [main] DEBUG com.orangehrm.config.ConfigManager - Config [db.username] resolved from base config
2026-04-02 12:35:50.833 [main] DEBUG com.orangehrm.config.ConfigManager - Config [db.password] resolved from base config
2026-04-02 12:35:50.833 [main] DEBUG com.orangehrm.config.ConfigManager - Config [db.driver] resolved from base config
2026-04-02 12:35:50.833 [main] DEBUG com.orangehrm.db.DatabaseUtil - JDBC driver loaded: com.mysql.cj.jdbc.Driver
2026-04-02 12:35:50.837 [main] INFO  com.orangehrm.db.DatabaseUtil - Database connection established — URL: jdbc:mysql://localhost:3306/orangehrm?useSSL=false&allowPublicKeyRetrieval=true&serverTimezone=UTC
2026-04-02 12:35:50.841 [main] INFO  com.orangehrm.db.DatabaseUtil - Update affected 1 row(s)
2026-04-02 12:35:50.841 [main] DEBUG com.orangehrm.db.DatabaseUtil - Database connection closed
2026-04-02 12:35:50.841 [main] INFO  c.o.steps.DatabaseValidationSteps - Cleanup completed — 1 row(s) deleted
  And I clean up the record in "ohrm_nationality" where "id" = "990"                      # com.orangehrm.steps.DatabaseValidationSteps.iCleanUpTheRecordInTableWhereColumnEquals(java.lang.String,java.lang.String,java.lang.String)
2026-04-02 12:35:50.842 [main] INFO  com.orangehrm.hooks.Hooks - SCENARIO PASSED/SKIPPED: Validate deletion does not affect unrelated records [thread=main]
2026-04-02 12:35:50.842 [main] INFO  com.orangehrm.hooks.Hooks - ===================================================
2026-04-02 12:35:50.842 [main] INFO  com.orangehrm.hooks.Hooks - FINISHED SCENARIO: Validate deletion does not affect unrelated records [PASSED/SKIPPED] [thread=main]
2026-04-02 12:35:50.842 [main] INFO  com.orangehrm.hooks.Hooks - ===================================================
]]></system-out>
  </testcase>
</testsuite>