<?xml version="1.0" encoding="UTF-8"?>
<testsuite xmlns:xsi="http://www.w3.org/2001/XMLSchema-instance" xsi:noNamespaceSchemaLocation="https://maven.apache.org/surefire/maven-surefire-plugin/xsd/surefire-test-report-3.0.xsd" version="3.0" name="com.orangehrm.runner.TestRunner" time="100.088" tests="17" errors="1" skipped="0" failures="0">
  <properties>
[...]
</properties>
  <testcase name="Successful admin login with configured credentials" classname="OrangeHRM Top-Priority Regression Pack" time="6.449">
    <system-out><![CDATA[
@regression @top-priority @login
Scenario: Successful admin login with configured credentials             # src/test/resources/features/regression-pack.feature:10
2026-04-02 12:20:54.345 [main] INFO  com.orangehrm.hooks.Hooks - ===================================================
2026-04-02 12:20:54.345 [main] INFO  com.orangehrm.hooks.Hooks - STARTING SCENARIO: Successful admin login with configured credentials [thread=main]
2026-04-02 12:20:54.345 [main] INFO  com.orangehrm.hooks.Hooks - Tags: [@regression, @top-priority, @login]
2026-04-02 12:20:54.345 [main] INFO  com.orangehrm.hooks.Hooks - Environment: dev
2026-04-02 12:20:54.345 [main] INFO  com.orangehrm.hooks.Hooks - ===================================================
2026-04-02 12:20:54.345 [main] INFO  com.orangehrm.driver.DriverFactory - Initialising WebDriver — browser=chrome, headless=true, thread=main
2026-04-02 12:20:54.412 [main] INFO  i.g.bonigarcia.wdm.WebDriverManager - Using chromedriver 146.0.7680.165 (resolved driver for Chrome 146)
2026-04-02 12:20:54.416 [main] INFO  i.g.bonigarcia.wdm.WebDriverManager - Exporting webdriver.chrome.driver as /home/kavia/.cache/selenium/chromedriver/linux64/146.0.7680.165/chromedriver
2026-04-02 12:20:54.416 [main] INFO  com.orangehrm.driver.DriverFactory - Chrome configured in HEADLESS mode
2026-04-02 12:20:54.417 [main] DEBUG com.orangehrm.driver.DriverFactory - Chrome user-data-dir for thread main: /tmp/chrome-profile-1-106797020281915
2026-04-02 12:20:54.711 [main] DEBUG com.orangehrm.config.ConfigManager - Config [wait.pageLoad] resolved from base config
2026-04-02 12:20:54.792 [main] INFO  com.orangehrm.driver.DriverFactory - WebDriver initialised successfully (browser=chrome, headless=true, thread=main)
2026-04-02 12:20:54.793 [main] DEBUG com.orangehrm.config.ConfigManager - Config [base.url] resolved from base config
2026-04-02 12:20:54.793 [main] INFO  com.orangehrm.steps.LoginSteps - Step: Verifying OrangeHRM application is accessible at https://opensource-demo.orangehrmlive.com
2026-04-02 12:20:54.793 [main] DEBUG com.orangehrm.config.ConfigManager - Config [base.url] resolved from base config
2026-04-02 12:20:56.602 [main] DEBUG com.orangehrm.utils.WaitUtils - WaitUtils.forVisible — locator: By.cssSelector: body, timeout: 20s
2026-04-02 12:20:56.637 [main] INFO  com.orangehrm.steps.LoginSteps - Application is accessible
  Given the OrangeHRM application is accessible                          # com.orangehrm.steps.LoginSteps.theOrangeHRMApplicationIsAccessible()
2026-04-02 12:20:56.638 [main] INFO  com.orangehrm.steps.LoginSteps - Step: Navigating to login page at path '/auth/login'
2026-04-02 12:20:56.639 [main] DEBUG com.orangehrm.config.ConfigManager - Config [base.url] resolved from base config
2026-04-02 12:20:56.639 [main] INFO  com.orangehrm.pages.BasePage - Navigating to: https://opensource-demo.orangehrmlive.com/web/index.php/auth/login
2026-04-02 12:20:57.211 [main] DEBUG com.orangehrm.pages.BasePage - Waiting for element to be visible: By.cssSelector: .oxd-form
2026-04-02 12:20:57.212 [main] DEBUG com.orangehrm.config.ConfigManager - Config [wait.explicit] resolved from base config
2026-04-02 12:20:57.764 [main] INFO  com.orangehrm.steps.LoginSteps - Login page loaded successfully
  And the user is on the login page "/auth/login"                        # com.orangehrm.steps.LoginSteps.theUserIsOnTheLoginPage(java.lang.String)
2026-04-02 12:20:57.765 [main] INFO  com.orangehrm.steps.LoginSteps - Step: Entering valid credentials and submitting
2026-04-02 12:20:57.765 [main] DEBUG com.orangehrm.config.ConfigManager - Config [admin.username] resolved from base config
2026-04-02 12:20:57.765 [main] DEBUG com.orangehrm.config.ConfigManager - Config [admin.password] resolved from base config
2026-04-02 12:20:57.765 [main] INFO  com.orangehrm.steps.LoginSteps - Step: Entering username 'Admin' and password '***'
2026-04-02 12:20:57.765 [main] DEBUG com.orangehrm.pages.BasePage - Looking for OXD input with label: Username
2026-04-02 12:20:57.766 [main] DEBUG com.orangehrm.pages.BasePage - Waiting for all elements to be visible: By.cssSelector: .oxd-input-group
2026-04-02 12:20:57.766 [main] DEBUG com.orangehrm.config.ConfigManager - Config [wait.explicit] resolved from base config
2026-04-02 12:20:57.926 [main] DEBUG com.orangehrm.pages.BasePage - Looking for OXD input with label: Password
2026-04-02 12:20:57.926 [main] DEBUG com.orangehrm.pages.BasePage - Waiting for all elements to be visible: By.cssSelector: .oxd-input-group
2026-04-02 12:20:57.926 [main] DEBUG com.orangehrm.config.ConfigManager - Config [wait.explicit] resolved from base config
2026-04-02 12:20:58.064 [main] INFO  com.orangehrm.steps.LoginSteps - Credentials entered successfully
2026-04-02 12:20:58.064 [main] DEBUG com.orangehrm.pages.BasePage - Clicking button with text: Login
2026-04-02 12:20:58.065 [main] DEBUG com.orangehrm.pages.BasePage - Waiting for all elements to be visible: By.cssSelector: .oxd-button
2026-04-02 12:20:58.065 [main] DEBUG com.orangehrm.config.ConfigManager - Config [wait.explicit] resolved from base config
2026-04-02 12:20:58.145 [main] INFO  com.orangehrm.pages.BasePage - Clicked button: Login
  When the user enters valid credentials and submits the form            # com.orangehrm.steps.LoginSteps.theUserEntersValidCredentialsAndSubmitsTheForm()
2026-04-02 12:20:58.146 [main] INFO  com.orangehrm.steps.LoginSteps - Step: Verifying redirect to dashboard '/dashboard/index'
2026-04-02 12:20:58.146 [main] DEBUG com.orangehrm.utils.WaitUtils - WaitUtils.forUrlContains — fragment: dashboard
2026-04-02 12:20:58.146 [main] DEBUG com.orangehrm.config.ConfigManager - Config [wait.explicit] resolved from base config
2026-04-02 12:21:00.683 [main] INFO  com.orangehrm.steps.LoginSteps - Successfully redirected to dashboard: https://opensource-demo.orangehrmlive.com/web/index.php/dashboard/index
  Then the user should be redirected to the dashboard "/dashboard/index" # com.orangehrm.steps.LoginSteps.theUserShouldBeRedirectedToTheDashboard(java.lang.String)
2026-04-02 12:21:00.683 [main] INFO  com.orangehrm.steps.LoginSteps - Step: POST redirect verification for '/auth/validate' (implicit – browser follows redirect)
2026-04-02 12:21:00.684 [main] DEBUG com.orangehrm.utils.WaitUtils - WaitUtils.forUrlContains — fragment: dashboard
2026-04-02 12:21:00.684 [main] DEBUG com.orangehrm.config.ConfigManager - Config [wait.explicit] resolved from base config
2026-04-02 12:21:00.687 [main] INFO  com.orangehrm.steps.LoginSteps - Redirect from '/auth/validate' confirmed by landing on dashboard
  And the POST to "/auth/validate" should return a redirect response     # com.orangehrm.steps.LoginSteps.thePOSTToShouldReturnARedirectResponse(java.lang.String)
2026-04-02 12:21:00.688 [main] INFO  com.orangehrm.steps.LoginSteps - Step: Verifying redirect to home page
2026-04-02 12:21:00.691 [main] INFO  com.orangehrm.steps.LoginSteps - User redirected from login page to: https://opensource-demo.orangehrmlive.com/web/index.php/dashboard/index
  And the user should be redirected to the home page via HomePageService # com.orangehrm.steps.LoginSteps.theUserShouldBeRedirectedToTheHomePageViaHomePageService()
2026-04-02 12:21:00.691 [main] INFO  com.orangehrm.hooks.Hooks - SCENARIO PASSED/SKIPPED: Successful admin login with configured credentials [thread=main]
2026-04-02 12:21:00.691 [main] INFO  com.orangehrm.driver.DriverFactory - Quitting WebDriver (thread=main)...
2026-04-02 12:21:00.781 [main] INFO  com.orangehrm.driver.DriverFactory - WebDriver instance removed from ThreadLocal (thread=main)
2026-04-02 12:21:00.782 [main] INFO  com.orangehrm.hooks.Hooks - ===================================================
2026-04-02 12:21:00.782 [main] INFO  com.orangehrm.hooks.Hooks - FINISHED SCENARIO: Successful admin login with configured credentials [PASSED/SKIPPED] [thread=main]
2026-04-02 12:21:00.782 [main] INFO  com.orangehrm.hooks.Hooks - ===================================================
]]></system-out>
    <system-err><![CDATA[Apr 02, 2026 12:20:54 PM org.openqa.selenium.devtools.CdpVersionFinder findNearestMatch
WARNING: Unable to find CDP implementation matching 146
Apr 02, 2026 12:20:54 PM org.openqa.selenium.chromium.ChromiumDriver lambda$new$5
WARNING: Unable to find version of CDP to use for 146.0.7680.177. You may need to include a dependency on a specific version of the CDP using something similar to `org.seleniumhq.selenium:selenium-devtools-v86:4.18.1` where the version ("v86") matches the version of the chromium-based browser you're using and the version number of the artifact is the same as Selenium's.
]]></system-err>
  </testcase>
  <testcase name="Login form contains CSRF protection" classname="OrangeHRM Top-Priority Regression Pack" time="8.218">
    <system-out><![CDATA[
@regression @top-priority @login
Scenario: Login form contains CSRF protection                  # src/test/resources/features/regression-pack.feature:19
2026-04-02 12:21:00.787 [main] INFO  com.orangehrm.hooks.Hooks - ===================================================
2026-04-02 12:21:00.787 [main] INFO  com.orangehrm.hooks.Hooks - STARTING SCENARIO: Login form contains CSRF protection [thread=main]
2026-04-02 12:21:00.787 [main] INFO  com.orangehrm.hooks.Hooks - Tags: [@regression, @top-priority, @login]
2026-04-02 12:21:00.787 [main] INFO  com.orangehrm.hooks.Hooks - Environment: dev
2026-04-02 12:21:00.787 [main] INFO  com.orangehrm.hooks.Hooks - ===================================================
2026-04-02 12:21:00.787 [main] INFO  com.orangehrm.driver.DriverFactory - Initialising WebDriver — browser=chrome, headless=true, thread=main
2026-04-02 12:21:00.792 [main] INFO  i.g.bonigarcia.wdm.WebDriverManager - Using chromedriver 146.0.7680.165 (resolved driver for Chrome 146)
2026-04-02 12:21:00.795 [main] INFO  i.g.bonigarcia.wdm.WebDriverManager - Exporting webdriver.chrome.driver as /home/kavia/.cache/selenium/chromedriver/linux64/146.0.7680.165/chromedriver
2026-04-02 12:21:00.795 [main] INFO  com.orangehrm.driver.DriverFactory - Chrome configured in HEADLESS mode
2026-04-02 12:21:00.795 [main] DEBUG com.orangehrm.driver.DriverFactory - Chrome user-data-dir for thread main: /tmp/chrome-profile-1-106803398775153
2026-04-02 12:21:01.144 [main] DEBUG com.orangehrm.config.ConfigManager - Config [wait.pageLoad] resolved from base config
2026-04-02 12:21:01.234 [main] INFO  com.orangehrm.driver.DriverFactory - WebDriver initialised successfully (browser=chrome, headless=true, thread=main)
2026-04-02 12:21:01.235 [main] INFO  com.orangehrm.steps.LoginSteps - Step: Navigating to login page at path '/auth/login'
2026-04-02 12:21:01.235 [main] DEBUG com.orangehrm.config.ConfigManager - Config [base.url] resolved from base config
2026-04-02 12:21:01.235 [main] INFO  com.orangehrm.pages.BasePage - Navigating to: https://opensource-demo.orangehrmlive.com/web/index.php/auth/login
2026-04-02 12:21:03.104 [main] DEBUG com.orangehrm.pages.BasePage - Waiting for element to be visible: By.cssSelector: .oxd-form
2026-04-02 12:21:03.104 [main] DEBUG com.orangehrm.config.ConfigManager - Config [wait.explicit] resolved from base config
2026-04-02 12:21:03.723 [main] INFO  com.orangehrm.steps.LoginSteps - Login page loaded successfully
  Given the user is on the login page "/auth/login"            # com.orangehrm.steps.LoginSteps.theUserIsOnTheLoginPage(java.lang.String)
2026-04-02 12:21:03.723 [main] INFO  com.orangehrm.steps.LoginSteps - Step: Verifying CSRF token field in login form
2026-04-02 12:21:08.926 [main] INFO  com.orangehrm.steps.LoginSteps - CSRF token field present: false
  Then the login form should contain a hidden CSRF token field # com.orangehrm.steps.LoginSteps.theLoginFormShouldContainAHiddenCSRFTokenField()
2026-04-02 12:21:08.927 [main] INFO  com.orangehrm.hooks.Hooks - SCENARIO PASSED/SKIPPED: Login form contains CSRF protection [thread=main]
2026-04-02 12:21:08.927 [main] INFO  com.orangehrm.driver.DriverFactory - Quitting WebDriver (thread=main)...
2026-04-02 12:21:09.000 [main] INFO  com.orangehrm.driver.DriverFactory - WebDriver instance removed from ThreadLocal (thread=main)
2026-04-02 12:21:09.000 [main] INFO  com.orangehrm.hooks.Hooks - ===================================================
2026-04-02 12:21:09.001 [main] INFO  com.orangehrm.hooks.Hooks - FINISHED SCENARIO: Login form contains CSRF protection [PASSED/SKIPPED] [thread=main]
2026-04-02 12:21:09.001 [main] INFO  com.orangehrm.hooks.Hooks - ===================================================
]]></system-out>
    <system-err><![CDATA[Apr 02, 2026 12:21:01 PM org.openqa.selenium.devtools.CdpVersionFinder findNearestMatch
WARNING: Unable to find CDP implementation matching 146
Apr 02, 2026 12:21:01 PM org.openqa.selenium.chromium.ChromiumDriver lambda$new$5
WARNING: Unable to find version of CDP to use for 146.0.7680.177. You may need to include a dependency on a specific version of the CDP using something similar to `org.seleniumhq.selenium:selenium-devtools-v86:4.18.1` where the version ("v86") matches the version of the chromium-based browser you're using and the version number of the artifact is the same as Selenium's.
]]></system-err>
  </testcase>
  <testcase name="CSRF token is submitted with login request" classname="OrangeHRM Top-Priority Regression Pack" time="4.731">
    <system-out><![CDATA[
@regression @top-priority @login
Scenario: CSRF token is submitted with login request                             # src/test/resources/features/regression-pack.feature:24
2026-04-02 12:21:09.005 [main] INFO  com.orangehrm.hooks.Hooks - ===================================================
2026-04-02 12:21:09.005 [main] INFO  com.orangehrm.hooks.Hooks - STARTING SCENARIO: CSRF token is submitted with login request [thread=main]
2026-04-02 12:21:09.005 [main] INFO  com.orangehrm.hooks.Hooks - Tags: [@regression, @top-priority, @login]
2026-04-02 12:21:09.005 [main] INFO  com.orangehrm.hooks.Hooks - Environment: dev
2026-04-02 12:21:09.005 [main] INFO  com.orangehrm.hooks.Hooks - ===================================================
2026-04-02 12:21:09.005 [main] INFO  com.orangehrm.driver.DriverFactory - Initialising WebDriver — browser=chrome, headless=true, thread=main
2026-04-02 12:21:09.012 [main] INFO  i.g.bonigarcia.wdm.WebDriverManager - Using chromedriver 146.0.7680.165 (resolved driver for Chrome 146)
2026-04-02 12:21:09.015 [main] INFO  i.g.bonigarcia.wdm.WebDriverManager - Exporting webdriver.chrome.driver as /home/kavia/.cache/selenium/chromedriver/linux64/146.0.7680.165/chromedriver
2026-04-02 12:21:09.015 [main] INFO  com.orangehrm.driver.DriverFactory - Chrome configured in HEADLESS mode
2026-04-02 12:21:09.015 [main] DEBUG com.orangehrm.driver.DriverFactory - Chrome user-data-dir for thread main: /tmp/chrome-profile-1-106811618534632
2026-04-02 12:21:09.304 [main] DEBUG com.orangehrm.config.ConfigManager - Config [wait.pageLoad] resolved from base config
2026-04-02 12:21:09.387 [main] INFO  com.orangehrm.driver.DriverFactory - WebDriver initialised successfully (browser=chrome, headless=true, thread=main)
2026-04-02 12:21:09.387 [main] INFO  com.orangehrm.steps.LoginSteps - Step: Navigating to login page at path '/auth/login'
2026-04-02 12:21:09.388 [main] DEBUG com.orangehrm.config.ConfigManager - Config [base.url] resolved from base config
2026-04-02 12:21:09.388 [main] INFO  com.orangehrm.pages.BasePage - Navigating to: https://opensource-demo.orangehrmlive.com/web/index.php/auth/login
2026-04-02 12:21:11.225 [main] DEBUG com.orangehrm.pages.BasePage - Waiting for element to be visible: By.cssSelector: .oxd-form
2026-04-02 12:21:11.225 [main] DEBUG com.orangehrm.config.ConfigManager - Config [wait.explicit] resolved from base config
2026-04-02 12:21:11.785 [main] INFO  com.orangehrm.steps.LoginSteps - Login page loaded successfully
  Given the user is on the login page "/auth/login"                              # com.orangehrm.steps.LoginSteps.theUserIsOnTheLoginPage(java.lang.String)
2026-04-02 12:21:11.786 [main] INFO  com.orangehrm.steps.LoginSteps - Step: Entering valid credentials and submitting
2026-04-02 12:21:11.786 [main] DEBUG com.orangehrm.config.ConfigManager - Config [admin.username] resolved from base config
2026-04-02 12:21:11.786 [main] DEBUG com.orangehrm.config.ConfigManager - Config [admin.password] resolved from base config
2026-04-02 12:21:11.786 [main] INFO  com.orangehrm.steps.LoginSteps - Step: Entering username 'Admin' and password '***'
2026-04-02 12:21:11.786 [main] DEBUG com.orangehrm.pages.BasePage - Looking for OXD input with label: Username
2026-04-02 12:21:11.786 [main] DEBUG com.orangehrm.pages.BasePage - Waiting for all elements to be visible: By.cssSelector: .oxd-input-group
2026-04-02 12:21:11.786 [main] DEBUG com.orangehrm.config.ConfigManager - Config [wait.explicit] resolved from base config
2026-04-02 12:21:11.936 [main] DEBUG com.orangehrm.pages.BasePage - Looking for OXD input with label: Password
2026-04-02 12:21:11.936 [main] DEBUG com.orangehrm.pages.BasePage - Waiting for all elements to be visible: By.cssSelector: .oxd-input-group
2026-04-02 12:21:11.936 [main] DEBUG com.orangehrm.config.ConfigManager - Config [wait.explicit] resolved from base config
2026-04-02 12:21:12.053 [main] INFO  com.orangehrm.steps.LoginSteps - Credentials entered successfully
2026-04-02 12:21:12.053 [main] DEBUG com.orangehrm.pages.BasePage - Clicking button with text: Login
2026-04-02 12:21:12.054 [main] DEBUG com.orangehrm.pages.BasePage - Waiting for all elements to be visible: By.cssSelector: .oxd-button
2026-04-02 12:21:12.054 [main] DEBUG com.orangehrm.config.ConfigManager - Config [wait.explicit] resolved from base config
2026-04-02 12:21:12.132 [main] INFO  com.orangehrm.pages.BasePage - Clicked button: Login
  When the user enters valid credentials and submits the form                    # com.orangehrm.steps.LoginSteps.theUserEntersValidCredentialsAndSubmitsTheForm()
2026-04-02 12:21:12.132 [main] INFO  com.orangehrm.steps.LoginSteps - Step: CSRF token in POST to '/auth/validate' (verified by successful login flow)
2026-04-02 12:21:12.132 [main] DEBUG com.orangehrm.utils.WaitUtils - WaitUtils.forUrlContains — fragment: dashboard
2026-04-02 12:21:12.132 [main] DEBUG com.orangehrm.config.ConfigManager - Config [wait.explicit] resolved from base config
2026-04-02 12:21:13.640 [main] INFO  com.orangehrm.steps.LoginSteps - CSRF token was included (login succeeded, which requires valid CSRF)
  Then the CSRF token should be included in the POST request to "/auth/validate" # com.orangehrm.steps.LoginSteps.theCSRFTokenShouldBeIncludedInThePOSTRequestTo(java.lang.String)
2026-04-02 12:21:13.641 [main] INFO  com.orangehrm.hooks.Hooks - SCENARIO PASSED/SKIPPED: CSRF token is submitted with login request [thread=main]
2026-04-02 12:21:13.641 [main] INFO  com.orangehrm.driver.DriverFactory - Quitting WebDriver (thread=main)...
2026-04-02 12:21:13.731 [main] INFO  com.orangehrm.driver.DriverFactory - WebDriver instance removed from ThreadLocal (thread=main)
2026-04-02 12:21:13.732 [main] INFO  com.orangehrm.hooks.Hooks - ===================================================
2026-04-02 12:21:13.732 [main] INFO  com.orangehrm.hooks.Hooks - FINISHED SCENARIO: CSRF token is submitted with login request [PASSED/SKIPPED] [thread=main]
2026-04-02 12:21:13.732 [main] INFO  com.orangehrm.hooks.Hooks - ===================================================
]]></system-out>
    <system-err><![CDATA[Apr 02, 2026 12:21:09 PM org.openqa.selenium.devtools.CdpVersionFinder findNearestMatch
WARNING: Unable to find CDP implementation matching 146
Apr 02, 2026 12:21:09 PM org.openqa.selenium.chromium.ChromiumDriver lambda$new$5
WARNING: Unable to find version of CDP to use for 146.0.7680.177. You may need to include a dependency on a specific version of the CDP using something similar to `org.seleniumhq.selenium:selenium-devtools-v86:4.18.1` where the version ("v86") matches the version of the chromium-based browser you're using and the version number of the artifact is the same as Selenium's.
]]></system-err>
  </testcase>
  <testcase name="Login page displays social media section" classname="OrangeHRM Top-Priority Regression Pack" time="3.099">
    <system-out><![CDATA[
@regression @top-priority @login
Scenario: Login page displays social media section                # src/test/resources/features/regression-pack.feature:30
2026-04-02 12:21:13.735 [main] INFO  com.orangehrm.hooks.Hooks - ===================================================
2026-04-02 12:21:13.735 [main] INFO  com.orangehrm.hooks.Hooks - STARTING SCENARIO: Login page displays social media section [thread=main]
2026-04-02 12:21:13.735 [main] INFO  com.orangehrm.hooks.Hooks - Tags: [@regression, @top-priority, @login]
2026-04-02 12:21:13.735 [main] INFO  com.orangehrm.hooks.Hooks - Environment: dev
2026-04-02 12:21:13.735 [main] INFO  com.orangehrm.hooks.Hooks - ===================================================
2026-04-02 12:21:13.735 [main] INFO  com.orangehrm.driver.DriverFactory - Initialising WebDriver — browser=chrome, headless=true, thread=main
2026-04-02 12:21:13.740 [main] INFO  i.g.bonigarcia.wdm.WebDriverManager - Using chromedriver 146.0.7680.165 (resolved driver for Chrome 146)
2026-04-02 12:21:13.743 [main] INFO  i.g.bonigarcia.wdm.WebDriverManager - Exporting webdriver.chrome.driver as /home/kavia/.cache/selenium/chromedriver/linux64/146.0.7680.165/chromedriver
2026-04-02 12:21:13.743 [main] INFO  com.orangehrm.driver.DriverFactory - Chrome configured in HEADLESS mode
2026-04-02 12:21:13.743 [main] DEBUG com.orangehrm.driver.DriverFactory - Chrome user-data-dir for thread main: /tmp/chrome-profile-1-106816347072694
2026-04-02 12:21:14.027 [main] DEBUG com.orangehrm.config.ConfigManager - Config [wait.pageLoad] resolved from base config
2026-04-02 12:21:14.104 [main] INFO  com.orangehrm.driver.DriverFactory - WebDriver initialised successfully (browser=chrome, headless=true, thread=main)
2026-04-02 12:21:14.105 [main] INFO  com.orangehrm.steps.LoginSteps - Step: Navigating to login page at path '/auth/login'
2026-04-02 12:21:14.105 [main] DEBUG com.orangehrm.config.ConfigManager - Config [base.url] resolved from base config
2026-04-02 12:21:14.105 [main] INFO  com.orangehrm.pages.BasePage - Navigating to: https://opensource-demo.orangehrmlive.com/web/index.php/auth/login
2026-04-02 12:21:15.662 [main] DEBUG com.orangehrm.pages.BasePage - Waiting for element to be visible: By.cssSelector: .oxd-form
2026-04-02 12:21:15.663 [main] DEBUG com.orangehrm.config.ConfigManager - Config [wait.explicit] resolved from base config
2026-04-02 12:21:16.717 [main] INFO  com.orangehrm.steps.LoginSteps - Login page loaded successfully
  Given the user is on the login page "/auth/login"               # com.orangehrm.steps.LoginSteps.theUserIsOnTheLoginPage(java.lang.String)
2026-04-02 12:21:16.717 [main] INFO  com.orangehrm.steps.LoginSteps - Step: Verifying social media section
2026-04-02 12:21:16.740 [main] INFO  com.orangehrm.steps.LoginSteps - Social media section check complete (visible=true)
  Then the social media section should be displayed as configured # com.orangehrm.steps.LoginSteps.theSocialMediaSectionShouldBeDisplayedAsConfigured()
2026-04-02 12:21:16.740 [main] INFO  com.orangehrm.hooks.Hooks - SCENARIO PASSED/SKIPPED: Login page displays social media section [thread=main]
2026-04-02 12:21:16.740 [main] INFO  com.orangehrm.driver.DriverFactory - Quitting WebDriver (thread=main)...
2026-04-02 12:21:16.830 [main] INFO  com.orangehrm.driver.DriverFactory - WebDriver instance removed from ThreadLocal (thread=main)
2026-04-02 12:21:16.830 [main] INFO  com.orangehrm.hooks.Hooks - ===================================================
2026-04-02 12:21:16.830 [main] INFO  com.orangehrm.hooks.Hooks - FINISHED SCENARIO: Login page displays social media section [PASSED/SKIPPED] [thread=main]
2026-04-02 12:21:16.830 [main] INFO  com.orangehrm.hooks.Hooks - ===================================================
]]></system-out>
    <system-err><![CDATA[Apr 02, 2026 12:21:14 PM org.openqa.selenium.devtools.CdpVersionFinder findNearestMatch
WARNING: Unable to find CDP implementation matching 146
Apr 02, 2026 12:21:14 PM org.openqa.selenium.chromium.ChromiumDriver lambda$new$5
WARNING: Unable to find version of CDP to use for 146.0.7680.177. You may need to include a dependency on a specific version of the CDP using something similar to `org.seleniumhq.selenium:selenium-devtools-v86:4.18.1` where the version ("v86") matches the version of the chromium-based browser you're using and the version number of the artifact is the same as Selenium's.
]]></system-err>
  </testcase>
  <testcase name="XSS prevention in login fields" classname="OrangeHRM Top-Priority Regression Pack" time="5.565">
    <system-out><![CDATA[
@regression @top-priority @login
Scenario: XSS prevention in login fields                                            # src/test/resources/features/regression-pack.feature:35
2026-04-02 12:21:16.836 [main] INFO  com.orangehrm.hooks.Hooks - ===================================================
2026-04-02 12:21:16.836 [main] INFO  com.orangehrm.hooks.Hooks - STARTING SCENARIO: XSS prevention in login fields [thread=main]
2026-04-02 12:21:16.836 [main] INFO  com.orangehrm.hooks.Hooks - Tags: [@regression, @top-priority, @login]
2026-04-02 12:21:16.836 [main] INFO  com.orangehrm.hooks.Hooks - Environment: dev
2026-04-02 12:21:16.836 [main] INFO  com.orangehrm.hooks.Hooks - ===================================================
2026-04-02 12:21:16.836 [main] INFO  com.orangehrm.driver.DriverFactory - Initialising WebDriver — browser=chrome, headless=true, thread=main
2026-04-02 12:21:16.843 [main] INFO  i.g.bonigarcia.wdm.WebDriverManager - Using chromedriver 146.0.7680.165 (resolved driver for Chrome 146)
2026-04-02 12:21:16.847 [main] INFO  i.g.bonigarcia.wdm.WebDriverManager - Exporting webdriver.chrome.driver as /home/kavia/.cache/selenium/chromedriver/linux64/146.0.7680.165/chromedriver
2026-04-02 12:21:16.847 [main] INFO  com.orangehrm.driver.DriverFactory - Chrome configured in HEADLESS mode
2026-04-02 12:21:16.847 [main] DEBUG com.orangehrm.driver.DriverFactory - Chrome user-data-dir for thread main: /tmp/chrome-profile-1-106819450990647
2026-04-02 12:21:17.140 [main] DEBUG com.orangehrm.config.ConfigManager - Config [wait.pageLoad] resolved from base config
2026-04-02 12:21:17.218 [main] INFO  com.orangehrm.driver.DriverFactory - WebDriver initialised successfully (browser=chrome, headless=true, thread=main)
2026-04-02 12:21:17.218 [main] INFO  com.orangehrm.steps.LoginSteps - Step: Navigating to login page at path '/auth/login'
2026-04-02 12:21:17.218 [main] DEBUG com.orangehrm.config.ConfigManager - Config [base.url] resolved from base config
2026-04-02 12:21:17.219 [main] INFO  com.orangehrm.pages.BasePage - Navigating to: https://opensource-demo.orangehrmlive.com/web/index.php/auth/login
2026-04-02 12:21:18.661 [main] DEBUG com.orangehrm.pages.BasePage - Waiting for element to be visible: By.cssSelector: .oxd-form
2026-04-02 12:21:18.661 [main] DEBUG com.orangehrm.config.ConfigManager - Config [wait.explicit] resolved from base config
2026-04-02 12:21:19.714 [main] INFO  com.orangehrm.steps.LoginSteps - Login page loaded successfully
  Given the user is on the login page "/auth/login"                                 # com.orangehrm.steps.LoginSteps.theUserIsOnTheLoginPage(java.lang.String)
2026-04-02 12:21:19.715 [main] INFO  com.orangehrm.steps.LoginSteps - Step: Entering username '<script>alert('XSS')</script>' and password '***'
2026-04-02 12:21:19.715 [main] DEBUG com.orangehrm.pages.BasePage - Looking for OXD input with label: Username
2026-04-02 12:21:19.715 [main] DEBUG com.orangehrm.pages.BasePage - Waiting for all elements to be visible: By.cssSelector: .oxd-input-group
2026-04-02 12:21:19.715 [main] DEBUG com.orangehrm.config.ConfigManager - Config [wait.explicit] resolved from base config
2026-04-02 12:21:19.864 [main] DEBUG com.orangehrm.pages.BasePage - Looking for OXD input with label: Password
2026-04-02 12:21:19.865 [main] DEBUG com.orangehrm.pages.BasePage - Waiting for all elements to be visible: By.cssSelector: .oxd-input-group
2026-04-02 12:21:19.865 [main] DEBUG com.orangehrm.config.ConfigManager - Config [wait.explicit] resolved from base config
2026-04-02 12:21:19.982 [main] INFO  com.orangehrm.steps.LoginSteps - Credentials entered successfully
  When the user enters username "<script>alert('XSS')</script>" and password "test" # com.orangehrm.steps.LoginSteps.theUserEntersUsernameAndPassword(java.lang.String,java.lang.String)
2026-04-02 12:21:19.983 [main] INFO  com.orangehrm.steps.LoginSteps - Step: Clicking 'Login' button
2026-04-02 12:21:19.983 [main] DEBUG com.orangehrm.pages.BasePage - Clicking button with text: Login
2026-04-02 12:21:19.983 [main] DEBUG com.orangehrm.pages.BasePage - Waiting for all elements to be visible: By.cssSelector: .oxd-button
2026-04-02 12:21:19.983 [main] DEBUG com.orangehrm.config.ConfigManager - Config [wait.explicit] resolved from base config
2026-04-02 12:21:20.052 [main] INFO  com.orangehrm.pages.BasePage - Clicked button: Login
2026-04-02 12:21:20.053 [main] INFO  com.orangehrm.steps.LoginSteps - Button 'Login' clicked
  And the user clicks the "Login" button                                            # com.orangehrm.steps.LoginSteps.theUserClicksTheButton(java.lang.String)
2026-04-02 12:21:20.053 [main] INFO  com.orangehrm.steps.LoginSteps - Step: Verifying no XSS script execution
2026-04-02 12:21:20.060 [main] INFO  com.orangehrm.steps.LoginSteps - No XSS alert detected – input is properly sanitized
  Then no script execution should occur                                             # com.orangehrm.steps.LoginSteps.noScriptExecutionShouldOccur()
2026-04-02 12:21:20.060 [main] INFO  com.orangehrm.steps.LoginSteps - Step: Verifying user remains on login page
2026-04-02 12:21:22.302 [main] INFO  com.orangehrm.steps.LoginSteps - User remains on login page: https://opensource-demo.orangehrmlive.com/web/index.php/auth/login
  And the user should remain on the login page                                      # com.orangehrm.steps.LoginSteps.theUserShouldRemainOnTheLoginPage()
2026-04-02 12:21:22.305 [main] INFO  com.orangehrm.hooks.Hooks - SCENARIO PASSED/SKIPPED: XSS prevention in login fields [thread=main]
2026-04-02 12:21:22.306 [main] INFO  com.orangehrm.driver.DriverFactory - Quitting WebDriver (thread=main)...
2026-04-02 12:21:22.395 [main] INFO  com.orangehrm.driver.DriverFactory - WebDriver instance removed from ThreadLocal (thread=main)
2026-04-02 12:21:22.395 [main] INFO  com.orangehrm.hooks.Hooks - ===================================================
2026-04-02 12:21:22.395 [main] INFO  com.orangehrm.hooks.Hooks - FINISHED SCENARIO: XSS prevention in login fields [PASSED/SKIPPED] [thread=main]
2026-04-02 12:21:22.395 [main] INFO  com.orangehrm.hooks.Hooks - ===================================================
]]></system-out>
    <system-err><![CDATA[Apr 02, 2026 12:21:17 PM org.openqa.selenium.devtools.CdpVersionFinder findNearestMatch
WARNING: Unable to find CDP implementation matching 146
Apr 02, 2026 12:21:17 PM org.openqa.selenium.chromium.ChromiumDriver lambda$new$5
WARNING: Unable to find version of CDP to use for 146.0.7680.177. You may need to include a dependency on a specific version of the CDP using something similar to `org.seleniumhq.selenium:selenium-devtools-v86:4.18.1` where the version ("v86") matches the version of the chromium-based browser you're using and the version number of the artifact is the same as Selenium's.
]]></system-err>
  </testcase>
  <testcase name="Session timeout redirects to login" classname="OrangeHRM Top-Priority Regression Pack" time="10.901">
    <system-out><![CDATA[
@regression @top-priority @login
Scenario: Session timeout redirects to login    # src/test/resources/features/regression-pack.feature:61
2026-04-02 12:21:22.399 [main] INFO  com.orangehrm.hooks.Hooks - ===================================================
2026-04-02 12:21:22.399 [main] INFO  com.orangehrm.hooks.Hooks - STARTING SCENARIO: Session timeout redirects to login [thread=main]
2026-04-02 12:21:22.399 [main] INFO  com.orangehrm.hooks.Hooks - Tags: [@regression, @top-priority, @login]
2026-04-02 12:21:22.399 [main] INFO  com.orangehrm.hooks.Hooks - Environment: dev
2026-04-02 12:21:22.399 [main] INFO  com.orangehrm.hooks.Hooks - ===================================================
2026-04-02 12:21:22.399 [main] INFO  com.orangehrm.driver.DriverFactory - Initialising WebDriver — browser=chrome, headless=true, thread=main
2026-04-02 12:21:22.403 [main] INFO  i.g.bonigarcia.wdm.WebDriverManager - Using chromedriver 146.0.7680.165 (resolved driver for Chrome 146)
2026-04-02 12:21:22.406 [main] INFO  i.g.bonigarcia.wdm.WebDriverManager - Exporting webdriver.chrome.driver as /home/kavia/.cache/selenium/chromedriver/linux64/146.0.7680.165/chromedriver
2026-04-02 12:21:22.406 [main] INFO  com.orangehrm.driver.DriverFactory - Chrome configured in HEADLESS mode
2026-04-02 12:21:22.406 [main] DEBUG com.orangehrm.driver.DriverFactory - Chrome user-data-dir for thread main: /tmp/chrome-profile-1-106825009690599
2026-04-02 12:21:22.709 [main] DEBUG com.orangehrm.config.ConfigManager - Config [wait.pageLoad] resolved from base config
2026-04-02 12:21:22.797 [main] INFO  com.orangehrm.driver.DriverFactory - WebDriver initialised successfully (browser=chrome, headless=true, thread=main)
2026-04-02 12:21:22.798 [main] INFO  com.orangehrm.steps.LoginSteps - Step: Logging in as admin user
2026-04-02 12:21:22.799 [main] INFO  c.orangehrm.utils.NavigationHelper - NavigationHelper.loginAsAdmin — starting
2026-04-02 12:21:22.799 [main] DEBUG com.orangehrm.config.ConfigManager - Config [admin.username] resolved from base config
2026-04-02 12:21:22.799 [main] DEBUG com.orangehrm.config.ConfigManager - Config [admin.password] resolved from base config
2026-04-02 12:21:22.799 [main] INFO  c.orangehrm.utils.NavigationHelper - NavigationHelper.login — user: 'Admin', thread: main
2026-04-02 12:21:22.799 [main] INFO  c.orangehrm.utils.NavigationHelper - NavigationHelper.navigateToLoginPage — navigating
2026-04-02 12:21:22.799 [main] DEBUG com.orangehrm.config.ConfigManager - Config [base.url] resolved from base config
2026-04-02 12:21:22.799 [main] INFO  com.orangehrm.pages.BasePage - Navigating to: https://opensource-demo.orangehrmlive.com/web/index.php/auth/login
2026-04-02 12:21:24.863 [main] DEBUG com.orangehrm.pages.BasePage - Waiting for element to be visible: By.cssSelector: .oxd-form
2026-04-02 12:21:24.863 [main] DEBUG com.orangehrm.config.ConfigManager - Config [wait.explicit] resolved from base config
2026-04-02 12:21:26.435 [main] INFO  c.orangehrm.utils.NavigationHelper - NavigationHelper.navigateToLoginPage — login form visible
2026-04-02 12:21:26.435 [main] DEBUG com.orangehrm.pages.BasePage - Looking for OXD input with label: Username
2026-04-02 12:21:26.435 [main] DEBUG com.orangehrm.pages.BasePage - Waiting for all elements to be visible: By.cssSelector: .oxd-input-group
2026-04-02 12:21:26.435 [main] DEBUG com.orangehrm.config.ConfigManager - Config [wait.explicit] resolved from base config
2026-04-02 12:21:26.593 [main] DEBUG com.orangehrm.pages.BasePage - Looking for OXD input with label: Password
2026-04-02 12:21:26.594 [main] DEBUG com.orangehrm.pages.BasePage - Waiting for all elements to be visible: By.cssSelector: .oxd-input-group
2026-04-02 12:21:26.594 [main] DEBUG com.orangehrm.config.ConfigManager - Config [wait.explicit] resolved from base config
2026-04-02 12:21:26.726 [main] DEBUG com.orangehrm.pages.BasePage - Clicking button with text: Login
2026-04-02 12:21:26.727 [main] DEBUG com.orangehrm.pages.BasePage - Waiting for all elements to be visible: By.cssSelector: .oxd-button
2026-04-02 12:21:26.727 [main] DEBUG com.orangehrm.config.ConfigManager - Config [wait.explicit] resolved from base config
2026-04-02 12:21:26.800 [main] INFO  com.orangehrm.pages.BasePage - Clicked button: Login
2026-04-02 12:21:26.800 [main] INFO  c.orangehrm.utils.NavigationHelper - Login form submitted for user: 'Admin'
2026-04-02 12:21:26.800 [main] DEBUG com.orangehrm.utils.WaitUtils - WaitUtils.forUrlContains — fragment: dashboard
2026-04-02 12:21:26.800 [main] DEBUG com.orangehrm.config.ConfigManager - Config [wait.explicit] resolved from base config
2026-04-02 12:21:31.407 [main] INFO  c.orangehrm.utils.NavigationHelper - NavigationHelper.loginAsAdmin — dashboard reached
2026-04-02 12:21:31.407 [main] INFO  com.orangehrm.steps.LoginSteps - Admin user logged in successfully
  Given the admin user is logged in             # com.orangehrm.steps.LoginSteps.theAdminUserIsLoggedIn()
2026-04-02 12:21:31.408 [main] INFO  com.orangehrm.steps.LoginSteps - Step: Simulating session timeout by clearing cookies
2026-04-02 12:21:31.408 [main] INFO  c.orangehrm.utils.NavigationHelper - NavigationHelper.clearSession — clearing cookies
2026-04-02 12:21:31.421 [main] INFO  c.orangehrm.utils.NavigationHelper - NavigationHelper.clearSession — cookies cleared
  When the session times out                    # com.orangehrm.steps.LoginSteps.theSessionTimesOut()
2026-04-02 12:21:31.421 [main] INFO  com.orangehrm.steps.LoginSteps - Step: Navigating to trigger redirect to login
2026-04-02 12:21:31.421 [main] DEBUG com.orangehrm.config.ConfigManager - Config [base.url] resolved from base config
2026-04-02 12:21:31.421 [main] INFO  com.orangehrm.pages.BasePage - Navigating to: https://opensource-demo.orangehrmlive.com/web/index.php/dashboard/index
2026-04-02 12:21:33.199 [main] DEBUG com.orangehrm.utils.WaitUtils - WaitUtils.forUrlContains — fragment: login
2026-04-02 12:21:33.199 [main] DEBUG com.orangehrm.config.ConfigManager - Config [wait.explicit] resolved from base config
  And the user is redirected to the login page  # com.orangehrm.steps.LoginSteps.theUserIsRedirectedToTheLoginPage()
2026-04-02 12:21:33.203 [main] INFO  com.orangehrm.steps.LoginSteps - Step: Verifying user remains on login page
2026-04-02 12:21:33.206 [main] INFO  com.orangehrm.steps.LoginSteps - User remains on login page: https://opensource-demo.orangehrmlive.com/web/index.php/auth/login
  Then the user should remain on the login page # com.orangehrm.steps.LoginSteps.theUserShouldRemainOnTheLoginPage()
2026-04-02 12:21:33.206 [main] INFO  com.orangehrm.hooks.Hooks - SCENARIO PASSED/SKIPPED: Session timeout redirects to login [thread=main]
2026-04-02 12:21:33.206 [main] INFO  com.orangehrm.driver.DriverFactory - Quitting WebDriver (thread=main)...
2026-04-02 12:21:33.296 [main] INFO  com.orangehrm.driver.DriverFactory - WebDriver instance removed from ThreadLocal (thread=main)
2026-04-02 12:21:33.296 [main] INFO  com.orangehrm.hooks.Hooks - ===================================================
2026-04-02 12:21:33.296 [main] INFO  com.orangehrm.hooks.Hooks - FINISHED SCENARIO: Session timeout redirects to login [PASSED/SKIPPED] [thread=main]
2026-04-02 12:21:33.296 [main] INFO  com.orangehrm.hooks.Hooks - ===================================================
]]></system-out>
    <system-err><![CDATA[Apr 02, 2026 12:21:22 PM org.openqa.selenium.devtools.CdpVersionFinder findNearestMatch
WARNING: Unable to find CDP implementation matching 146
Apr 02, 2026 12:21:22 PM org.openqa.selenium.chromium.ChromiumDriver lambda$new$5
WARNING: Unable to find version of CDP to use for 146.0.7680.177. You may need to include a dependency on a specific version of the CDP using something similar to `org.seleniumhq.selenium:selenium-devtools-v86:4.18.1` where the version ("v86") matches the version of the chromium-based browser you're using and the version number of the artifact is the same as Selenium's.
]]></system-err>
  </testcase>
  <testcase name="Re-login after session timeout" classname="OrangeHRM Top-Priority Regression Pack" time="7.442">
    <system-out><![CDATA[
@regression @top-priority @login
Scenario: Re-login after session timeout                                 # src/test/resources/features/regression-pack.feature:68
2026-04-02 12:21:33.301 [main] INFO  com.orangehrm.hooks.Hooks - ===================================================
2026-04-02 12:21:33.301 [main] INFO  com.orangehrm.hooks.Hooks - STARTING SCENARIO: Re-login after session timeout [thread=main]
2026-04-02 12:21:33.301 [main] INFO  com.orangehrm.hooks.Hooks - Tags: [@regression, @top-priority, @login]
2026-04-02 12:21:33.301 [main] INFO  com.orangehrm.hooks.Hooks - Environment: dev
2026-04-02 12:21:33.301 [main] INFO  com.orangehrm.hooks.Hooks - ===================================================
2026-04-02 12:21:33.301 [main] INFO  com.orangehrm.driver.DriverFactory - Initialising WebDriver — browser=chrome, headless=true, thread=main
2026-04-02 12:21:33.305 [main] INFO  i.g.bonigarcia.wdm.WebDriverManager - Using chromedriver 146.0.7680.165 (resolved driver for Chrome 146)
2026-04-02 12:21:33.307 [main] INFO  i.g.bonigarcia.wdm.WebDriverManager - Exporting webdriver.chrome.driver as /home/kavia/.cache/selenium/chromedriver/linux64/146.0.7680.165/chromedriver
2026-04-02 12:21:33.307 [main] INFO  com.orangehrm.driver.DriverFactory - Chrome configured in HEADLESS mode
2026-04-02 12:21:33.308 [main] DEBUG com.orangehrm.driver.DriverFactory - Chrome user-data-dir for thread main: /tmp/chrome-profile-1-106835911244468
2026-04-02 12:21:33.604 [main] DEBUG com.orangehrm.config.ConfigManager - Config [wait.pageLoad] resolved from base config
2026-04-02 12:21:33.690 [main] INFO  com.orangehrm.driver.DriverFactory - WebDriver initialised successfully (browser=chrome, headless=true, thread=main)
2026-04-02 12:21:33.691 [main] INFO  com.orangehrm.steps.LoginSteps - Step: Logging in as admin user
2026-04-02 12:21:33.691 [main] INFO  c.orangehrm.utils.NavigationHelper - NavigationHelper.loginAsAdmin — starting
2026-04-02 12:21:33.691 [main] DEBUG com.orangehrm.config.ConfigManager - Config [admin.username] resolved from base config
2026-04-02 12:21:33.691 [main] DEBUG com.orangehrm.config.ConfigManager - Config [admin.password] resolved from base config
2026-04-02 12:21:33.691 [main] INFO  c.orangehrm.utils.NavigationHelper - NavigationHelper.login — user: 'Admin', thread: main
2026-04-02 12:21:33.691 [main] INFO  c.orangehrm.utils.NavigationHelper - NavigationHelper.navigateToLoginPage — navigating
2026-04-02 12:21:33.691 [main] DEBUG com.orangehrm.config.ConfigManager - Config [base.url] resolved from base config
2026-04-02 12:21:33.691 [main] INFO  com.orangehrm.pages.BasePage - Navigating to: https://opensource-demo.orangehrmlive.com/web/index.php/auth/login
2026-04-02 12:21:35.319 [main] DEBUG com.orangehrm.pages.BasePage - Waiting for element to be visible: By.cssSelector: .oxd-form
2026-04-02 12:21:35.319 [main] DEBUG com.orangehrm.config.ConfigManager - Config [wait.explicit] resolved from base config
2026-04-02 12:21:35.921 [main] INFO  c.orangehrm.utils.NavigationHelper - NavigationHelper.navigateToLoginPage — login form visible
2026-04-02 12:21:35.921 [main] DEBUG com.orangehrm.pages.BasePage - Looking for OXD input with label: Username
2026-04-02 12:21:35.921 [main] DEBUG com.orangehrm.pages.BasePage - Waiting for all elements to be visible: By.cssSelector: .oxd-input-group
2026-04-02 12:21:35.921 [main] DEBUG com.orangehrm.config.ConfigManager - Config [wait.explicit] resolved from base config
2026-04-02 12:21:36.065 [main] DEBUG com.orangehrm.pages.BasePage - Looking for OXD input with label: Password
2026-04-02 12:21:36.065 [main] DEBUG com.orangehrm.pages.BasePage - Waiting for all elements to be visible: By.cssSelector: .oxd-input-group
2026-04-02 12:21:36.065 [main] DEBUG com.orangehrm.config.ConfigManager - Config [wait.explicit] resolved from base config
2026-04-02 12:21:36.184 [main] DEBUG com.orangehrm.pages.BasePage - Clicking button with text: Login
2026-04-02 12:21:36.184 [main] DEBUG com.orangehrm.pages.BasePage - Waiting for all elements to be visible: By.cssSelector: .oxd-button
2026-04-02 12:21:36.184 [main] DEBUG com.orangehrm.config.ConfigManager - Config [wait.explicit] resolved from base config
2026-04-02 12:21:36.266 [main] INFO  com.orangehrm.pages.BasePage - Clicked button: Login
2026-04-02 12:21:36.266 [main] INFO  c.orangehrm.utils.NavigationHelper - Login form submitted for user: 'Admin'
2026-04-02 12:21:36.266 [main] DEBUG com.orangehrm.utils.WaitUtils - WaitUtils.forUrlContains — fragment: dashboard
2026-04-02 12:21:36.266 [main] DEBUG com.orangehrm.config.ConfigManager - Config [wait.explicit] resolved from base config
2026-04-02 12:21:37.788 [main] INFO  c.orangehrm.utils.NavigationHelper - NavigationHelper.loginAsAdmin — dashboard reached
2026-04-02 12:21:37.788 [main] INFO  com.orangehrm.steps.LoginSteps - Admin user logged in successfully
  Given the admin user is logged in                                      # com.orangehrm.steps.LoginSteps.theAdminUserIsLoggedIn()
2026-04-02 12:21:37.788 [main] INFO  com.orangehrm.steps.LoginSteps - Step: Simulating session timeout by clearing cookies
2026-04-02 12:21:37.788 [main] INFO  c.orangehrm.utils.NavigationHelper - NavigationHelper.clearSession — clearing cookies
2026-04-02 12:21:37.803 [main] INFO  c.orangehrm.utils.NavigationHelper - NavigationHelper.clearSession — cookies cleared
  When the session times out                                             # com.orangehrm.steps.LoginSteps.theSessionTimesOut()
2026-04-02 12:21:37.803 [main] INFO  com.orangehrm.steps.LoginSteps - Step: Navigating to trigger redirect to login
2026-04-02 12:21:37.803 [main] DEBUG com.orangehrm.config.ConfigManager - Config [base.url] resolved from base config
2026-04-02 12:21:37.803 [main] INFO  com.orangehrm.pages.BasePage - Navigating to: https://opensource-demo.orangehrmlive.com/web/index.php/dashboard/index
2026-04-02 12:21:38.663 [main] DEBUG com.orangehrm.utils.WaitUtils - WaitUtils.forUrlContains — fragment: login
2026-04-02 12:21:38.663 [main] DEBUG com.orangehrm.config.ConfigManager - Config [wait.explicit] resolved from base config
  And the user is redirected to the login page                           # com.orangehrm.steps.LoginSteps.theUserIsRedirectedToTheLoginPage()
2026-04-02 12:21:38.668 [main] INFO  com.orangehrm.steps.LoginSteps - Step: Logging in again with valid credentials
2026-04-02 12:21:38.668 [main] DEBUG com.orangehrm.pages.BasePage - Waiting for element to be visible: By.cssSelector: .oxd-form
2026-04-02 12:21:38.668 [main] DEBUG com.orangehrm.config.ConfigManager - Config [wait.explicit] resolved from base config
2026-04-02 12:21:39.203 [main] DEBUG com.orangehrm.config.ConfigManager - Config [admin.username] resolved from base config
2026-04-02 12:21:39.203 [main] DEBUG com.orangehrm.config.ConfigManager - Config [admin.password] resolved from base config
2026-04-02 12:21:39.203 [main] INFO  com.orangehrm.steps.LoginSteps - Step: Entering username 'Admin' and password '***'
2026-04-02 12:21:39.203 [main] DEBUG com.orangehrm.pages.BasePage - Looking for OXD input with label: Username
2026-04-02 12:21:39.203 [main] DEBUG com.orangehrm.pages.BasePage - Waiting for all elements to be visible: By.cssSelector: .oxd-input-group
2026-04-02 12:21:39.203 [main] DEBUG com.orangehrm.config.ConfigManager - Config [wait.explicit] resolved from base config
2026-04-02 12:21:39.320 [main] DEBUG com.orangehrm.pages.BasePage - Looking for OXD input with label: Password
2026-04-02 12:21:39.321 [main] DEBUG com.orangehrm.pages.BasePage - Waiting for all elements to be visible: By.cssSelector: .oxd-input-group
2026-04-02 12:21:39.321 [main] DEBUG com.orangehrm.config.ConfigManager - Config [wait.explicit] resolved from base config
2026-04-02 12:21:39.451 [main] INFO  com.orangehrm.steps.LoginSteps - Credentials entered successfully
2026-04-02 12:21:39.451 [main] DEBUG com.orangehrm.pages.BasePage - Clicking button with text: Login
2026-04-02 12:21:39.451 [main] DEBUG com.orangehrm.pages.BasePage - Waiting for all elements to be visible: By.cssSelector: .oxd-button
2026-04-02 12:21:39.451 [main] DEBUG com.orangehrm.config.ConfigManager - Config [wait.explicit] resolved from base config
2026-04-02 12:21:39.523 [main] INFO  com.orangehrm.pages.BasePage - Clicked button: Login
  And the user logs in again with valid credentials                      # com.orangehrm.steps.LoginSteps.theUserLogsInAgainWithValidCredentials()
2026-04-02 12:21:39.524 [main] INFO  com.orangehrm.steps.LoginSteps - Step: Verifying redirect to dashboard '/dashboard/index'
2026-04-02 12:21:39.524 [main] DEBUG com.orangehrm.utils.WaitUtils - WaitUtils.forUrlContains — fragment: dashboard
2026-04-02 12:21:39.524 [main] DEBUG com.orangehrm.config.ConfigManager - Config [wait.explicit] resolved from base config
2026-04-02 12:21:40.647 [main] INFO  com.orangehrm.steps.LoginSteps - Successfully redirected to dashboard: https://opensource-demo.orangehrmlive.com/web/index.php/dashboard/index
  Then the user should be redirected to the dashboard "/dashboard/index" # com.orangehrm.steps.LoginSteps.theUserShouldBeRedirectedToTheDashboard(java.lang.String)
2026-04-02 12:21:40.648 [main] INFO  com.orangehrm.hooks.Hooks - SCENARIO PASSED/SKIPPED: Re-login after session timeout [thread=main]
2026-04-02 12:21:40.648 [main] INFO  com.orangehrm.driver.DriverFactory - Quitting WebDriver (thread=main)...
2026-04-02 12:21:40.737 [main] INFO  com.orangehrm.driver.DriverFactory - WebDriver instance removed from ThreadLocal (thread=main)
2026-04-02 12:21:40.738 [main] INFO  com.orangehrm.hooks.Hooks - ===================================================
2026-04-02 12:21:40.738 [main] INFO  com.orangehrm.hooks.Hooks - FINISHED SCENARIO: Re-login after session timeout [PASSED/SKIPPED] [thread=main]
2026-04-02 12:21:40.738 [main] INFO  com.orangehrm.hooks.Hooks - ===================================================
]]></system-out>
    <system-err><![CDATA[Apr 02, 2026 12:21:33 PM org.openqa.selenium.devtools.CdpVersionFinder findNearestMatch
WARNING: Unable to find CDP implementation matching 146
Apr 02, 2026 12:21:33 PM org.openqa.selenium.chromium.ChromiumDriver lambda$new$5
WARNING: Unable to find version of CDP to use for 146.0.7680.177. You may need to include a dependency on a specific version of the CDP using something similar to `org.seleniumhq.selenium:selenium-devtools-v86:4.18.1` where the version ("v86") matches the version of the chromium-based browser you're using and the version number of the artifact is the same as Selenium's.
]]></system-err>
  </testcase>
  <testcase name="Unauthenticated access redirects to login" classname="OrangeHRM Top-Priority Regression Pack" time="2.143">
    <system-out><![CDATA[
@regression @top-priority @login
Scenario: Unauthenticated access redirects to login                 # src/test/resources/features/regression-pack.feature:76
2026-04-02 12:21:40.743 [main] INFO  com.orangehrm.hooks.Hooks - ===================================================
2026-04-02 12:21:40.743 [main] INFO  com.orangehrm.hooks.Hooks - STARTING SCENARIO: Unauthenticated access redirects to login [thread=main]
2026-04-02 12:21:40.743 [main] INFO  com.orangehrm.hooks.Hooks - Tags: [@regression, @top-priority, @login]
2026-04-02 12:21:40.743 [main] INFO  com.orangehrm.hooks.Hooks - Environment: dev
2026-04-02 12:21:40.743 [main] INFO  com.orangehrm.hooks.Hooks - ===================================================
2026-04-02 12:21:40.743 [main] INFO  com.orangehrm.driver.DriverFactory - Initialising WebDriver — browser=chrome, headless=true, thread=main
2026-04-02 12:21:40.749 [main] INFO  i.g.bonigarcia.wdm.WebDriverManager - Using chromedriver 146.0.7680.165 (resolved driver for Chrome 146)
2026-04-02 12:21:40.752 [main] INFO  i.g.bonigarcia.wdm.WebDriverManager - Exporting webdriver.chrome.driver as /home/kavia/.cache/selenium/chromedriver/linux64/146.0.7680.165/chromedriver
2026-04-02 12:21:40.752 [main] INFO  com.orangehrm.driver.DriverFactory - Chrome configured in HEADLESS mode
2026-04-02 12:21:40.752 [main] DEBUG com.orangehrm.driver.DriverFactory - Chrome user-data-dir for thread main: /tmp/chrome-profile-1-106843355819075
2026-04-02 12:21:41.056 [main] DEBUG com.orangehrm.config.ConfigManager - Config [wait.pageLoad] resolved from base config
2026-04-02 12:21:41.143 [main] INFO  com.orangehrm.driver.DriverFactory - WebDriver initialised successfully (browser=chrome, headless=true, thread=main)
2026-04-02 12:21:41.144 [main] INFO  com.orangehrm.steps.LoginSteps - Step: Ensuring no user is logged in (clearing cookies)
2026-04-02 12:21:41.144 [main] INFO  c.orangehrm.utils.NavigationHelper - NavigationHelper.clearSession — clearing cookies
2026-04-02 12:21:41.154 [main] INFO  c.orangehrm.utils.NavigationHelper - NavigationHelper.clearSession — cookies cleared
2026-04-02 12:21:41.154 [main] INFO  com.orangehrm.steps.LoginSteps - All cookies cleared
  Given no user is logged in                                        # com.orangehrm.steps.LoginSteps.noUserIsLoggedIn()
2026-04-02 12:21:41.155 [main] INFO  com.orangehrm.steps.LoginSteps - Step: Attempting direct navigation to '/dashboard/index'
2026-04-02 12:21:41.155 [main] DEBUG com.orangehrm.config.ConfigManager - Config [base.url] resolved from base config
2026-04-02 12:21:41.155 [main] INFO  com.orangehrm.pages.BasePage - Navigating to: https://opensource-demo.orangehrmlive.com/web/index.php/dashboard/index
  When the user attempts to navigate directly to "/dashboard/index" # com.orangehrm.steps.LoginSteps.theUserAttemptsToNavigateDirectlyTo(java.lang.String)
2026-04-02 12:21:42.786 [main] INFO  com.orangehrm.steps.LoginSteps - Step: Verifying user remains on login page
2026-04-02 12:21:42.791 [main] INFO  com.orangehrm.steps.LoginSteps - User remains on login page: https://opensource-demo.orangehrmlive.com/web/index.php/auth/login
  Then the user should remain on the login page                     # com.orangehrm.steps.LoginSteps.theUserShouldRemainOnTheLoginPage()
2026-04-02 12:21:42.792 [main] INFO  com.orangehrm.hooks.Hooks - SCENARIO PASSED/SKIPPED: Unauthenticated access redirects to login [thread=main]
2026-04-02 12:21:42.792 [main] INFO  com.orangehrm.driver.DriverFactory - Quitting WebDriver (thread=main)...
2026-04-02 12:21:42.881 [main] INFO  com.orangehrm.driver.DriverFactory - WebDriver instance removed from ThreadLocal (thread=main)
2026-04-02 12:21:42.881 [main] INFO  com.orangehrm.hooks.Hooks - ===================================================
2026-04-02 12:21:42.881 [main] INFO  com.orangehrm.hooks.Hooks - FINISHED SCENARIO: Unauthenticated access redirects to login [PASSED/SKIPPED] [thread=main]
2026-04-02 12:21:42.881 [main] INFO  com.orangehrm.hooks.Hooks - ===================================================
]]></system-out>
    <system-err><![CDATA[Apr 02, 2026 12:21:41 PM org.openqa.selenium.devtools.CdpVersionFinder findNearestMatch
WARNING: Unable to find CDP implementation matching 146
Apr 02, 2026 12:21:41 PM org.openqa.selenium.chromium.ChromiumDriver lambda$new$5
WARNING: Unable to find version of CDP to use for 146.0.7680.177. You may need to include a dependency on a specific version of the CDP using something similar to `org.seleniumhq.selenium:selenium-devtools-v86:4.18.1` where the version ("v86") matches the version of the chromium-based browser you're using and the version number of the artifact is the same as Selenium's.
]]></system-err>
  </testcase>
  <testcase name="Dashboard page loads all core widgets" classname="OrangeHRM Top-Priority Regression Pack" time="4.945">
    <system-out><![CDATA[
@regression @top-priority @ui @login
Scenario: Dashboard page loads all core widgets               # src/test/resources/features/regression-pack.feature:84
2026-04-02 12:21:42.885 [main] INFO  com.orangehrm.hooks.Hooks - ===================================================
2026-04-02 12:21:42.885 [main] INFO  com.orangehrm.hooks.Hooks - STARTING SCENARIO: Dashboard page loads all core widgets [thread=main]
2026-04-02 12:21:42.885 [main] INFO  com.orangehrm.hooks.Hooks - Tags: [@regression, @top-priority, @ui, @login]
2026-04-02 12:21:42.885 [main] INFO  com.orangehrm.hooks.Hooks - Environment: dev
2026-04-02 12:21:42.885 [main] INFO  com.orangehrm.hooks.Hooks - ===================================================
2026-04-02 12:21:42.885 [main] INFO  com.orangehrm.driver.DriverFactory - Initialising WebDriver — browser=chrome, headless=true, thread=main
2026-04-02 12:21:42.889 [main] INFO  i.g.bonigarcia.wdm.WebDriverManager - Using chromedriver 146.0.7680.165 (resolved driver for Chrome 146)
2026-04-02 12:21:42.891 [main] INFO  i.g.bonigarcia.wdm.WebDriverManager - Exporting webdriver.chrome.driver as /home/kavia/.cache/selenium/chromedriver/linux64/146.0.7680.165/chromedriver
2026-04-02 12:21:42.891 [main] INFO  com.orangehrm.driver.DriverFactory - Chrome configured in HEADLESS mode
2026-04-02 12:21:42.891 [main] DEBUG com.orangehrm.driver.DriverFactory - Chrome user-data-dir for thread main: /tmp/chrome-profile-1-106845495088784
2026-04-02 12:21:43.224 [main] DEBUG com.orangehrm.config.ConfigManager - Config [wait.pageLoad] resolved from base config
2026-04-02 12:21:43.311 [main] INFO  com.orangehrm.driver.DriverFactory - WebDriver initialised successfully (browser=chrome, headless=true, thread=main)
2026-04-02 12:21:43.311 [main] INFO  com.orangehrm.steps.LoginSteps - Step: Logging in as admin user
2026-04-02 12:21:43.311 [main] INFO  c.orangehrm.utils.NavigationHelper - NavigationHelper.loginAsAdmin — starting
2026-04-02 12:21:43.311 [main] DEBUG com.orangehrm.config.ConfigManager - Config [admin.username] resolved from base config
2026-04-02 12:21:43.311 [main] DEBUG com.orangehrm.config.ConfigManager - Config [admin.password] resolved from base config
2026-04-02 12:21:43.311 [main] INFO  c.orangehrm.utils.NavigationHelper - NavigationHelper.login — user: 'Admin', thread: main
2026-04-02 12:21:43.311 [main] INFO  c.orangehrm.utils.NavigationHelper - NavigationHelper.navigateToLoginPage — navigating
2026-04-02 12:21:43.311 [main] DEBUG com.orangehrm.config.ConfigManager - Config [base.url] resolved from base config
2026-04-02 12:21:43.311 [main] INFO  com.orangehrm.pages.BasePage - Navigating to: https://opensource-demo.orangehrmlive.com/web/index.php/auth/login
2026-04-02 12:21:44.588 [main] DEBUG com.orangehrm.pages.BasePage - Waiting for element to be visible: By.cssSelector: .oxd-form
2026-04-02 12:21:44.588 [main] DEBUG com.orangehrm.config.ConfigManager - Config [wait.explicit] resolved from base config
2026-04-02 12:21:45.131 [main] INFO  c.orangehrm.utils.NavigationHelper - NavigationHelper.navigateToLoginPage — login form visible
2026-04-02 12:21:45.131 [main] DEBUG com.orangehrm.pages.BasePage - Looking for OXD input with label: Username
2026-04-02 12:21:45.131 [main] DEBUG com.orangehrm.pages.BasePage - Waiting for all elements to be visible: By.cssSelector: .oxd-input-group
2026-04-02 12:21:45.131 [main] DEBUG com.orangehrm.config.ConfigManager - Config [wait.explicit] resolved from base config
2026-04-02 12:21:45.262 [main] DEBUG com.orangehrm.pages.BasePage - Looking for OXD input with label: Password
2026-04-02 12:21:45.262 [main] DEBUG com.orangehrm.pages.BasePage - Waiting for all elements to be visible: By.cssSelector: .oxd-input-group
2026-04-02 12:21:45.262 [main] DEBUG com.orangehrm.config.ConfigManager - Config [wait.explicit] resolved from base config
2026-04-02 12:21:45.381 [main] DEBUG com.orangehrm.pages.BasePage - Clicking button with text: Login
2026-04-02 12:21:45.381 [main] DEBUG com.orangehrm.pages.BasePage - Waiting for all elements to be visible: By.cssSelector: .oxd-button
2026-04-02 12:21:45.381 [main] DEBUG com.orangehrm.config.ConfigManager - Config [wait.explicit] resolved from base config
2026-04-02 12:21:45.455 [main] INFO  com.orangehrm.pages.BasePage - Clicked button: Login
2026-04-02 12:21:45.455 [main] INFO  c.orangehrm.utils.NavigationHelper - Login form submitted for user: 'Admin'
2026-04-02 12:21:45.455 [main] DEBUG com.orangehrm.utils.WaitUtils - WaitUtils.forUrlContains — fragment: dashboard
2026-04-02 12:21:45.455 [main] DEBUG com.orangehrm.config.ConfigManager - Config [wait.explicit] resolved from base config
2026-04-02 12:21:46.653 [main] INFO  c.orangehrm.utils.NavigationHelper - NavigationHelper.loginAsAdmin — dashboard reached
2026-04-02 12:21:46.653 [main] INFO  com.orangehrm.steps.LoginSteps - Admin user logged in successfully
  Given the admin user is logged in                           # com.orangehrm.steps.LoginSteps.theAdminUserIsLoggedIn()
2026-04-02 12:21:46.654 [main] INFO  com.orangehrm.steps.DashboardSteps - Step: Navigating to dashboard '/dashboard/index'
2026-04-02 12:21:46.654 [main] DEBUG com.orangehrm.config.ConfigManager - Config [base.url] resolved from base config
2026-04-02 12:21:46.654 [main] INFO  com.orangehrm.pages.BasePage - Navigating to: https://opensource-demo.orangehrmlive.com/web/index.php/dashboard/index
2026-04-02 12:21:47.120 [main] DEBUG com.orangehrm.pages.BasePage - Waiting for element to be visible: By.cssSelector: .oxd-layout-context
2026-04-02 12:21:47.120 [main] DEBUG com.orangehrm.config.ConfigManager - Config [wait.explicit] resolved from base config
2026-04-02 12:21:47.656 [main] DEBUG com.orangehrm.pages.BasePage - Page content area loaded
2026-04-02 12:21:47.656 [main] INFO  com.orangehrm.steps.DashboardSteps - Dashboard page navigation complete
  When the user navigates to the dashboard "/dashboard/index" # com.orangehrm.steps.DashboardSteps.theUserNavigatesToTheDashboard(java.lang.String)
2026-04-02 12:21:47.656 [main] INFO  com.orangehrm.steps.DashboardSteps - Step: Verifying dashboard page loaded successfully
2026-04-02 12:21:47.656 [main] DEBUG com.orangehrm.utils.WaitUtils - WaitUtils.forVisible — locator: By.cssSelector: .oxd-layout-context
2026-04-02 12:21:47.656 [main] DEBUG com.orangehrm.config.ConfigManager - Config [wait.explicit] resolved from base config
2026-04-02 12:21:47.679 [main] INFO  com.orangehrm.steps.DashboardSteps - Dashboard page loaded successfully at: https://opensource-demo.orangehrmlive.com/web/index.php/dashboard/index
  Then the dashboard page should load successfully            # com.orangehrm.steps.DashboardSteps.theDashboardPageShouldLoadSuccessfully()
2026-04-02 12:21:47.680 [main] INFO  com.orangehrm.steps.DashboardSteps - Step: Verifying 'Quick Launch' widget is visible
2026-04-02 12:21:47.680 [main] DEBUG com.orangehrm.utils.WaitUtils - WaitUtils.forVisible — locator: By.cssSelector: .oxd-layout-context, timeout: 8s
2026-04-02 12:21:47.698 [main] DEBUG com.orangehrm.utils.WaitUtils - WaitUtils.forPresence — locator: By.xpath: //*[contains(@class,'orangehrm-dashboard-widget') or contains(@class,'oxd-sheet')]//*[contains(normalize-space(),'Quick Launch')]
2026-04-02 12:21:47.698 [main] DEBUG com.orangehrm.config.ConfigManager - Config [wait.explicit] resolved from base config
2026-04-02 12:21:47.712 [main] INFO  com.orangehrm.steps.DashboardSteps - Widget 'Quick Launch' is visible
  And the "Quick Launch" widget should be visible             # com.orangehrm.steps.DashboardSteps.theWidgetShouldBeVisible(java.lang.String)
2026-04-02 12:21:47.712 [main] INFO  com.orangehrm.steps.DashboardSteps - Step: Verifying Quick Launch widget shortcut icons
2026-04-02 12:21:47.712 [main] DEBUG com.orangehrm.utils.WaitUtils - WaitUtils.forVisible — locator: By.cssSelector: .oxd-layout-context, timeout: 8s
2026-04-02 12:21:47.729 [main] DEBUG com.orangehrm.utils.WaitUtils - WaitUtils.forPresence — locator: By.xpath: //*[contains(@class,'orangehrm-dashboard-widget') or contains(@class,'oxd-sheet')]//*[contains(normalize-space(),'Quick Launch')]
2026-04-02 12:21:47.729 [main] DEBUG com.orangehrm.config.ConfigManager - Config [wait.explicit] resolved from base config
2026-04-02 12:21:47.736 [main] INFO  com.orangehrm.steps.DashboardSteps - Quick Launch widget with shortcuts verified
  And the Quick Launch widget should display shortcut icons   # com.orangehrm.steps.DashboardSteps.theQuickLaunchWidgetShouldDisplayShortcutIcons()
2026-04-02 12:21:47.737 [main] INFO  com.orangehrm.hooks.Hooks - SCENARIO PASSED/SKIPPED: Dashboard page loads all core widgets [thread=main]
2026-04-02 12:21:47.737 [main] INFO  com.orangehrm.driver.DriverFactory - Quitting WebDriver (thread=main)...
2026-04-02 12:21:47.826 [main] INFO  com.orangehrm.driver.DriverFactory - WebDriver instance removed from ThreadLocal (thread=main)
2026-04-02 12:21:47.826 [main] INFO  com.orangehrm.hooks.Hooks - ===================================================
2026-04-02 12:21:47.827 [main] INFO  com.orangehrm.hooks.Hooks - FINISHED SCENARIO: Dashboard page loads all core widgets [PASSED/SKIPPED] [thread=main]
2026-04-02 12:21:47.827 [main] INFO  com.orangehrm.hooks.Hooks - ===================================================
]]></system-out>
    <system-err><![CDATA[Apr 02, 2026 12:21:43 PM org.openqa.selenium.devtools.CdpVersionFinder findNearestMatch
WARNING: Unable to find CDP implementation matching 146
Apr 02, 2026 12:21:43 PM org.openqa.selenium.chromium.ChromiumDriver lambda$new$5
WARNING: Unable to find version of CDP to use for 146.0.7680.177. You may need to include a dependency on a specific version of the CDP using something similar to `org.seleniumhq.selenium:selenium-devtools-v86:4.18.1` where the version ("v86") matches the version of the chromium-based browser you're using and the version number of the artifact is the same as Selenium's.
]]></system-err>
  </testcase>
  <testcase name="Dashboard charts render" classname="OrangeHRM Top-Priority Regression Pack" time="4.979">
    <system-out><![CDATA[
@regression @top-priority @ui @login
Scenario: Dashboard charts render                             # src/test/resources/features/regression-pack.feature:92
2026-04-02 12:21:47.830 [main] INFO  com.orangehrm.hooks.Hooks - ===================================================
2026-04-02 12:21:47.830 [main] INFO  com.orangehrm.hooks.Hooks - STARTING SCENARIO: Dashboard charts render [thread=main]
2026-04-02 12:21:47.830 [main] INFO  com.orangehrm.hooks.Hooks - Tags: [@regression, @top-priority, @ui, @login]
2026-04-02 12:21:47.830 [main] INFO  com.orangehrm.hooks.Hooks - Environment: dev
2026-04-02 12:21:47.830 [main] INFO  com.orangehrm.hooks.Hooks - ===================================================
2026-04-02 12:21:47.830 [main] INFO  com.orangehrm.driver.DriverFactory - Initialising WebDriver — browser=chrome, headless=true, thread=main
2026-04-02 12:21:47.834 [main] INFO  i.g.bonigarcia.wdm.WebDriverManager - Using chromedriver 146.0.7680.165 (resolved driver for Chrome 146)
2026-04-02 12:21:47.836 [main] INFO  i.g.bonigarcia.wdm.WebDriverManager - Exporting webdriver.chrome.driver as /home/kavia/.cache/selenium/chromedriver/linux64/146.0.7680.165/chromedriver
2026-04-02 12:21:47.836 [main] INFO  com.orangehrm.driver.DriverFactory - Chrome configured in HEADLESS mode
2026-04-02 12:21:47.836 [main] DEBUG com.orangehrm.driver.DriverFactory - Chrome user-data-dir for thread main: /tmp/chrome-profile-1-106850439688037
2026-04-02 12:21:48.134 [main] DEBUG com.orangehrm.config.ConfigManager - Config [wait.pageLoad] resolved from base config
2026-04-02 12:21:48.213 [main] INFO  com.orangehrm.driver.DriverFactory - WebDriver initialised successfully (browser=chrome, headless=true, thread=main)
2026-04-02 12:21:48.213 [main] INFO  com.orangehrm.steps.LoginSteps - Step: Logging in as admin user
2026-04-02 12:21:48.213 [main] INFO  c.orangehrm.utils.NavigationHelper - NavigationHelper.loginAsAdmin — starting
2026-04-02 12:21:48.214 [main] DEBUG com.orangehrm.config.ConfigManager - Config [admin.username] resolved from base config
2026-04-02 12:21:48.214 [main] DEBUG com.orangehrm.config.ConfigManager - Config [admin.password] resolved from base config
2026-04-02 12:21:48.214 [main] INFO  c.orangehrm.utils.NavigationHelper - NavigationHelper.login — user: 'Admin', thread: main
2026-04-02 12:21:48.214 [main] INFO  c.orangehrm.utils.NavigationHelper - NavigationHelper.navigateToLoginPage — navigating
2026-04-02 12:21:48.214 [main] DEBUG com.orangehrm.config.ConfigManager - Config [base.url] resolved from base config
2026-04-02 12:21:48.214 [main] INFO  com.orangehrm.pages.BasePage - Navigating to: https://opensource-demo.orangehrmlive.com/web/index.php/auth/login
2026-04-02 12:21:49.545 [main] DEBUG com.orangehrm.pages.BasePage - Waiting for element to be visible: By.cssSelector: .oxd-form
2026-04-02 12:21:49.545 [main] DEBUG com.orangehrm.config.ConfigManager - Config [wait.explicit] resolved from base config
2026-04-02 12:21:50.082 [main] INFO  c.orangehrm.utils.NavigationHelper - NavigationHelper.navigateToLoginPage — login form visible
2026-04-02 12:21:50.082 [main] DEBUG com.orangehrm.pages.BasePage - Looking for OXD input with label: Username
2026-04-02 12:21:50.082 [main] DEBUG com.orangehrm.pages.BasePage - Waiting for all elements to be visible: By.cssSelector: .oxd-input-group
2026-04-02 12:21:50.082 [main] DEBUG com.orangehrm.config.ConfigManager - Config [wait.explicit] resolved from base config
2026-04-02 12:21:50.226 [main] DEBUG com.orangehrm.pages.BasePage - Looking for OXD input with label: Password
2026-04-02 12:21:50.226 [main] DEBUG com.orangehrm.pages.BasePage - Waiting for all elements to be visible: By.cssSelector: .oxd-input-group
2026-04-02 12:21:50.226 [main] DEBUG com.orangehrm.config.ConfigManager - Config [wait.explicit] resolved from base config
2026-04-02 12:21:50.341 [main] DEBUG com.orangehrm.pages.BasePage - Clicking button with text: Login
2026-04-02 12:21:50.341 [main] DEBUG com.orangehrm.pages.BasePage - Waiting for all elements to be visible: By.cssSelector: .oxd-button
2026-04-02 12:21:50.341 [main] DEBUG com.orangehrm.config.ConfigManager - Config [wait.explicit] resolved from base config
2026-04-02 12:21:50.414 [main] INFO  com.orangehrm.pages.BasePage - Clicked button: Login
2026-04-02 12:21:50.414 [main] INFO  c.orangehrm.utils.NavigationHelper - Login form submitted for user: 'Admin'
2026-04-02 12:21:50.414 [main] DEBUG com.orangehrm.utils.WaitUtils - WaitUtils.forUrlContains — fragment: dashboard
2026-04-02 12:21:50.414 [main] DEBUG com.orangehrm.config.ConfigManager - Config [wait.explicit] resolved from base config
2026-04-02 12:21:51.654 [main] INFO  c.orangehrm.utils.NavigationHelper - NavigationHelper.loginAsAdmin — dashboard reached
2026-04-02 12:21:51.654 [main] INFO  com.orangehrm.steps.LoginSteps - Admin user logged in successfully
  Given the admin user is logged in                           # com.orangehrm.steps.LoginSteps.theAdminUserIsLoggedIn()
2026-04-02 12:21:51.654 [main] INFO  com.orangehrm.steps.DashboardSteps - Step: Navigating to dashboard '/dashboard/index'
2026-04-02 12:21:51.654 [main] DEBUG com.orangehrm.config.ConfigManager - Config [base.url] resolved from base config
2026-04-02 12:21:51.654 [main] INFO  com.orangehrm.pages.BasePage - Navigating to: https://opensource-demo.orangehrmlive.com/web/index.php/dashboard/index
2026-04-02 12:21:52.131 [main] DEBUG com.orangehrm.pages.BasePage - Waiting for element to be visible: By.cssSelector: .oxd-layout-context
2026-04-02 12:21:52.131 [main] DEBUG com.orangehrm.config.ConfigManager - Config [wait.explicit] resolved from base config
2026-04-02 12:21:52.667 [main] DEBUG com.orangehrm.pages.BasePage - Page content area loaded
2026-04-02 12:21:52.667 [main] INFO  com.orangehrm.steps.DashboardSteps - Dashboard page navigation complete
  When the user navigates to the dashboard "/dashboard/index" # com.orangehrm.steps.DashboardSteps.theUserNavigatesToTheDashboard(java.lang.String)
2026-04-02 12:21:52.668 [main] INFO  com.orangehrm.steps.DashboardSteps - Step: Verifying dashboard page loaded successfully
2026-04-02 12:21:52.668 [main] DEBUG com.orangehrm.utils.WaitUtils - WaitUtils.forVisible — locator: By.cssSelector: .oxd-layout-context
2026-04-02 12:21:52.668 [main] DEBUG com.orangehrm.config.ConfigManager - Config [wait.explicit] resolved from base config
2026-04-02 12:21:52.689 [main] INFO  com.orangehrm.steps.DashboardSteps - Dashboard page loaded successfully at: https://opensource-demo.orangehrmlive.com/web/index.php/dashboard/index
  Then the dashboard page should load successfully            # com.orangehrm.steps.DashboardSteps.theDashboardPageShouldLoadSuccessfully()
2026-04-02 12:21:52.689 [main] INFO  com.orangehrm.steps.DashboardSteps - Step: Verifying 'Employees' chart is visible
2026-04-02 12:21:52.689 [main] DEBUG com.orangehrm.utils.WaitUtils - WaitUtils.forVisible — locator: By.cssSelector: .oxd-layout-context, timeout: 8s
2026-04-02 12:21:52.705 [main] DEBUG com.orangehrm.utils.WaitUtils - WaitUtils.forPresence — locator: By.xpath: //*[contains(@class,'orangehrm-dashboard-widget') or contains(@class,'oxd-sheet')]//*[contains(normalize-space(),'Employees')]
2026-04-02 12:21:52.705 [main] DEBUG com.orangehrm.config.ConfigManager - Config [wait.explicit] resolved from base config
2026-04-02 12:21:52.716 [main] INFO  com.orangehrm.steps.DashboardSteps - Chart 'Employees' is visible
  And the "Employees" chart should be visible                 # com.orangehrm.steps.DashboardSteps.theChartShouldBeVisible(java.lang.String)
2026-04-02 12:21:52.717 [main] INFO  com.orangehrm.hooks.Hooks - SCENARIO PASSED/SKIPPED: Dashboard charts render [thread=main]
2026-04-02 12:21:52.717 [main] INFO  com.orangehrm.driver.DriverFactory - Quitting WebDriver (thread=main)...
2026-04-02 12:21:52.806 [main] INFO  com.orangehrm.driver.DriverFactory - WebDriver instance removed from ThreadLocal (thread=main)
2026-04-02 12:21:52.806 [main] INFO  com.orangehrm.hooks.Hooks - ===================================================
2026-04-02 12:21:52.806 [main] INFO  com.orangehrm.hooks.Hooks - FINISHED SCENARIO: Dashboard charts render [PASSED/SKIPPED] [thread=main]
2026-04-02 12:21:52.806 [main] INFO  com.orangehrm.hooks.Hooks - ===================================================
]]></system-out>
    <system-err><![CDATA[Apr 02, 2026 12:21:48 PM org.openqa.selenium.devtools.CdpVersionFinder findNearestMatch
WARNING: Unable to find CDP implementation matching 146
Apr 02, 2026 12:21:48 PM org.openqa.selenium.chromium.ChromiumDriver lambda$new$5
WARNING: Unable to find version of CDP to use for 146.0.7680.177. You may need to include a dependency on a specific version of the CDP using something similar to `org.seleniumhq.selenium:selenium-devtools-v86:4.18.1` where the version ("v86") matches the version of the chromium-based browser you're using and the version number of the artifact is the same as Selenium's.
]]></system-err>
  </testcase>
  <testcase name="Unauthenticated dashboard access redirects to login" classname="OrangeHRM Top-Priority Regression Pack" time="17.547">
    <error message="Expected condition failed: waiting for visibility of element located by By.cssSelector: .oxd-layout-context (tried for 15 second(s) with 500 milliseconds interval)&#10;Build info: version: &apos;4.18.1&apos;, revision: &apos;b1d3319b48&apos;&#10;System info: os.name: &apos;Linux&apos;, os.arch: &apos;amd64&apos;, os.version: &apos;5.10.230-223.885.amzn2.x86_64&apos;, java.version: &apos;17.0.17&apos;&#10;Driver info: org.openqa.selenium.chrome.ChromeDriver&#10;Capabilities {acceptInsecureCerts: true, browserName: chrome, browserVersion: 146.0.7680.177, chrome: {chromedriverVersion: 146.0.7680.165 (4b989da09e1..., userDataDir: /tmp/chrome-profile-1-10685...}, fedcm:accounts: true, goog:chromeOptions: {debuggerAddress: localhost:37123}, goog:processID: 7151, networkConnectionEnabled: false, pageLoadStrategy: normal, platformName: linux, proxy: Proxy(), se:cdp: ws://localhost:37123/devtoo..., se:cdpVersion: 146.0.7680.177, setWindowRect: true, strictFileInteractability: false, timeouts: {implicit: 0, pageLoad: 300000, script: 30000}, unhandledPromptBehavior: dismiss and notify, webauthn:extension:credBlob: true, webauthn:extension:largeBlob: true, webauthn:extension:minPinLength: true, webauthn:extension:prf: true, webauthn:virtualAuthenticators: true}&#10;Session ID: fb1a81f3f8c26bfec621574e213c06a4" type="org.openqa.selenium.TimeoutException"><![CDATA[org.openqa.selenium.TimeoutException: 
Expected condition failed: waiting for visibility of element located by By.cssSelector: .oxd-layout-context (tried for 15 second(s) with 500 milliseconds interval)
Build info: version: '4.18.1', revision: 'b1d3319b48'
System info: os.name: 'Linux', os.arch: 'amd64', os.version: '5.10.230-223.885.amzn2.x86_64', java.version: '17.0.17'
Driver info: org.openqa.selenium.chrome.ChromeDriver
Capabilities {acceptInsecureCerts: true, browserName: chrome, browserVersion: 146.0.7680.177, chrome: {chromedriverVersion: 146.0.7680.165 (4b989da09e1..., userDataDir: /tmp/chrome-profile-1-10685...}, fedcm:accounts: true, goog:chromeOptions: {debuggerAddress: localhost:37123}, goog:processID: 7151, networkConnectionEnabled: false, pageLoadStrategy: normal, platformName: linux, proxy: Proxy(), se:cdp: ws://localhost:37123/devtoo..., se:cdpVersion: 146.0.7680.177, setWindowRect: true, strictFileInteractability: false, timeouts: {implicit: 0, pageLoad: 300000, script: 30000}, unhandledPromptBehavior: dismiss and notify, webauthn:extension:credBlob: true, webauthn:extension:largeBlob: true, webauthn:extension:minPinLength: true, webauthn:extension:prf: true, webauthn:virtualAuthenticators: true}
Session ID: fb1a81f3f8c26bfec621574e213c06a4
	at org.openqa.selenium.support.ui.WebDriverWait.timeoutException(WebDriverWait.java:84)
	at org.openqa.selenium.support.ui.FluentWait.until(FluentWait.java:228)
	at com.orangehrm.pages.BasePage.waitForVisible(BasePage.java:207)
	at com.orangehrm.pages.BasePage.waitForPageLoad(BasePage.java:517)
	at com.orangehrm.steps.DashboardSteps.theUserNavigatesToTheDashboard(DashboardSteps.java:47)
	at ✽.the user navigates to the dashboard "/dashboard/index"(file:///home/kavia/workspace/code-generation/orangehrm-338436/src/test/selenium-cucumber/src/test/resources/features/regression-pack.feature:101)
]]></error>
    <system-out><![CDATA[
@regression @top-priority @ui @login
Scenario: Unauthenticated dashboard access redirects to login        # src/test/resources/features/regression-pack.feature:99
2026-04-02 12:21:52.809 [main] INFO  com.orangehrm.hooks.Hooks - ===================================================
2026-04-02 12:21:52.809 [main] INFO  com.orangehrm.hooks.Hooks - STARTING SCENARIO: Unauthenticated dashboard access redirects to login [thread=main]
2026-04-02 12:21:52.809 [main] INFO  com.orangehrm.hooks.Hooks - Tags: [@regression, @top-priority, @ui, @login]
2026-04-02 12:21:52.810 [main] INFO  com.orangehrm.hooks.Hooks - Environment: dev
2026-04-02 12:21:52.810 [main] INFO  com.orangehrm.hooks.Hooks - ===================================================
2026-04-02 12:21:52.810 [main] INFO  com.orangehrm.driver.DriverFactory - Initialising WebDriver — browser=chrome, headless=true, thread=main
2026-04-02 12:21:52.814 [main] INFO  i.g.bonigarcia.wdm.WebDriverManager - Using chromedriver 146.0.7680.165 (resolved driver for Chrome 146)
2026-04-02 12:21:52.816 [main] INFO  i.g.bonigarcia.wdm.WebDriverManager - Exporting webdriver.chrome.driver as /home/kavia/.cache/selenium/chromedriver/linux64/146.0.7680.165/chromedriver
[...]
2026-04-02 12:22:23.294 [main] DEBUG com.orangehrm.config.ConfigManager - Config [wait.explicit] resolved from base config
2026-04-02 12:22:23.420 [main] INFO  com.orangehrm.steps.LoginSteps - Credentials entered successfully
  When the user enters username "InvalidUser" and password "WrongPass123"   # com.orangehrm.steps.LoginSteps.theUserEntersUsernameAndPassword(java.lang.String,java.lang.String)
2026-04-02 12:22:23.420 [main] INFO  com.orangehrm.steps.LoginSteps - Step: Clicking 'Login' button
2026-04-02 12:22:23.420 [main] DEBUG com.orangehrm.pages.BasePage - Clicking button with text: Login
2026-04-02 12:22:23.420 [main] DEBUG com.orangehrm.pages.BasePage - Waiting for all elements to be visible: By.cssSelector: .oxd-button
2026-04-02 12:22:23.420 [main] DEBUG com.orangehrm.config.ConfigManager - Config [wait.explicit] resolved from base config
2026-04-02 12:22:23.492 [main] INFO  com.orangehrm.pages.BasePage - Clicked button: Login
2026-04-02 12:22:23.493 [main] INFO  com.orangehrm.steps.LoginSteps - Button 'Login' clicked
  And the user clicks the "Login" button                                    # com.orangehrm.steps.LoginSteps.theUserClicksTheButton(java.lang.String)
2026-04-02 12:22:23.493 [main] INFO  com.orangehrm.steps.LoginSteps - Step: Verifying login error message contains 'Invalid credentials'
2026-04-02 12:22:23.493 [main] DEBUG com.orangehrm.utils.WaitUtils - WaitUtils.forVisible — locator: By.cssSelector: .oxd-alert, timeout: 10s
2026-04-02 12:22:24.938 [main] INFO  com.orangehrm.steps.LoginSteps - Error message verified: Invalid credentials
  Then the login page should display an "Invalid credentials" error message # com.orangehrm.steps.LoginSteps.theLoginPageShouldDisplayAnErrorMessage(java.lang.String)
2026-04-02 12:22:24.939 [main] INFO  com.orangehrm.steps.LoginSteps - Step: Verifying user remains on login page
2026-04-02 12:22:24.942 [main] INFO  com.orangehrm.steps.LoginSteps - User remains on login page: https://opensource-demo.orangehrmlive.com/web/index.php/auth/login
  And the user should remain on the login page                              # com.orangehrm.steps.LoginSteps.theUserShouldRemainOnTheLoginPage()
2026-04-02 12:22:24.942 [main] INFO  com.orangehrm.hooks.Hooks - SCENARIO PASSED/SKIPPED: Invalid credentials show error message [thread=main]
2026-04-02 12:22:24.942 [main] INFO  com.orangehrm.driver.DriverFactory - Quitting WebDriver (thread=main)...
2026-04-02 12:22:25.031 [main] INFO  com.orangehrm.driver.DriverFactory - WebDriver instance removed from ThreadLocal (thread=main)
2026-04-02 12:22:25.031 [main] INFO  com.orangehrm.hooks.Hooks - ===================================================
2026-04-02 12:22:25.031 [main] INFO  com.orangehrm.hooks.Hooks - FINISHED SCENARIO: Invalid credentials show error message [PASSED/SKIPPED] [thread=main]
2026-04-02 12:22:25.031 [main] INFO  com.orangehrm.hooks.Hooks - ===================================================
]]></system-out>
    <system-err><![CDATA[Apr 02, 2026 12:22:21 PM org.openqa.selenium.devtools.CdpVersionFinder findNearestMatch
WARNING: Unable to find CDP implementation matching 146
Apr 02, 2026 12:22:21 PM org.openqa.selenium.chromium.ChromiumDriver lambda$new$5
WARNING: Unable to find version of CDP to use for 146.0.7680.177. You may need to include a dependency on a specific version of the CDP using something similar to `org.seleniumhq.selenium:selenium-devtools-v86:4.18.1` where the version ("v86") matches the version of the chromium-based browser you're using and the version number of the artifact is the same as Selenium's.
]]></system-err>
  </testcase>
  <testcase name="Dashboard loads after admin login" classname="OrangeHRM Smoke Pack" time="4.44">
    <system-out><![CDATA[
@smoke @critical @ui @login
Scenario: Dashboard loads after admin login        # src/test/resources/features/smoke-pack.feature:39
2026-04-02 12:22:25.034 [main] INFO  com.orangehrm.hooks.Hooks - ===================================================
2026-04-02 12:22:25.034 [main] INFO  com.orangehrm.hooks.Hooks - STARTING SCENARIO: Dashboard loads after admin login [thread=main]
2026-04-02 12:22:25.034 [main] INFO  com.orangehrm.hooks.Hooks - Tags: [@smoke, @critical, @ui, @login]
2026-04-02 12:22:25.034 [main] INFO  com.orangehrm.hooks.Hooks - Environment: dev
2026-04-02 12:22:25.034 [main] INFO  com.orangehrm.hooks.Hooks - ===================================================
2026-04-02 12:22:25.034 [main] INFO  com.orangehrm.driver.DriverFactory - Initialising WebDriver — browser=chrome, headless=true, thread=main
2026-04-02 12:22:25.038 [main] INFO  i.g.bonigarcia.wdm.WebDriverManager - Using chromedriver 146.0.7680.165 (resolved driver for Chrome 146)
2026-04-02 12:22:25.040 [main] INFO  i.g.bonigarcia.wdm.WebDriverManager - Exporting webdriver.chrome.driver as /home/kavia/.cache/selenium/chromedriver/linux64/146.0.7680.165/chromedriver
2026-04-02 12:22:25.040 [main] INFO  com.orangehrm.driver.DriverFactory - Chrome configured in HEADLESS mode
2026-04-02 12:22:25.040 [main] DEBUG com.orangehrm.driver.DriverFactory - Chrome user-data-dir for thread main: /tmp/chrome-profile-1-106887643593355
2026-04-02 12:22:25.362 [main] DEBUG com.orangehrm.config.ConfigManager - Config [wait.pageLoad] resolved from base config
2026-04-02 12:22:25.448 [main] INFO  com.orangehrm.driver.DriverFactory - WebDriver initialised successfully (browser=chrome, headless=true, thread=main)
2026-04-02 12:22:25.449 [main] INFO  com.orangehrm.steps.LoginSteps - Step: Logging in as admin user
2026-04-02 12:22:25.449 [main] INFO  c.orangehrm.utils.NavigationHelper - NavigationHelper.loginAsAdmin — starting
2026-04-02 12:22:25.449 [main] DEBUG com.orangehrm.config.ConfigManager - Config [admin.username] resolved from base config
2026-04-02 12:22:25.449 [main] DEBUG com.orangehrm.config.ConfigManager - Config [admin.password] resolved from base config
2026-04-02 12:22:25.449 [main] INFO  c.orangehrm.utils.NavigationHelper - NavigationHelper.login — user: 'Admin', thread: main
2026-04-02 12:22:25.449 [main] INFO  c.orangehrm.utils.NavigationHelper - NavigationHelper.navigateToLoginPage — navigating
2026-04-02 12:22:25.449 [main] DEBUG com.orangehrm.config.ConfigManager - Config [base.url] resolved from base config
2026-04-02 12:22:25.449 [main] INFO  com.orangehrm.pages.BasePage - Navigating to: https://opensource-demo.orangehrmlive.com/web/index.php/auth/login
2026-04-02 12:22:26.730 [main] DEBUG com.orangehrm.pages.BasePage - Waiting for element to be visible: By.cssSelector: .oxd-form
2026-04-02 12:22:26.730 [main] DEBUG com.orangehrm.config.ConfigManager - Config [wait.explicit] resolved from base config
2026-04-02 12:22:27.269 [main] INFO  c.orangehrm.utils.NavigationHelper - NavigationHelper.navigateToLoginPage — login form visible
2026-04-02 12:22:27.269 [main] DEBUG com.orangehrm.pages.BasePage - Looking for OXD input with label: Username
2026-04-02 12:22:27.269 [main] DEBUG com.orangehrm.pages.BasePage - Waiting for all elements to be visible: By.cssSelector: .oxd-input-group
2026-04-02 12:22:27.269 [main] DEBUG com.orangehrm.config.ConfigManager - Config [wait.explicit] resolved from base config
2026-04-02 12:22:27.409 [main] DEBUG com.orangehrm.pages.BasePage - Looking for OXD input with label: Password
2026-04-02 12:22:27.409 [main] DEBUG com.orangehrm.pages.BasePage - Waiting for all elements to be visible: By.cssSelector: .oxd-input-group
2026-04-02 12:22:27.409 [main] DEBUG com.orangehrm.config.ConfigManager - Config [wait.explicit] resolved from base config
2026-04-02 12:22:27.519 [main] DEBUG com.orangehrm.pages.BasePage - Clicking button with text: Login
2026-04-02 12:22:27.519 [main] DEBUG com.orangehrm.pages.BasePage - Waiting for all elements to be visible: By.cssSelector: .oxd-button
2026-04-02 12:22:27.519 [main] DEBUG com.orangehrm.config.ConfigManager - Config [wait.explicit] resolved from base config
2026-04-02 12:22:27.591 [main] INFO  com.orangehrm.pages.BasePage - Clicked button: Login
2026-04-02 12:22:27.591 [main] INFO  c.orangehrm.utils.NavigationHelper - Login form submitted for user: 'Admin'
2026-04-02 12:22:27.591 [main] DEBUG com.orangehrm.utils.WaitUtils - WaitUtils.forUrlContains — fragment: dashboard
2026-04-02 12:22:27.591 [main] DEBUG com.orangehrm.config.ConfigManager - Config [wait.explicit] resolved from base config
2026-04-02 12:22:28.840 [main] INFO  c.orangehrm.utils.NavigationHelper - NavigationHelper.loginAsAdmin — dashboard reached
2026-04-02 12:22:28.840 [main] INFO  com.orangehrm.steps.LoginSteps - Admin user logged in successfully
  Given the admin user is logged in                # com.orangehrm.steps.LoginSteps.theAdminUserIsLoggedIn()
2026-04-02 12:22:28.840 [main] INFO  com.orangehrm.steps.DashboardSteps - Step: Verifying dashboard page loaded successfully
2026-04-02 12:22:28.840 [main] DEBUG com.orangehrm.utils.WaitUtils - WaitUtils.forVisible — locator: By.cssSelector: .oxd-layout-context
2026-04-02 12:22:28.841 [main] DEBUG com.orangehrm.config.ConfigManager - Config [wait.explicit] resolved from base config
2026-04-02 12:22:29.382 [main] INFO  com.orangehrm.steps.DashboardSteps - Dashboard page loaded successfully at: https://opensource-demo.orangehrmlive.com/web/index.php/dashboard/index
  Then the dashboard page should load successfully # com.orangehrm.steps.DashboardSteps.theDashboardPageShouldLoadSuccessfully()
2026-04-02 12:22:29.382 [main] INFO  com.orangehrm.hooks.Hooks - SCENARIO PASSED/SKIPPED: Dashboard loads after admin login [thread=main]
2026-04-02 12:22:29.382 [main] INFO  com.orangehrm.driver.DriverFactory - Quitting WebDriver (thread=main)...
2026-04-02 12:22:29.471 [main] INFO  com.orangehrm.driver.DriverFactory - WebDriver instance removed from ThreadLocal (thread=main)
2026-04-02 12:22:29.472 [main] INFO  com.orangehrm.hooks.Hooks - ===================================================
2026-04-02 12:22:29.472 [main] INFO  com.orangehrm.hooks.Hooks - FINISHED SCENARIO: Dashboard loads after admin login [PASSED/SKIPPED] [thread=main]
2026-04-02 12:22:29.472 [main] INFO  com.orangehrm.hooks.Hooks - ===================================================
]]></system-out>
    <system-err><![CDATA[Apr 02, 2026 12:22:25 PM org.openqa.selenium.devtools.CdpVersionFinder findNearestMatch
WARNING: Unable to find CDP implementation matching 146
Apr 02, 2026 12:22:25 PM org.openqa.selenium.chromium.ChromiumDriver lambda$new$5
WARNING: Unable to find version of CDP to use for 146.0.7680.177. You may need to include a dependency on a specific version of the CDP using something similar to `org.seleniumhq.selenium:selenium-devtools-v86:4.18.1` where the version ("v86") matches the version of the chromium-based browser you're using and the version number of the artifact is the same as Selenium's.
]]></system-err>
  </testcase>
  <testcase name="Dashboard displays Quick Launch widget" classname="OrangeHRM Smoke Pack" time="4.907">
    <system-out><![CDATA[
@smoke @critical @ui @login
Scenario: Dashboard displays Quick Launch widget              # src/test/resources/features/smoke-pack.feature:44
2026-04-02 12:22:29.475 [main] INFO  com.orangehrm.hooks.Hooks - ===================================================
2026-04-02 12:22:29.475 [main] INFO  com.orangehrm.hooks.Hooks - STARTING SCENARIO: Dashboard displays Quick Launch widget [thread=main]
2026-04-02 12:22:29.475 [main] INFO  com.orangehrm.hooks.Hooks - Tags: [@smoke, @critical, @ui, @login]
2026-04-02 12:22:29.475 [main] INFO  com.orangehrm.hooks.Hooks - Environment: dev
2026-04-02 12:22:29.475 [main] INFO  com.orangehrm.hooks.Hooks - ===================================================
2026-04-02 12:22:29.475 [main] INFO  com.orangehrm.driver.DriverFactory - Initialising WebDriver — browser=chrome, headless=true, thread=main
2026-04-02 12:22:29.479 [main] INFO  i.g.bonigarcia.wdm.WebDriverManager - Using chromedriver 146.0.7680.165 (resolved driver for Chrome 146)
2026-04-02 12:22:29.480 [main] INFO  i.g.bonigarcia.wdm.WebDriverManager - Exporting webdriver.chrome.driver as /home/kavia/.cache/selenium/chromedriver/linux64/146.0.7680.165/chromedriver
2026-04-02 12:22:29.480 [main] INFO  com.orangehrm.driver.DriverFactory - Chrome configured in HEADLESS mode
2026-04-02 12:22:29.481 [main] DEBUG com.orangehrm.driver.DriverFactory - Chrome user-data-dir for thread main: /tmp/chrome-profile-1-106892084267388
2026-04-02 12:22:29.787 [main] DEBUG com.orangehrm.config.ConfigManager - Config [wait.pageLoad] resolved from base config
2026-04-02 12:22:29.881 [main] INFO  com.orangehrm.driver.DriverFactory - WebDriver initialised successfully (browser=chrome, headless=true, thread=main)
2026-04-02 12:22:29.881 [main] INFO  com.orangehrm.steps.LoginSteps - Step: Logging in as admin user
2026-04-02 12:22:29.881 [main] INFO  c.orangehrm.utils.NavigationHelper - NavigationHelper.loginAsAdmin — starting
2026-04-02 12:22:29.881 [main] DEBUG com.orangehrm.config.ConfigManager - Config [admin.username] resolved from base config
2026-04-02 12:22:29.881 [main] DEBUG com.orangehrm.config.ConfigManager - Config [admin.password] resolved from base config
2026-04-02 12:22:29.881 [main] INFO  c.orangehrm.utils.NavigationHelper - NavigationHelper.login — user: 'Admin', thread: main
2026-04-02 12:22:29.881 [main] INFO  c.orangehrm.utils.NavigationHelper - NavigationHelper.navigateToLoginPage — navigating
2026-04-02 12:22:29.881 [main] DEBUG com.orangehrm.config.ConfigManager - Config [base.url] resolved from base config
2026-04-02 12:22:29.881 [main] INFO  com.orangehrm.pages.BasePage - Navigating to: https://opensource-demo.orangehrmlive.com/web/index.php/auth/login
2026-04-02 12:22:31.154 [main] DEBUG com.orangehrm.pages.BasePage - Waiting for element to be visible: By.cssSelector: .oxd-form
2026-04-02 12:22:31.155 [main] DEBUG com.orangehrm.config.ConfigManager - Config [wait.explicit] resolved from base config
2026-04-02 12:22:31.700 [main] INFO  c.orangehrm.utils.NavigationHelper - NavigationHelper.navigateToLoginPage — login form visible
2026-04-02 12:22:31.700 [main] DEBUG com.orangehrm.pages.BasePage - Looking for OXD input with label: Username
2026-04-02 12:22:31.700 [main] DEBUG com.orangehrm.pages.BasePage - Waiting for all elements to be visible: By.cssSelector: .oxd-input-group
2026-04-02 12:22:31.700 [main] DEBUG com.orangehrm.config.ConfigManager - Config [wait.explicit] resolved from base config
2026-04-02 12:22:31.836 [main] DEBUG com.orangehrm.pages.BasePage - Looking for OXD input with label: Password
2026-04-02 12:22:31.836 [main] DEBUG com.orangehrm.pages.BasePage - Waiting for all elements to be visible: By.cssSelector: .oxd-input-group
2026-04-02 12:22:31.836 [main] DEBUG com.orangehrm.config.ConfigManager - Config [wait.explicit] resolved from base config
2026-04-02 12:22:31.950 [main] DEBUG com.orangehrm.pages.BasePage - Clicking button with text: Login
2026-04-02 12:22:31.951 [main] DEBUG com.orangehrm.pages.BasePage - Waiting for all elements to be visible: By.cssSelector: .oxd-button
2026-04-02 12:22:31.951 [main] DEBUG com.orangehrm.config.ConfigManager - Config [wait.explicit] resolved from base config
2026-04-02 12:22:32.027 [main] INFO  com.orangehrm.pages.BasePage - Clicked button: Login
2026-04-02 12:22:32.028 [main] INFO  c.orangehrm.utils.NavigationHelper - Login form submitted for user: 'Admin'
2026-04-02 12:22:32.028 [main] DEBUG com.orangehrm.utils.WaitUtils - WaitUtils.forUrlContains — fragment: dashboard
2026-04-02 12:22:32.028 [main] DEBUG com.orangehrm.config.ConfigManager - Config [wait.explicit] resolved from base config
2026-04-02 12:22:33.231 [main] INFO  c.orangehrm.utils.NavigationHelper - NavigationHelper.loginAsAdmin — dashboard reached
2026-04-02 12:22:33.231 [main] INFO  com.orangehrm.steps.LoginSteps - Admin user logged in successfully
  Given the admin user is logged in                           # com.orangehrm.steps.LoginSteps.theAdminUserIsLoggedIn()
2026-04-02 12:22:33.232 [main] INFO  com.orangehrm.steps.DashboardSteps - Step: Navigating to dashboard '/dashboard/index'
2026-04-02 12:22:33.232 [main] DEBUG com.orangehrm.config.ConfigManager - Config [base.url] resolved from base config
2026-04-02 12:22:33.232 [main] INFO  com.orangehrm.pages.BasePage - Navigating to: https://opensource-demo.orangehrmlive.com/web/index.php/dashboard/index
2026-04-02 12:22:33.713 [main] DEBUG com.orangehrm.pages.BasePage - Waiting for element to be visible: By.cssSelector: .oxd-layout-context
2026-04-02 12:22:33.713 [main] DEBUG com.orangehrm.config.ConfigManager - Config [wait.explicit] resolved from base config
2026-04-02 12:22:34.245 [main] DEBUG com.orangehrm.pages.BasePage - Page content area loaded
2026-04-02 12:22:34.245 [main] INFO  com.orangehrm.steps.DashboardSteps - Dashboard page navigation complete
  When the user navigates to the dashboard "/dashboard/index" # com.orangehrm.steps.DashboardSteps.theUserNavigatesToTheDashboard(java.lang.String)
2026-04-02 12:22:34.245 [main] INFO  com.orangehrm.steps.DashboardSteps - Step: Verifying dashboard page loaded successfully
2026-04-02 12:22:34.245 [main] DEBUG com.orangehrm.utils.WaitUtils - WaitUtils.forVisible — locator: By.cssSelector: .oxd-layout-context
2026-04-02 12:22:34.245 [main] DEBUG com.orangehrm.config.ConfigManager - Config [wait.explicit] resolved from base config
2026-04-02 12:22:34.263 [main] INFO  com.orangehrm.steps.DashboardSteps - Dashboard page loaded successfully at: https://opensource-demo.orangehrmlive.com/web/index.php/dashboard/index
  Then the dashboard page should load successfully            # com.orangehrm.steps.DashboardSteps.theDashboardPageShouldLoadSuccessfully()
2026-04-02 12:22:34.264 [main] INFO  com.orangehrm.steps.DashboardSteps - Step: Verifying 'Quick Launch' widget is visible
2026-04-02 12:22:34.264 [main] DEBUG com.orangehrm.utils.WaitUtils - WaitUtils.forVisible — locator: By.cssSelector: .oxd-layout-context, timeout: 8s
2026-04-02 12:22:34.279 [main] DEBUG com.orangehrm.utils.WaitUtils - WaitUtils.forPresence — locator: By.xpath: //*[contains(@class,'orangehrm-dashboard-widget') or contains(@class,'oxd-sheet')]//*[contains(normalize-space(),'Quick Launch')]
2026-04-02 12:22:34.279 [main] DEBUG com.orangehrm.config.ConfigManager - Config [wait.explicit] resolved from base config
2026-04-02 12:22:34.289 [main] INFO  com.orangehrm.steps.DashboardSteps - Widget 'Quick Launch' is visible
  And the "Quick Launch" widget should be visible             # com.orangehrm.steps.DashboardSteps.theWidgetShouldBeVisible(java.lang.String)
2026-04-02 12:22:34.290 [main] INFO  com.orangehrm.hooks.Hooks - SCENARIO PASSED/SKIPPED: Dashboard displays Quick Launch widget [thread=main]
2026-04-02 12:22:34.290 [main] INFO  com.orangehrm.driver.DriverFactory - Quitting WebDriver (thread=main)...
2026-04-02 12:22:34.378 [main] INFO  com.orangehrm.driver.DriverFactory - WebDriver instance removed from ThreadLocal (thread=main)
2026-04-02 12:22:34.379 [main] INFO  com.orangehrm.hooks.Hooks - ===================================================
2026-04-02 12:22:34.379 [main] INFO  com.orangehrm.hooks.Hooks - FINISHED SCENARIO: Dashboard displays Quick Launch widget [PASSED/SKIPPED] [thread=main]
2026-04-02 12:22:34.379 [main] INFO  com.orangehrm.hooks.Hooks - ===================================================
]]></system-out>
    <system-err><![CDATA[Apr 02, 2026 12:22:29 PM org.openqa.selenium.devtools.CdpVersionFinder findNearestMatch
WARNING: Unable to find CDP implementation matching 146
Apr 02, 2026 12:22:29 PM org.openqa.selenium.chromium.ChromiumDriver lambda$new$5
WARNING: Unable to find version of CDP to use for 146.0.7680.177. You may need to include a dependency on a specific version of the CDP using something similar to `org.seleniumhq.selenium:selenium-devtools-v86:4.18.1` where the version ("v86") matches the version of the chromium-based browser you're using and the version number of the artifact is the same as Selenium's.
]]></system-err>
  </testcase>
</testsuite>