<?xml version="1.0" encoding="UTF-8"?>
<testsuite xmlns:xsi="http://www.w3.org/2001/XMLSchema-instance" xsi:noNamespaceSchemaLocation="https://maven.apache.org/surefire/maven-surefire-plugin/xsd/surefire-test-report-3.0.xsd" version="3.0" name="com.orangehrm.runner.SequentialTestRunner" time="1.957" tests="9" errors="0" skipped="9" failures="0">
  <properties>
[...]
</properties>
  <testcase name="Verify database connectivity" classname="Database Validation" time="0.0">
    <skipped message="Database is not configured — skipping. Set db.url, db.username, db.password, db.driver in properties or environment variables."/>
    <system-out><![CDATA[
@database @db-validation @sequential @db-insert @smoke
Scenario: Verify database connectivity                                    # src/test/resources/features/database-validation.feature:13
2026-04-02 11:58:49.491 [main] INFO  c.orangehrm.config.EnvironmentConfig - ========================================================
2026-04-02 11:58:49.491 [main] INFO  c.orangehrm.config.EnvironmentConfig -         TEST CONFIGURATION SUMMARY                      
2026-04-02 11:58:49.491 [main] INFO  c.orangehrm.config.EnvironmentConfig - ========================================================
2026-04-02 11:58:49.492 [main] INFO  com.orangehrm.config.ConfigManager - Loaded configuration from config.properties
2026-04-02 11:58:49.493 [main] INFO  com.orangehrm.config.ConfigManager - Environment resolved from system property: dev
2026-04-02 11:58:49.493 [main] INFO  com.orangehrm.config.ConfigManager - ConfigManager initialised -- active environment: [dev]
2026-04-02 11:58:49.493 [main] DEBUG com.orangehrm.config.ConfigManager - Config [base.url] resolved from base config
2026-04-02 11:58:49.494 [main] DEBUG com.orangehrm.config.ConfigManager - Config [admin.username] resolved from base config
2026-04-02 11:58:49.494 [main] DEBUG com.orangehrm.config.ConfigManager - Config [admin.password] resolved from base config
2026-04-02 11:58:49.496 [main] DEBUG com.orangehrm.config.ConfigManager - Config [ess.username] using default: 
2026-04-02 11:58:49.496 [main] ERROR com.orangehrm.config.ConfigManager - Required configuration key [ess.username] is not set in any source
2026-04-02 11:58:49.496 [main] DEBUG com.orangehrm.config.ConfigManager - Config [ess.password] using default: 
2026-04-02 11:58:49.496 [main] ERROR com.orangehrm.config.ConfigManager - Required configuration key [ess.password] is not set in any source
2026-04-02 11:58:49.496 [main] DEBUG com.orangehrm.config.ConfigManager - Config [db.url] using default: 
2026-04-02 11:58:49.496 [main] DEBUG com.orangehrm.config.ConfigManager - Config [db.url] using default: 
2026-04-02 11:58:49.496 [main] DEBUG com.orangehrm.config.ConfigManager - Config [wait.explicit] resolved from base config
2026-04-02 11:58:49.496 [main] DEBUG com.orangehrm.config.ConfigManager - Config [wait.pageLoad] resolved from base config
2026-04-02 11:58:49.497 [main] INFO  c.orangehrm.config.EnvironmentConfig -   environment         : dev
2026-04-02 11:58:49.497 [main] INFO  c.orangehrm.config.EnvironmentConfig -   base.url            : https://opensource-demo.orangehrmlive.com
2026-04-02 11:58:49.497 [main] INFO  c.orangehrm.config.EnvironmentConfig -   browser             : chrome
2026-04-02 11:58:49.497 [main] INFO  c.orangehrm.config.EnvironmentConfig -   browser.headless    : true
2026-04-02 11:58:49.497 [main] INFO  c.orangehrm.config.EnvironmentConfig -   admin.username      : Admin
2026-04-02 11:58:49.497 [main] INFO  c.orangehrm.config.EnvironmentConfig -   admin.password      : a***3
2026-04-02 11:58:49.498 [main] INFO  c.orangehrm.config.EnvironmentConfig -   ess.username        : 
2026-04-02 11:58:49.498 [main] INFO  c.orangehrm.config.EnvironmentConfig -   ess.password        : ***
2026-04-02 11:58:49.498 [main] INFO  c.orangehrm.config.EnvironmentConfig -   db.configured       : false
2026-04-02 11:58:49.498 [main] INFO  c.orangehrm.config.EnvironmentConfig -   wait.explicit       : 15
2026-04-02 11:58:49.498 [main] INFO  c.orangehrm.config.EnvironmentConfig -   wait.pageLoad       : 30
2026-04-02 11:58:49.498 [main] INFO  c.orangehrm.config.EnvironmentConfig - ========================================================
2026-04-02 11:58:49.499 [main] INFO  com.orangehrm.hooks.Hooks - ===================================================
2026-04-02 11:58:49.499 [main] INFO  com.orangehrm.hooks.Hooks - STARTING SCENARIO: Verify database connectivity [thread=main]
2026-04-02 11:58:49.499 [main] INFO  com.orangehrm.hooks.Hooks - Tags: [@database, @db-validation, @sequential, @db-insert, @smoke]
2026-04-02 11:58:49.499 [main] INFO  com.orangehrm.hooks.Hooks - Environment: dev
2026-04-02 11:58:49.500 [main] INFO  com.orangehrm.hooks.Hooks - ===================================================
2026-04-02 11:58:49.501 [main] DEBUG com.orangehrm.config.ConfigManager - Config [driver.init.retries] resolved from base config
2026-04-02 11:58:49.501 [main] INFO  com.orangehrm.driver.DriverFactory - Initialising WebDriver — browser=chrome, headless=true, thread=main
2026-04-02 11:58:49.751 [main] INFO  i.g.bonigarcia.wdm.WebDriverManager - Using chromedriver 146.0.7680.165 (resolved driver for Chrome 146)
2026-04-02 11:58:49.764 [main] INFO  i.g.bonigarcia.wdm.WebDriverManager - Exporting webdriver.chrome.driver as /home/kavia/.cache/selenium/chromedriver/linux64/146.0.7680.165/chromedriver
2026-04-02 11:58:49.768 [main] INFO  com.orangehrm.driver.DriverFactory - Chrome configured in HEADLESS mode
2026-04-02 11:58:49.771 [main] DEBUG com.orangehrm.driver.DriverFactory - Chrome user-data-dir for thread main: /tmp/chrome-profile-1-105472372472808
2026-04-02 11:58:50.309 [main] DEBUG com.orangehrm.config.ConfigManager - Config [wait.pageLoad] resolved from base config
2026-04-02 11:58:50.341 [main] INFO  com.orangehrm.driver.DriverFactory - WebDriver initialised successfully (browser=chrome, headless=true, thread=main)
2026-04-02 11:58:50.344 [main] INFO  c.o.steps.DatabaseValidationSteps - Step: Verifying database connection for environment 'dev'
2026-04-02 11:58:50.345 [main] DEBUG com.orangehrm.config.ConfigManager - Config [db.url] using default: 
2026-04-02 11:58:50.345 [main] WARN  c.o.steps.DatabaseValidationSteps - Database is NOT configured (db.url is empty). Skipping database scenario. To enable, set db.url, db.username, db.password, db.driver in properties or environment variables.
  Given the database connection is configured for the current environment # com.orangehrm.steps.DatabaseValidationSteps.theDatabaseConnectionIsConfiguredForTheCurrentEnvironment()
      org.junit.AssumptionViolatedException: Database is not configured — skipping. Set db.url, db.username, db.password, db.driver in properties or environment variables.
	at org.junit.Assume.assumeTrue(Assume.java:68)
	at com.orangehrm.steps.DatabaseValidationSteps.theDatabaseConnectionIsConfiguredForTheCurrentEnvironment(DatabaseValidationSteps.java:104)
	at ✽.the database connection is configured for the current environment(file:///home/kavia/workspace/code-generation/orangehrm-338436/src/test/selenium-cucumber/src/test/resources/features/database-validation.feature:8)

  Then the database should be accessible                                  # com.orangehrm.steps.DatabaseValidationSteps.theDatabaseShouldBeAccessible()
2026-04-02 11:58:50.353 [main] INFO  com.orangehrm.hooks.Hooks - SCENARIO PASSED/SKIPPED: Verify database connectivity [thread=main]
2026-04-02 11:58:50.353 [main] INFO  com.orangehrm.driver.DriverFactory - Quitting WebDriver (thread=main)...
2026-04-02 11:58:50.432 [main] INFO  com.orangehrm.driver.DriverFactory - WebDriver instance removed from ThreadLocal (thread=main)
2026-04-02 11:58:50.432 [main] INFO  com.orangehrm.hooks.Hooks - ===================================================
2026-04-02 11:58:50.433 [main] INFO  com.orangehrm.hooks.Hooks - FINISHED SCENARIO: Verify database connectivity [PASSED/SKIPPED] [thread=main]
2026-04-02 11:58:50.433 [main] INFO  com.orangehrm.hooks.Hooks - ===================================================
]]></system-out>
    <system-err><![CDATA[Apr 02, 2026 11:58:50 AM org.openqa.selenium.devtools.CdpVersionFinder findNearestMatch
WARNING: Unable to find CDP implementation matching 146
Apr 02, 2026 11:58:50 AM org.openqa.selenium.chromium.ChromiumDriver lambda$new$5
WARNING: Unable to find version of CDP to use for 146.0.7680.177. You may need to include a dependency on a specific version of the CDP using something similar to `org.seleniumhq.selenium:selenium-devtools-v86:4.18.1` where the version ("v86") matches the version of the chromium-based browser you're using and the version number of the artifact is the same as Selenium's.
]]></system-err>
  </testcase>
  <testcase name="Validate data insertion into a table" classname="Database Validation" time="0.0">
    <skipped message="Database is not configured — skipping. Set db.url, db.username, db.password, db.driver in properties or environment variables."/>
    <system-out><![CDATA[
@database @db-validation @sequential @db-insert
Scenario: Validate data insertion into a table                                                      # src/test/resources/features/database-validation.feature:17
2026-04-02 11:58:50.471 [main] INFO  com.orangehrm.hooks.Hooks - ===================================================
2026-04-02 11:58:50.471 [main] INFO  com.orangehrm.hooks.Hooks - STARTING SCENARIO: Validate data insertion into a table [thread=main]
2026-04-02 11:58:50.471 [main] INFO  com.orangehrm.hooks.Hooks - Tags: [@database, @db-validation, @sequential, @db-insert]
2026-04-02 11:58:50.471 [main] INFO  com.orangehrm.hooks.Hooks - Environment: dev
2026-04-02 11:58:50.471 [main] INFO  com.orangehrm.hooks.Hooks - ===================================================
2026-04-02 11:58:50.471 [main] DEBUG com.orangehrm.config.ConfigManager - Config [db.url] using default: 
2026-04-02 11:58:50.471 [main] INFO  com.orangehrm.hooks.Hooks - Database not configured — skipping WebDriver init for database-only scenario
2026-04-02 11:58:50.472 [main] INFO  c.o.steps.DatabaseValidationSteps - Step: Verifying database connection for environment 'dev'
2026-04-02 11:58:50.472 [main] DEBUG com.orangehrm.config.ConfigManager - Config [db.url] using default: 
2026-04-02 11:58:50.472 [main] WARN  c.o.steps.DatabaseValidationSteps - Database is NOT configured (db.url is empty). Skipping database scenario. To enable, set db.url, db.username, db.password, db.driver in properties or environment variables.
  Given the database connection is configured for the current environment                           # com.orangehrm.steps.DatabaseValidationSteps.theDatabaseConnectionIsConfiguredForTheCurrentEnvironment()
      org.junit.AssumptionViolatedException: Database is not configured — skipping. Set db.url, db.username, db.password, db.driver in properties or environment variables.
	at org.junit.Assume.assumeTrue(Assume.java:68)
	at com.orangehrm.steps.DatabaseValidationSteps.theDatabaseConnectionIsConfiguredForTheCurrentEnvironment(DatabaseValidationSteps.java:104)
	at ✽.the database connection is configured for the current environment(file:///home/kavia/workspace/code-generation/orangehrm-338436/src/test/selenium-cucumber/src/test/resources/features/database-validation.feature:8)

  Given the table "ohrm_nationality" exists in the database                                         # com.orangehrm.steps.DatabaseValidationSteps.theTableExistsInTheDatabase(java.lang.String)
  And no record exists in "ohrm_nationality" where "name" = "TestNationality_Auto"                  # com.orangehrm.steps.DatabaseValidationSteps.noRecordExistsInTableWhereColumnEqualsValue(java.lang.String,java.lang.String,java.lang.String)
  When I insert a record into "ohrm_nationality" with values "id=999, name=TestNationality_Auto"    # com.orangehrm.steps.DatabaseValidationSteps.iInsertARecordIntoTableWithValues(java.lang.String,java.lang.String)
  Then the operation should affect 1 row(s)
  And a record should exist in "ohrm_nationality" where "name" = "TestNationality_Auto"             # com.orangehrm.steps.DatabaseValidationSteps.aRecordShouldExistInTableWhereColumnEquals(java.lang.String,java.lang.String,java.lang.String)
  And the value of "name" in "ohrm_nationality" where "id" = "999" should be "TestNationality_Auto" # com.orangehrm.steps.DatabaseValidationSteps.theValueOfColumnInTableShouldBe(java.lang.String,java.lang.String,java.lang.String,java.lang.String,java.lang.String)
  And I clean up the record in "ohrm_nationality" where "id" = "999"                                # com.orangehrm.steps.DatabaseValidationSteps.iCleanUpTheRecordInTableWhereColumnEquals(java.lang.String,java.lang.String,java.lang.String)
2026-04-02 11:58:50.475 [main] INFO  com.orangehrm.hooks.Hooks - SCENARIO PASSED/SKIPPED: Validate data insertion into a table [thread=main]
2026-04-02 11:58:50.475 [main] INFO  com.orangehrm.hooks.Hooks - ===================================================
2026-04-02 11:58:50.475 [main] INFO  com.orangehrm.hooks.Hooks - FINISHED SCENARIO: Validate data insertion into a table [PASSED/SKIPPED] [thread=main]
2026-04-02 11:58:50.475 [main] INFO  com.orangehrm.hooks.Hooks - ===================================================
]]></system-out>
  </testcase>
  <testcase name="Validate inserted record count" classname="Database Validation" time="0.0">
    <skipped message="Database is not configured — skipping. Set db.url, db.username, db.password, db.driver in properties or environment variables."/>
    <system-out><![CDATA[
@database @db-validation @sequential @db-insert
Scenario: Validate inserted record count                                                      # src/test/resources/features/database-validation.feature:28
2026-04-02 11:58:50.487 [main] INFO  com.orangehrm.hooks.Hooks - ===================================================
2026-04-02 11:58:50.487 [main] INFO  com.orangehrm.hooks.Hooks - STARTING SCENARIO: Validate inserted record count [thread=main]
2026-04-02 11:58:50.487 [main] INFO  com.orangehrm.hooks.Hooks - Tags: [@database, @db-validation, @sequential, @db-insert]
2026-04-02 11:58:50.487 [main] INFO  com.orangehrm.hooks.Hooks - Environment: dev
2026-04-02 11:58:50.487 [main] INFO  com.orangehrm.hooks.Hooks - ===================================================
2026-04-02 11:58:50.488 [main] DEBUG com.orangehrm.config.ConfigManager - Config [db.url] using default: 
2026-04-02 11:58:50.488 [main] INFO  com.orangehrm.hooks.Hooks - Database not configured — skipping WebDriver init for database-only scenario
2026-04-02 11:58:50.488 [main] INFO  c.o.steps.DatabaseValidationSteps - Step: Verifying database connection for environment 'dev'
2026-04-02 11:58:50.488 [main] DEBUG com.orangehrm.config.ConfigManager - Config [db.url] using default: 
2026-04-02 11:58:50.489 [main] WARN  c.o.steps.DatabaseValidationSteps - Database is NOT configured (db.url is empty). Skipping database scenario. To enable, set db.url, db.username, db.password, db.driver in properties or environment variables.
  Given the database connection is configured for the current environment                     # com.orangehrm.steps.DatabaseValidationSteps.theDatabaseConnectionIsConfiguredForTheCurrentEnvironment()
      org.junit.AssumptionViolatedException: Database is not configured — skipping. Set db.url, db.username, db.password, db.driver in properties or environment variables.
	at org.junit.Assume.assumeTrue(Assume.java:68)
	at com.orangehrm.steps.DatabaseValidationSteps.theDatabaseConnectionIsConfiguredForTheCurrentEnvironment(DatabaseValidationSteps.java:104)
	at ✽.the database connection is configured for the current environment(file:///home/kavia/workspace/code-generation/orangehrm-338436/src/test/selenium-cucumber/src/test/resources/features/database-validation.feature:8)

  Given the table "ohrm_nationality" exists in the database                                   # com.orangehrm.steps.DatabaseValidationSteps.theTableExistsInTheDatabase(java.lang.String)
  And no record exists in "ohrm_nationality" where "name" = "TestCount_Auto"                  # com.orangehrm.steps.DatabaseValidationSteps.noRecordExistsInTableWhereColumnEqualsValue(java.lang.String,java.lang.String,java.lang.String)
  When I insert a record into "ohrm_nationality" with values "id=998, name=TestCount_Auto"    # com.orangehrm.steps.DatabaseValidationSteps.iInsertARecordIntoTableWithValues(java.lang.String,java.lang.String)
  Then the count of records in "ohrm_nationality" where "name" = "TestCount_Auto" should be 1 # com.orangehrm.steps.DatabaseValidationSteps.theCountOfRecordsShouldBe(java.lang.String,java.lang.String,java.lang.String,int)
  And I clean up the record in "ohrm_nationality" where "id" = "998"                          # com.orangehrm.steps.DatabaseValidationSteps.iCleanUpTheRecordInTableWhereColumnEquals(java.lang.String,java.lang.String,java.lang.String)
2026-04-02 11:58:50.492 [main] INFO  com.orangehrm.hooks.Hooks - SCENARIO PASSED/SKIPPED: Validate inserted record count [thread=main]
2026-04-02 11:58:50.492 [main] INFO  com.orangehrm.hooks.Hooks - ===================================================
2026-04-02 11:58:50.492 [main] INFO  com.orangehrm.hooks.Hooks - FINISHED SCENARIO: Validate inserted record count [PASSED/SKIPPED] [thread=main]
2026-04-02 11:58:50.492 [main] INFO  com.orangehrm.hooks.Hooks - ===================================================
]]></system-out>
  </testcase>
  <testcase name="Validate insertion with query verification" classname="Database Validation" time="0.0">
    <skipped message="Database is not configured — skipping. Set db.url, db.username, db.password, db.driver in properties or environment variables."/>
    <system-out><![CDATA[
@database @db-validation @sequential @db-insert
Scenario: Validate insertion with query verification                                                      # src/test/resources/features/database-validation.feature:37
2026-04-02 11:58:50.505 [main] INFO  com.orangehrm.hooks.Hooks - ===================================================
2026-04-02 11:58:50.505 [main] INFO  com.orangehrm.hooks.Hooks - STARTING SCENARIO: Validate insertion with query verification [thread=main]
2026-04-02 11:58:50.506 [main] INFO  com.orangehrm.hooks.Hooks - Tags: [@database, @db-validation, @sequential, @db-insert]
2026-04-02 11:58:50.506 [main] INFO  com.orangehrm.hooks.Hooks - Environment: dev
2026-04-02 11:58:50.506 [main] INFO  com.orangehrm.hooks.Hooks - ===================================================
2026-04-02 11:58:50.506 [main] DEBUG com.orangehrm.config.ConfigManager - Config [db.url] using default: 
2026-04-02 11:58:50.506 [main] INFO  com.orangehrm.hooks.Hooks - Database not configured — skipping WebDriver init for database-only scenario
2026-04-02 11:58:50.507 [main] INFO  c.o.steps.DatabaseValidationSteps - Step: Verifying database connection for environment 'dev'
2026-04-02 11:58:50.507 [main] DEBUG com.orangehrm.config.ConfigManager - Config [db.url] using default: 
2026-04-02 11:58:50.507 [main] WARN  c.o.steps.DatabaseValidationSteps - Database is NOT configured (db.url is empty). Skipping database scenario. To enable, set db.url, db.username, db.password, db.driver in properties or environment variables.
  Given the database connection is configured for the current environment                                 # com.orangehrm.steps.DatabaseValidationSteps.theDatabaseConnectionIsConfiguredForTheCurrentEnvironment()
      org.junit.AssumptionViolatedException: Database is not configured — skipping. Set db.url, db.username, db.password, db.driver in properties or environment variables.
	at org.junit.Assume.assumeTrue(Assume.java:68)
	at com.orangehrm.steps.DatabaseValidationSteps.theDatabaseConnectionIsConfiguredForTheCurrentEnvironment(DatabaseValidationSteps.java:104)
	at ✽.the database connection is configured for the current environment(file:///home/kavia/workspace/code-generation/orangehrm-338436/src/test/selenium-cucumber/src/test/resources/features/database-validation.feature:8)

  Given the table "ohrm_nationality" exists in the database                                               # com.orangehrm.steps.DatabaseValidationSteps.theTableExistsInTheDatabase(java.lang.String)
  And no record exists in "ohrm_nationality" where "name" = "TestQuery_Auto"                              # com.orangehrm.steps.DatabaseValidationSteps.noRecordExistsInTableWhereColumnEqualsValue(java.lang.String,java.lang.String,java.lang.String)
  When I insert a record into "ohrm_nationality" with values "id=997, name=TestQuery_Auto"                # com.orangehrm.steps.DatabaseValidationSteps.iInsertARecordIntoTableWithValues(java.lang.String,java.lang.String)
  And I execute the query "SELECT * FROM ohrm_nationality WHERE name = ?" with parameter "TestQuery_Auto" # com.orangehrm.steps.DatabaseValidationSteps.iExecuteTheQueryWithParameter(java.lang.String,java.lang.String)
  Then the query result should not be empty                                                               # com.orangehrm.steps.DatabaseValidationSteps.theQueryResultShouldNotBeEmpty()
  And the query result should contain 1 row(s)
  And I clean up the record in "ohrm_nationality" where "id" = "997"                                      # com.orangehrm.steps.DatabaseValidationSteps.iCleanUpTheRecordInTableWhereColumnEquals(java.lang.String,java.lang.String,java.lang.String)
2026-04-02 11:58:50.509 [main] INFO  com.orangehrm.hooks.Hooks - SCENARIO PASSED/SKIPPED: Validate insertion with query verification [thread=main]
2026-04-02 11:58:50.510 [main] INFO  com.orangehrm.hooks.Hooks - ===================================================
2026-04-02 11:58:50.510 [main] INFO  com.orangehrm.hooks.Hooks - FINISHED SCENARIO: Validate insertion with query verification [PASSED/SKIPPED] [thread=main]
2026-04-02 11:58:50.510 [main] INFO  com.orangehrm.hooks.Hooks - ===================================================
]]></system-out>
  </testcase>
  <testcase name="Validate data update in a table" classname="Database Validation" time="0.0">
    <skipped message="Database is not configured — skipping. Set db.url, db.username, db.password, db.driver in properties or environment variables."/>
    <system-out><![CDATA[
@database @db-validation @sequential @db-update
Scenario: Validate data update in a table                                                       # src/test/resources/features/database-validation.feature:50
2026-04-02 11:58:50.522 [main] INFO  com.orangehrm.hooks.Hooks - ===================================================
2026-04-02 11:58:50.522 [main] INFO  com.orangehrm.hooks.Hooks - STARTING SCENARIO: Validate data update in a table [thread=main]
2026-04-02 11:58:50.522 [main] INFO  com.orangehrm.hooks.Hooks - Tags: [@database, @db-validation, @sequential, @db-update]
2026-04-02 11:58:50.522 [main] INFO  com.orangehrm.hooks.Hooks - Environment: dev
2026-04-02 11:58:50.523 [main] INFO  com.orangehrm.hooks.Hooks - ===================================================
2026-04-02 11:58:50.523 [main] DEBUG com.orangehrm.config.ConfigManager - Config [db.url] using default: 
2026-04-02 11:58:50.523 [main] INFO  com.orangehrm.hooks.Hooks - Database not configured — skipping WebDriver init for database-only scenario
2026-04-02 11:58:50.523 [main] INFO  c.o.steps.DatabaseValidationSteps - Step: Verifying database connection for environment 'dev'
2026-04-02 11:58:50.523 [main] DEBUG com.orangehrm.config.ConfigManager - Config [db.url] using default: 
2026-04-02 11:58:50.524 [main] WARN  c.o.steps.DatabaseValidationSteps - Database is NOT configured (db.url is empty). Skipping database scenario. To enable, set db.url, db.username, db.password, db.driver in properties or environment variables.
  Given the database connection is configured for the current environment                       # com.orangehrm.steps.DatabaseValidationSteps.theDatabaseConnectionIsConfiguredForTheCurrentEnvironment()
      org.junit.AssumptionViolatedException: Database is not configured — skipping. Set db.url, db.username, db.password, db.driver in properties or environment variables.
	at org.junit.Assume.assumeTrue(Assume.java:68)
	at com.orangehrm.steps.DatabaseValidationSteps.theDatabaseConnectionIsConfiguredForTheCurrentEnvironment(DatabaseValidationSteps.java:104)
	at ✽.the database connection is configured for the current environment(file:///home/kavia/workspace/code-generation/orangehrm-338436/src/test/selenium-cucumber/src/test/resources/features/database-validation.feature:8)

  Given the table "ohrm_nationality" exists in the database                                     # com.orangehrm.steps.DatabaseValidationSteps.theTableExistsInTheDatabase(java.lang.String)
  And no record exists in "ohrm_nationality" where "name" = "UpdateTest_Auto"                   # com.orangehrm.steps.DatabaseValidationSteps.noRecordExistsInTableWhereColumnEqualsValue(java.lang.String,java.lang.String,java.lang.String)
  And no record exists in "ohrm_nationality" where "name" = "UpdatedName_Auto"                  # com.orangehrm.steps.DatabaseValidationSteps.noRecordExistsInTableWhereColumnEqualsValue(java.lang.String,java.lang.String,java.lang.String)
  When I insert a record into "ohrm_nationality" with values "id=996, name=UpdateTest_Auto"     # com.orangehrm.steps.DatabaseValidationSteps.iInsertARecordIntoTableWithValues(java.lang.String,java.lang.String)
  Then a record should exist in "ohrm_nationality" where "name" = "UpdateTest_Auto"             # com.orangehrm.steps.DatabaseValidationSteps.aRecordShouldExistInTableWhereColumnEquals(java.lang.String,java.lang.String,java.lang.String)
  When I update "ohrm_nationality" set "name" = "UpdatedName_Auto" where "id" = "996"           # com.orangehrm.steps.DatabaseValidationSteps.iUpdateTableSetColumnWhereCondition(java.lang.String,java.lang.String,java.lang.String,java.lang.String,java.lang.String)
  Then the operation should affect 1 row(s)
  And a record should exist in "ohrm_nationality" where "name" = "UpdatedName_Auto"             # com.orangehrm.steps.DatabaseValidationSteps.aRecordShouldExistInTableWhereColumnEquals(java.lang.String,java.lang.String,java.lang.String)
  And no record should exist in "ohrm_nationality" where "name" = "UpdateTest_Auto"             # com.orangehrm.steps.DatabaseValidationSteps.noRecordShouldExistInTableWhereColumnEquals(java.lang.String,java.lang.String,java.lang.String)
  And the value of "name" in "ohrm_nationality" where "id" = "996" should be "UpdatedName_Auto" # com.orangehrm.steps.DatabaseValidationSteps.theValueOfColumnInTableShouldBe(java.lang.String,java.lang.String,java.lang.String,java.lang.String,java.lang.String)
  And I clean up the record in "ohrm_nationality" where "id" = "996"                            # com.orangehrm.steps.DatabaseValidationSteps.iCleanUpTheRecordInTableWhereColumnEquals(java.lang.String,java.lang.String,java.lang.String)
2026-04-02 11:58:50.527 [main] INFO  com.orangehrm.hooks.Hooks - SCENARIO PASSED/SKIPPED: Validate data update in a table [thread=main]
2026-04-02 11:58:50.527 [main] INFO  com.orangehrm.hooks.Hooks - ===================================================
2026-04-02 11:58:50.527 [main] INFO  com.orangehrm.hooks.Hooks - FINISHED SCENARIO: Validate data update in a table [PASSED/SKIPPED] [thread=main]
2026-04-02 11:58:50.527 [main] INFO  com.orangehrm.hooks.Hooks - ===================================================
]]></system-out>
  </testcase>
  <testcase name="Validate update does not affect unrelated records" classname="Database Validation" time="0.0">
    <skipped message="Database is not configured — skipping. Set db.url, db.username, db.password, db.driver in properties or environment variables."/>
    <system-out><![CDATA[
@database @db-validation @sequential @db-update
Scenario: Validate update does not affect unrelated records                              # src/test/resources/features/database-validation.feature:67
2026-04-02 11:58:50.547 [main] INFO  com.orangehrm.hooks.Hooks - ===================================================
2026-04-02 11:58:50.547 [main] INFO  com.orangehrm.hooks.Hooks - STARTING SCENARIO: Validate update does not affect unrelated records [thread=main]
2026-04-02 11:58:50.547 [main] INFO  com.orangehrm.hooks.Hooks - Tags: [@database, @db-validation, @sequential, @db-update]
2026-04-02 11:58:50.547 [main] INFO  com.orangehrm.hooks.Hooks - Environment: dev
2026-04-02 11:58:50.547 [main] INFO  com.orangehrm.hooks.Hooks - ===================================================
2026-04-02 11:58:50.547 [main] DEBUG com.orangehrm.config.ConfigManager - Config [db.url] using default: 
2026-04-02 11:58:50.547 [main] INFO  com.orangehrm.hooks.Hooks - Database not configured — skipping WebDriver init for database-only scenario
2026-04-02 11:58:50.548 [main] INFO  c.o.steps.DatabaseValidationSteps - Step: Verifying database connection for environment 'dev'
2026-04-02 11:58:50.548 [main] DEBUG com.orangehrm.config.ConfigManager - Config [db.url] using default: 
2026-04-02 11:58:50.548 [main] WARN  c.o.steps.DatabaseValidationSteps - Database is NOT configured (db.url is empty). Skipping database scenario. To enable, set db.url, db.username, db.password, db.driver in properties or environment variables.
  Given the database connection is configured for the current environment                # com.orangehrm.steps.DatabaseValidationSteps.theDatabaseConnectionIsConfiguredForTheCurrentEnvironment()
      org.junit.AssumptionViolatedException: Database is not configured — skipping. Set db.url, db.username, db.password, db.driver in properties or environment variables.
	at org.junit.Assume.assumeTrue(Assume.java:68)
	at com.orangehrm.steps.DatabaseValidationSteps.theDatabaseConnectionIsConfiguredForTheCurrentEnvironment(DatabaseValidationSteps.java:104)
	at ✽.the database connection is configured for the current environment(file:///home/kavia/workspace/code-generation/orangehrm-338436/src/test/selenium-cucumber/src/test/resources/features/database-validation.feature:8)

  Given the table "ohrm_nationality" exists in the database                              # com.orangehrm.steps.DatabaseValidationSteps.theTableExistsInTheDatabase(java.lang.String)
  And no record exists in "ohrm_nationality" where "name" = "KeepMe_Auto"                # com.orangehrm.steps.DatabaseValidationSteps.noRecordExistsInTableWhereColumnEqualsValue(java.lang.String,java.lang.String,java.lang.String)
  And no record exists in "ohrm_nationality" where "name" = "ChangeMe_Auto"              # com.orangehrm.steps.DatabaseValidationSteps.noRecordExistsInTableWhereColumnEqualsValue(java.lang.String,java.lang.String,java.lang.String)
  When I insert a record into "ohrm_nationality" with values "id=994, name=KeepMe_Auto"  # com.orangehrm.steps.DatabaseValidationSteps.iInsertARecordIntoTableWithValues(java.lang.String,java.lang.String)
  And I insert a record into "ohrm_nationality" with values "id=995, name=ChangeMe_Auto" # com.orangehrm.steps.DatabaseValidationSteps.iInsertARecordIntoTableWithValues(java.lang.String,java.lang.String)
  When I update "ohrm_nationality" set "name" = "Changed_Auto" where "id" = "995"        # com.orangehrm.steps.DatabaseValidationSteps.iUpdateTableSetColumnWhereCondition(java.lang.String,java.lang.String,java.lang.String,java.lang.String,java.lang.String)
  Then a record should exist in "ohrm_nationality" where "name" = "KeepMe_Auto"          # com.orangehrm.steps.DatabaseValidationSteps.aRecordShouldExistInTableWhereColumnEquals(java.lang.String,java.lang.String,java.lang.String)
  And a record should exist in "ohrm_nationality" where "name" = "Changed_Auto"          # com.orangehrm.steps.DatabaseValidationSteps.aRecordShouldExistInTableWhereColumnEquals(java.lang.String,java.lang.String,java.lang.String)
  And no record should exist in "ohrm_nationality" where "name" = "ChangeMe_Auto"        # com.orangehrm.steps.DatabaseValidationSteps.noRecordShouldExistInTableWhereColumnEquals(java.lang.String,java.lang.String,java.lang.String)
  And I clean up the record in "ohrm_nationality" where "id" = "994"                     # com.orangehrm.steps.DatabaseValidationSteps.iCleanUpTheRecordInTableWhereColumnEquals(java.lang.String,java.lang.String,java.lang.String)
  And I clean up the record in "ohrm_nationality" where "id" = "995"                     # com.orangehrm.steps.DatabaseValidationSteps.iCleanUpTheRecordInTableWhereColumnEquals(java.lang.String,java.lang.String,java.lang.String)
2026-04-02 11:58:50.551 [main] INFO  com.orangehrm.hooks.Hooks - SCENARIO PASSED/SKIPPED: Validate update does not affect unrelated records [thread=main]
2026-04-02 11:58:50.552 [main] INFO  com.orangehrm.hooks.Hooks - ===================================================
2026-04-02 11:58:50.552 [main] INFO  com.orangehrm.hooks.Hooks - FINISHED SCENARIO: Validate update does not affect unrelated records [PASSED/SKIPPED] [thread=main]
2026-04-02 11:58:50.552 [main] INFO  com.orangehrm.hooks.Hooks - ===================================================
]]></system-out>
  </testcase>
  <testcase name="Validate data deletion from a table" classname="Database Validation" time="0.0">
    <skipped message="Database is not configured — skipping. Set db.url, db.username, db.password, db.driver in properties or environment variables."/>
    <system-out><![CDATA[
@database @db-validation @sequential @db-delete
Scenario: Validate data deletion from a table                                             # src/test/resources/features/database-validation.feature:86
2026-04-02 11:58:50.562 [main] INFO  com.orangehrm.hooks.Hooks - ===================================================
2026-04-02 11:58:50.562 [main] INFO  com.orangehrm.hooks.Hooks - STARTING SCENARIO: Validate data deletion from a table [thread=main]
2026-04-02 11:58:50.562 [main] INFO  com.orangehrm.hooks.Hooks - Tags: [@database, @db-validation, @sequential, @db-delete]
2026-04-02 11:58:50.562 [main] INFO  com.orangehrm.hooks.Hooks - Environment: dev
2026-04-02 11:58:50.562 [main] INFO  com.orangehrm.hooks.Hooks - ===================================================
2026-04-02 11:58:50.562 [main] DEBUG com.orangehrm.config.ConfigManager - Config [db.url] using default: 
2026-04-02 11:58:50.562 [main] INFO  com.orangehrm.hooks.Hooks - Database not configured — skipping WebDriver init for database-only scenario
2026-04-02 11:58:50.563 [main] INFO  c.o.steps.DatabaseValidationSteps - Step: Verifying database connection for environment 'dev'
2026-04-02 11:58:50.563 [main] DEBUG com.orangehrm.config.ConfigManager - Config [db.url] using default: 
2026-04-02 11:58:50.563 [main] WARN  c.o.steps.DatabaseValidationSteps - Database is NOT configured (db.url is empty). Skipping database scenario. To enable, set db.url, db.username, db.password, db.driver in properties or environment variables.
  Given the database connection is configured for the current environment                 # com.orangehrm.steps.DatabaseValidationSteps.theDatabaseConnectionIsConfiguredForTheCurrentEnvironment()
      org.junit.AssumptionViolatedException: Database is not configured — skipping. Set db.url, db.username, db.password, db.driver in properties or environment variables.
	at org.junit.Assume.assumeTrue(Assume.java:68)
	at com.orangehrm.steps.DatabaseValidationSteps.theDatabaseConnectionIsConfiguredForTheCurrentEnvironment(DatabaseValidationSteps.java:104)
	at ✽.the database connection is configured for the current environment(file:///home/kavia/workspace/code-generation/orangehrm-338436/src/test/selenium-cucumber/src/test/resources/features/database-validation.feature:8)

  Given the table "ohrm_nationality" exists in the database                               # com.orangehrm.steps.DatabaseValidationSteps.theTableExistsInTheDatabase(java.lang.String)
  And no record exists in "ohrm_nationality" where "name" = "DeleteMe_Auto"               # com.orangehrm.steps.DatabaseValidationSteps.noRecordExistsInTableWhereColumnEqualsValue(java.lang.String,java.lang.String,java.lang.String)
  When I insert a record into "ohrm_nationality" with values "id=993, name=DeleteMe_Auto" # com.orangehrm.steps.DatabaseValidationSteps.iInsertARecordIntoTableWithValues(java.lang.String,java.lang.String)
  Then a record should exist in "ohrm_nationality" where "name" = "DeleteMe_Auto"         # com.orangehrm.steps.DatabaseValidationSteps.aRecordShouldExistInTableWhereColumnEquals(java.lang.String,java.lang.String,java.lang.String)
  When I delete from "ohrm_nationality" where "id" = "993"                                # com.orangehrm.steps.DatabaseValidationSteps.iDeleteFromTableWhereCondition(java.lang.String,java.lang.String,java.lang.String)
  Then the operation should affect 1 row(s)
  And no record should exist in "ohrm_nationality" where "name" = "DeleteMe_Auto"         # com.orangehrm.steps.DatabaseValidationSteps.noRecordShouldExistInTableWhereColumnEquals(java.lang.String,java.lang.String,java.lang.String)
  And the count of records in "ohrm_nationality" where "id" = "993" should be 0           # com.orangehrm.steps.DatabaseValidationSteps.theCountOfRecordsShouldBe(java.lang.String,java.lang.String,java.lang.String,int)
2026-04-02 11:58:50.566 [main] INFO  com.orangehrm.hooks.Hooks - SCENARIO PASSED/SKIPPED: Validate data deletion from a table [thread=main]
2026-04-02 11:58:50.566 [main] INFO  com.orangehrm.hooks.Hooks - ===================================================
2026-04-02 11:58:50.566 [main] INFO  com.orangehrm.hooks.Hooks - FINISHED SCENARIO: Validate data deletion from a table [PASSED/SKIPPED] [thread=main]
2026-04-02 11:58:50.566 [main] INFO  com.orangehrm.hooks.Hooks - ===================================================
]]></system-out>
  </testcase>
  <testcase name="Validate deletion with query verification" classname="Database Validation" time="0.0">
    <skipped message="Database is not configured — skipping. Set db.url, db.username, db.password, db.driver in properties or environment variables."/>
    <system-out><![CDATA[
@database @db-validation @sequential @db-delete
Scenario: Validate deletion with query verification                                          # src/test/resources/features/database-validation.feature:99
2026-04-02 11:58:50.575 [main] INFO  com.orangehrm.hooks.Hooks - ===================================================
2026-04-02 11:58:50.575 [main] INFO  com.orangehrm.hooks.Hooks - STARTING SCENARIO: Validate deletion with query verification [thread=main]
2026-04-02 11:58:50.575 [main] INFO  com.orangehrm.hooks.Hooks - Tags: [@database, @db-validation, @sequential, @db-delete]
2026-04-02 11:58:50.575 [main] INFO  com.orangehrm.hooks.Hooks - Environment: dev
2026-04-02 11:58:50.575 [main] INFO  com.orangehrm.hooks.Hooks - ===================================================
2026-04-02 11:58:50.575 [main] DEBUG com.orangehrm.config.ConfigManager - Config [db.url] using default: 
2026-04-02 11:58:50.575 [main] INFO  com.orangehrm.hooks.Hooks - Database not configured — skipping WebDriver init for database-only scenario
2026-04-02 11:58:50.576 [main] INFO  c.o.steps.DatabaseValidationSteps - Step: Verifying database connection for environment 'dev'
2026-04-02 11:58:50.576 [main] DEBUG com.orangehrm.config.ConfigManager - Config [db.url] using default: 
2026-04-02 11:58:50.576 [main] WARN  c.o.steps.DatabaseValidationSteps - Database is NOT configured (db.url is empty). Skipping database scenario. To enable, set db.url, db.username, db.password, db.driver in properties or environment variables.
  Given the database connection is configured for the current environment                    # com.orangehrm.steps.DatabaseValidationSteps.theDatabaseConnectionIsConfiguredForTheCurrentEnvironment()
      org.junit.AssumptionViolatedException: Database is not configured — skipping. Set db.url, db.username, db.password, db.driver in properties or environment variables.
	at org.junit.Assume.assumeTrue(Assume.java:68)
	at com.orangehrm.steps.DatabaseValidationSteps.theDatabaseConnectionIsConfiguredForTheCurrentEnvironment(DatabaseValidationSteps.java:104)
	at ✽.the database connection is configured for the current environment(file:///home/kavia/workspace/code-generation/orangehrm-338436/src/test/selenium-cucumber/src/test/resources/features/database-validation.feature:8)

  Given the table "ohrm_nationality" exists in the database                                  # com.orangehrm.steps.DatabaseValidationSteps.theTableExistsInTheDatabase(java.lang.String)
  And no record exists in "ohrm_nationality" where "name" = "DeleteQuery_Auto"               # com.orangehrm.steps.DatabaseValidationSteps.noRecordExistsInTableWhereColumnEqualsValue(java.lang.String,java.lang.String,java.lang.String)
  When I insert a record into "ohrm_nationality" with values "id=992, name=DeleteQuery_Auto" # com.orangehrm.steps.DatabaseValidationSteps.iInsertARecordIntoTableWithValues(java.lang.String,java.lang.String)
  And I execute the query "SELECT * FROM ohrm_nationality WHERE id = ?" with parameter "992" # com.orangehrm.steps.DatabaseValidationSteps.iExecuteTheQueryWithParameter(java.lang.String,java.lang.String)
  Then the query result should not be empty                                                  # com.orangehrm.steps.DatabaseValidationSteps.theQueryResultShouldNotBeEmpty()
  When I delete from "ohrm_nationality" where "id" = "992"                                   # com.orangehrm.steps.DatabaseValidationSteps.iDeleteFromTableWhereCondition(java.lang.String,java.lang.String,java.lang.String)
  And I execute the query "SELECT * FROM ohrm_nationality WHERE id = ?" with parameter "992" # com.orangehrm.steps.DatabaseValidationSteps.iExecuteTheQueryWithParameter(java.lang.String,java.lang.String)
  Then the query result should be empty                                                      # com.orangehrm.steps.DatabaseValidationSteps.theQueryResultShouldBeEmpty()
2026-04-02 11:58:50.579 [main] INFO  com.orangehrm.hooks.Hooks - SCENARIO PASSED/SKIPPED: Validate deletion with query verification [thread=main]
2026-04-02 11:58:50.579 [main] INFO  com.orangehrm.hooks.Hooks - ===================================================
2026-04-02 11:58:50.579 [main] INFO  com.orangehrm.hooks.Hooks - FINISHED SCENARIO: Validate deletion with query verification [PASSED/SKIPPED] [thread=main]
2026-04-02 11:58:50.579 [main] INFO  com.orangehrm.hooks.Hooks - ===================================================
]]></system-out>
  </testcase>
  <testcase name="Validate deletion does not affect unrelated records" classname="Database Validation" time="0.0">
    <skipped message="Database is not configured — skipping. Set db.url, db.username, db.password, db.driver in properties or environment variables."/>
    <system-out><![CDATA[
@database @db-validation @sequential @db-delete
Scenario: Validate deletion does not affect unrelated records                             # src/test/resources/features/database-validation.feature:112
2026-04-02 11:58:50.591 [main] INFO  com.orangehrm.hooks.Hooks - ===================================================
2026-04-02 11:58:50.591 [main] INFO  com.orangehrm.hooks.Hooks - STARTING SCENARIO: Validate deletion does not affect unrelated records [thread=main]
2026-04-02 11:58:50.591 [main] INFO  com.orangehrm.hooks.Hooks - Tags: [@database, @db-validation, @sequential, @db-delete]
2026-04-02 11:58:50.591 [main] INFO  com.orangehrm.hooks.Hooks - Environment: dev
2026-04-02 11:58:50.592 [main] INFO  com.orangehrm.hooks.Hooks - ===================================================
2026-04-02 11:58:50.592 [main] DEBUG com.orangehrm.config.ConfigManager - Config [db.url] using default: 
2026-04-02 11:58:50.592 [main] INFO  com.orangehrm.hooks.Hooks - Database not configured — skipping WebDriver init for database-only scenario
2026-04-02 11:58:50.592 [main] INFO  c.o.steps.DatabaseValidationSteps - Step: Verifying database connection for environment 'dev'
2026-04-02 11:58:50.592 [main] DEBUG com.orangehrm.config.ConfigManager - Config [db.url] using default: 
2026-04-02 11:58:50.592 [main] WARN  c.o.steps.DatabaseValidationSteps - Database is NOT configured (db.url is empty). Skipping database scenario. To enable, set db.url, db.username, db.password, db.driver in properties or environment variables.
  Given the database connection is configured for the current environment                 # com.orangehrm.steps.DatabaseValidationSteps.theDatabaseConnectionIsConfiguredForTheCurrentEnvironment()
      org.junit.AssumptionViolatedException: Database is not configured — skipping. Set db.url, db.username, db.password, db.driver in properties or environment variables.
	at org.junit.Assume.assumeTrue(Assume.java:68)
	at com.orangehrm.steps.DatabaseValidationSteps.theDatabaseConnectionIsConfiguredForTheCurrentEnvironment(DatabaseValidationSteps.java:104)
	at ✽.the database connection is configured for the current environment(file:///home/kavia/workspace/code-generation/orangehrm-338436/src/test/selenium-cucumber/src/test/resources/features/database-validation.feature:8)

  Given the table "ohrm_nationality" exists in the database                               # com.orangehrm.steps.DatabaseValidationSteps.theTableExistsInTheDatabase(java.lang.String)
  And no record exists in "ohrm_nationality" where "name" = "Survivor_Auto"               # com.orangehrm.steps.DatabaseValidationSteps.noRecordExistsInTableWhereColumnEqualsValue(java.lang.String,java.lang.String,java.lang.String)
  And no record exists in "ohrm_nationality" where "name" = "Victim_Auto"                 # com.orangehrm.steps.DatabaseValidationSteps.noRecordExistsInTableWhereColumnEqualsValue(java.lang.String,java.lang.String,java.lang.String)
  When I insert a record into "ohrm_nationality" with values "id=990, name=Survivor_Auto" # com.orangehrm.steps.DatabaseValidationSteps.iInsertARecordIntoTableWithValues(java.lang.String,java.lang.String)
  And I insert a record into "ohrm_nationality" with values "id=991, name=Victim_Auto"    # com.orangehrm.steps.DatabaseValidationSteps.iInsertARecordIntoTableWithValues(java.lang.String,java.lang.String)
  When I delete from "ohrm_nationality" where "id" = "991"                                # com.orangehrm.steps.DatabaseValidationSteps.iDeleteFromTableWhereCondition(java.lang.String,java.lang.String,java.lang.String)
  Then a record should exist in "ohrm_nationality" where "name" = "Survivor_Auto"         # com.orangehrm.steps.DatabaseValidationSteps.aRecordShouldExistInTableWhereColumnEquals(java.lang.String,java.lang.String,java.lang.String)
  And no record should exist in "ohrm_nationality" where "name" = "Victim_Auto"           # com.orangehrm.steps.DatabaseValidationSteps.noRecordShouldExistInTableWhereColumnEquals(java.lang.String,java.lang.String,java.lang.String)
  And I clean up the record in "ohrm_nationality" where "id" = "990"                      # com.orangehrm.steps.DatabaseValidationSteps.iCleanUpTheRecordInTableWhereColumnEquals(java.lang.String,java.lang.String,java.lang.String)
2026-04-02 11:58:50.596 [main] INFO  com.orangehrm.hooks.Hooks - SCENARIO PASSED/SKIPPED: Validate deletion does not affect unrelated records [thread=main]
2026-04-02 11:58:50.596 [main] INFO  com.orangehrm.hooks.Hooks - ===================================================
2026-04-02 11:58:50.596 [main] INFO  com.orangehrm.hooks.Hooks - FINISHED SCENARIO: Validate deletion does not affect unrelated records [PASSED/SKIPPED] [thread=main]
2026-04-02 11:58:50.596 [main] INFO  com.orangehrm.hooks.Hooks - ===================================================
]]></system-out>
  </testcase>
</testsuite>