<?xml version="1.0" encoding="UTF-8"?>
<testsuite xmlns:xsi="http://www.w3.org/2001/XMLSchema-instance" xsi:noNamespaceSchemaLocation="https://maven.apache.org/surefire/maven-surefire-plugin/xsd/surefire-test-report-3.0.xsd" version="3.0" name="com.orangehrm.runner.TestRunner" time="7.766" tests="9" errors="0" skipped="0" failures="9">
  <properties>
[...]
</properties>
  <testcase name="Verify database connectivity" classname="Database Validation" time="2.441">
    <failure message="Database is not configured. Set db.url, db.username, db.password, db.driver in properties or environment variables." type="java.lang.AssertionError"><![CDATA[java.lang.AssertionError: Database is not configured. Set db.url, db.username, db.password, db.driver in properties or environment variables.
	at org.junit.Assert.fail(Assert.java:89)
	at org.junit.Assert.assertTrue(Assert.java:42)
	at com.orangehrm.steps.DatabaseValidationSteps.theDatabaseConnectionIsConfiguredForTheCurrentEnvironment(DatabaseValidationSteps.java:69)
	at ✽.the database connection is configured for the current environment(file:///home/kavia/workspace/code-generation/orangehrm-338436/src/test/selenium-cucumber/src/test/resources/features/database-validation.feature:8)
]]></failure>
    <system-out><![CDATA[
@database @db-validation @db-insert @smoke
Scenario: Verify database connectivity                                    # src/test/resources/features/database-validation.feature:13
2026-04-02 09:32:42.584 [main] INFO  c.orangehrm.config.EnvironmentConfig - ========================================================
2026-04-02 09:32:42.585 [main] INFO  c.orangehrm.config.EnvironmentConfig -         TEST CONFIGURATION SUMMARY                      
2026-04-02 09:32:42.586 [main] INFO  c.orangehrm.config.EnvironmentConfig - ========================================================
2026-04-02 09:32:42.586 [main] INFO  com.orangehrm.config.ConfigManager - Loaded configuration from config.properties
2026-04-02 09:32:42.587 [main] INFO  com.orangehrm.config.ConfigManager - Environment resolved from system property: dev
2026-04-02 09:32:42.587 [main] INFO  com.orangehrm.config.ConfigManager - ConfigManager initialised -- active environment: [dev]
2026-04-02 09:32:42.588 [main] DEBUG com.orangehrm.config.ConfigManager - Config [base.url] resolved from base config
2026-04-02 09:32:42.588 [main] DEBUG com.orangehrm.config.ConfigManager - Config [admin.username] resolved from base config
2026-04-02 09:32:42.588 [main] DEBUG com.orangehrm.config.ConfigManager - Config [admin.password] resolved from base config
2026-04-02 09:32:42.590 [main] DEBUG com.orangehrm.config.ConfigManager - Config [ess.username] using default: 
2026-04-02 09:32:42.590 [main] ERROR com.orangehrm.config.ConfigManager - Required configuration key [ess.username] is not set in any source
2026-04-02 09:32:42.590 [main] DEBUG com.orangehrm.config.ConfigManager - Config [ess.password] using default: 
2026-04-02 09:32:42.590 [main] ERROR com.orangehrm.config.ConfigManager - Required configuration key [ess.password] is not set in any source
2026-04-02 09:32:42.590 [main] DEBUG com.orangehrm.config.ConfigManager - Config [db.url] using default: 
2026-04-02 09:32:42.590 [main] DEBUG com.orangehrm.config.ConfigManager - Config [db.url] using default: 
2026-04-02 09:32:42.590 [main] DEBUG com.orangehrm.config.ConfigManager - Config [wait.explicit] resolved from base config
2026-04-02 09:32:42.590 [main] DEBUG com.orangehrm.config.ConfigManager - Config [wait.pageLoad] resolved from base config
2026-04-02 09:32:42.591 [main] INFO  c.orangehrm.config.EnvironmentConfig -   environment         : dev
2026-04-02 09:32:42.591 [main] INFO  c.orangehrm.config.EnvironmentConfig -   base.url            : https://opensource-demo.orangehrmlive.com
2026-04-02 09:32:42.591 [main] INFO  c.orangehrm.config.EnvironmentConfig -   browser             : chrome
2026-04-02 09:32:42.591 [main] INFO  c.orangehrm.config.EnvironmentConfig -   browser.headless    : true
2026-04-02 09:32:42.591 [main] INFO  c.orangehrm.config.EnvironmentConfig -   admin.username      : Admin
2026-04-02 09:32:42.591 [main] INFO  c.orangehrm.config.EnvironmentConfig -   admin.password      : a***3
2026-04-02 09:32:42.591 [main] INFO  c.orangehrm.config.EnvironmentConfig -   ess.username        : 
2026-04-02 09:32:42.591 [main] INFO  c.orangehrm.config.EnvironmentConfig -   ess.password        : ***
2026-04-02 09:32:42.592 [main] INFO  c.orangehrm.config.EnvironmentConfig -   db.configured       : false
2026-04-02 09:32:42.592 [main] INFO  c.orangehrm.config.EnvironmentConfig -   wait.explicit       : 15
2026-04-02 09:32:42.592 [main] INFO  c.orangehrm.config.EnvironmentConfig -   wait.pageLoad       : 30
2026-04-02 09:32:42.592 [main] INFO  c.orangehrm.config.EnvironmentConfig - ========================================================
2026-04-02 09:32:42.592 [main] INFO  com.orangehrm.hooks.Hooks - ===================================================
2026-04-02 09:32:42.592 [main] INFO  com.orangehrm.hooks.Hooks - STARTING SCENARIO: Verify database connectivity
2026-04-02 09:32:42.592 [main] INFO  com.orangehrm.hooks.Hooks - Tags: [@database, @db-validation, @db-insert, @smoke]
2026-04-02 09:32:42.592 [main] INFO  com.orangehrm.hooks.Hooks - Environment: dev
2026-04-02 09:32:42.592 [main] INFO  com.orangehrm.hooks.Hooks - ===================================================
2026-04-02 09:32:42.593 [main] INFO  com.orangehrm.driver.DriverFactory - Initialising WebDriver -- browser=chrome, headless=true
2026-04-02 09:32:43.202 [main] INFO  i.g.bonigarcia.wdm.WebDriverManager - Using chromedriver 146.0.7680.165 (resolved driver for Chrome 146)
2026-04-02 09:32:43.238 [main] INFO  i.g.bonigarcia.wdm.online.Downloader - Downloading https://storage.googleapis.com/chrome-for-testing-public/146.0.7680.165/linux64/chromedriver-linux64.zip
2026-04-02 09:32:43.516 [main] INFO  i.g.bonigarcia.wdm.online.Downloader - Extracting driver from compressed file chromedriver-linux64.zip
2026-04-02 09:32:43.688 [main] INFO  i.g.bonigarcia.wdm.WebDriverManager - Exporting webdriver.chrome.driver as /home/kavia/.cache/selenium/chromedriver/linux64/146.0.7680.165/chromedriver
2026-04-02 09:32:43.692 [main] INFO  com.orangehrm.driver.DriverFactory - Chrome configured in HEADLESS mode
2026-04-02 09:32:44.554 [main] DEBUG com.orangehrm.config.ConfigManager - Config [wait.pageLoad] resolved from base config
2026-04-02 09:32:44.558 [main] DEBUG com.orangehrm.config.ConfigManager - Config [wait.implicit] resolved from base config
2026-04-02 09:32:44.578 [main] INFO  com.orangehrm.driver.DriverFactory - WebDriver initialised successfully (browser=chrome, headless=true)
2026-04-02 09:32:44.581 [main] INFO  c.o.steps.DatabaseValidationSteps - Step: Verifying database connection for environment 'dev'
2026-04-02 09:32:44.581 [main] DEBUG com.orangehrm.config.ConfigManager - Config [db.url] using default: 
  Given the database connection is configured for the current environment # com.orangehrm.steps.DatabaseValidationSteps.theDatabaseConnectionIsConfiguredForTheCurrentEnvironment()
      java.lang.AssertionError: Database is not configured. Set db.url, db.username, db.password, db.driver in properties or environment variables.
	at org.junit.Assert.fail(Assert.java:89)
	at org.junit.Assert.assertTrue(Assert.java:42)
	at com.orangehrm.steps.DatabaseValidationSteps.theDatabaseConnectionIsConfiguredForTheCurrentEnvironment(DatabaseValidationSteps.java:69)
	at ✽.the database connection is configured for the current environment(file:///home/kavia/workspace/code-generation/orangehrm-338436/src/test/selenium-cucumber/src/test/resources/features/database-validation.feature:8)

  Then the database should be accessible                                  # com.orangehrm.steps.DatabaseValidationSteps.theDatabaseShouldBeAccessible()
2026-04-02 09:32:44.587 [main] ERROR com.orangehrm.hooks.Hooks - SCENARIO FAILED: Verify database connectivity

    Embedding failure-screenshot-Verify database connectivity [image/png 2345 bytes]

2026-04-02 09:32:44.635 [main] INFO  com.orangehrm.hooks.Hooks - Screenshot captured for failed scenario: Verify database connectivity
2026-04-02 09:32:44.636 [main] INFO  com.orangehrm.driver.DriverFactory - Quitting WebDriver...
2026-04-02 09:32:44.708 [main] INFO  com.orangehrm.driver.DriverFactory - WebDriver instance removed from ThreadLocal
2026-04-02 09:32:44.708 [main] INFO  com.orangehrm.hooks.Hooks - ===================================================
2026-04-02 09:32:44.708 [main] INFO  com.orangehrm.hooks.Hooks - FINISHED SCENARIO: Verify database connectivity [FAILED]
2026-04-02 09:32:44.709 [main] INFO  com.orangehrm.hooks.Hooks - ===================================================
]]></system-out>
    <system-err><![CDATA[Apr 02, 2026 9:32:44 AM org.openqa.selenium.devtools.CdpVersionFinder findNearestMatch
WARNING: Unable to find CDP implementation matching 146
Apr 02, 2026 9:32:44 AM org.openqa.selenium.chromium.ChromiumDriver lambda$new$5
WARNING: Unable to find version of CDP to use for 146.0.7680.177. You may need to include a dependency on a specific version of the CDP using something similar to `org.seleniumhq.selenium:selenium-devtools-v86:4.18.1` where the version ("v86") matches the version of the chromium-based browser you're using and the version number of the artifact is the same as Selenium's.
]]></system-err>
  </testcase>
  <testcase name="Validate data insertion into a table" classname="Database Validation" time="0.551">
    <failure message="Database is not configured. Set db.url, db.username, db.password, db.driver in properties or environment variables." type="java.lang.AssertionError"><![CDATA[java.lang.AssertionError: Database is not configured. Set db.url, db.username, db.password, db.driver in properties or environment variables.
	at org.junit.Assert.fail(Assert.java:89)
	at org.junit.Assert.assertTrue(Assert.java:42)
	at com.orangehrm.steps.DatabaseValidationSteps.theDatabaseConnectionIsConfiguredForTheCurrentEnvironment(DatabaseValidationSteps.java:69)
	at ✽.the database connection is configured for the current environment(file:///home/kavia/workspace/code-generation/orangehrm-338436/src/test/selenium-cucumber/src/test/resources/features/database-validation.feature:8)
]]></failure>
    <system-out><![CDATA[
@database @db-validation @db-insert
Scenario: Validate data insertion into a table                                                      # src/test/resources/features/database-validation.feature:17
2026-04-02 09:32:44.757 [main] INFO  com.orangehrm.hooks.Hooks - ===================================================
2026-04-02 09:32:44.757 [main] INFO  com.orangehrm.hooks.Hooks - STARTING SCENARIO: Validate data insertion into a table
2026-04-02 09:32:44.757 [main] INFO  com.orangehrm.hooks.Hooks - Tags: [@database, @db-validation, @db-insert]
2026-04-02 09:32:44.757 [main] INFO  com.orangehrm.hooks.Hooks - Environment: dev
2026-04-02 09:32:44.757 [main] INFO  com.orangehrm.hooks.Hooks - ===================================================
2026-04-02 09:32:44.758 [main] INFO  com.orangehrm.driver.DriverFactory - Initialising WebDriver -- browser=chrome, headless=true
2026-04-02 09:32:44.840 [main] INFO  i.g.bonigarcia.wdm.WebDriverManager - Using chromedriver 146.0.7680.165 (resolved driver for Chrome 146)
2026-04-02 09:32:44.844 [main] INFO  i.g.bonigarcia.wdm.WebDriverManager - Exporting webdriver.chrome.driver as /home/kavia/.cache/selenium/chromedriver/linux64/146.0.7680.165/chromedriver
2026-04-02 09:32:44.844 [main] INFO  com.orangehrm.driver.DriverFactory - Chrome configured in HEADLESS mode
2026-04-02 09:32:45.126 [main] DEBUG com.orangehrm.config.ConfigManager - Config [wait.pageLoad] resolved from base config
2026-04-02 09:32:45.129 [main] DEBUG com.orangehrm.config.ConfigManager - Config [wait.implicit] resolved from base config
2026-04-02 09:32:45.149 [main] INFO  com.orangehrm.driver.DriverFactory - WebDriver initialised successfully (browser=chrome, headless=true)
2026-04-02 09:32:45.150 [main] INFO  c.o.steps.DatabaseValidationSteps - Step: Verifying database connection for environment 'dev'
2026-04-02 09:32:45.150 [main] DEBUG com.orangehrm.config.ConfigManager - Config [db.url] using default: 
  Given the database connection is configured for the current environment                           # com.orangehrm.steps.DatabaseValidationSteps.theDatabaseConnectionIsConfiguredForTheCurrentEnvironment()
      java.lang.AssertionError: Database is not configured. Set db.url, db.username, db.password, db.driver in properties or environment variables.
	at org.junit.Assert.fail(Assert.java:89)
	at org.junit.Assert.assertTrue(Assert.java:42)
	at com.orangehrm.steps.DatabaseValidationSteps.theDatabaseConnectionIsConfiguredForTheCurrentEnvironment(DatabaseValidationSteps.java:69)
	at ✽.the database connection is configured for the current environment(file:///home/kavia/workspace/code-generation/orangehrm-338436/src/test/selenium-cucumber/src/test/resources/features/database-validation.feature:8)

  Given the table "ohrm_nationality" exists in the database                                         # com.orangehrm.steps.DatabaseValidationSteps.theTableExistsInTheDatabase(java.lang.String)
  And no record exists in "ohrm_nationality" where "name" = "TestNationality_Auto"                  # com.orangehrm.steps.DatabaseValidationSteps.noRecordExistsInTableWhereColumnEqualsValue(java.lang.String,java.lang.String,java.lang.String)
  When I insert a record into "ohrm_nationality" with values "id=999, name=TestNationality_Auto"    # com.orangehrm.steps.DatabaseValidationSteps.iInsertARecordIntoTableWithValues(java.lang.String,java.lang.String)
  Then the operation should affect 1 row(s)
  And a record should exist in "ohrm_nationality" where "name" = "TestNationality_Auto"             # com.orangehrm.steps.DatabaseValidationSteps.aRecordShouldExistInTableWhereColumnEquals(java.lang.String,java.lang.String,java.lang.String)
  And the value of "name" in "ohrm_nationality" where "id" = "999" should be "TestNationality_Auto" # com.orangehrm.steps.DatabaseValidationSteps.theValueOfColumnInTableShouldBe(java.lang.String,java.lang.String,java.lang.String,java.lang.String,java.lang.String)
  And I clean up the record in "ohrm_nationality" where "id" = "999"                                # com.orangehrm.steps.DatabaseValidationSteps.iCleanUpTheRecordInTableWhereColumnEquals(java.lang.String,java.lang.String,java.lang.String)
2026-04-02 09:32:45.156 [main] ERROR com.orangehrm.hooks.Hooks - SCENARIO FAILED: Validate data insertion into a table

    Embedding failure-screenshot-Validate data insertion into a table [image/png 2345 bytes]

2026-04-02 09:32:45.197 [main] INFO  com.orangehrm.hooks.Hooks - Screenshot captured for failed scenario: Validate data insertion into a table
2026-04-02 09:32:45.197 [main] INFO  com.orangehrm.driver.DriverFactory - Quitting WebDriver...
2026-04-02 09:32:45.265 [main] INFO  com.orangehrm.driver.DriverFactory - WebDriver instance removed from ThreadLocal
2026-04-02 09:32:45.265 [main] INFO  com.orangehrm.hooks.Hooks - ===================================================
2026-04-02 09:32:45.265 [main] INFO  com.orangehrm.hooks.Hooks - FINISHED SCENARIO: Validate data insertion into a table [FAILED]
2026-04-02 09:32:45.265 [main] INFO  com.orangehrm.hooks.Hooks - ===================================================
]]></system-out>
    <system-err><![CDATA[Apr 02, 2026 9:32:45 AM org.openqa.selenium.devtools.CdpVersionFinder findNearestMatch
WARNING: Unable to find CDP implementation matching 146
Apr 02, 2026 9:32:45 AM org.openqa.selenium.chromium.ChromiumDriver lambda$new$5
WARNING: Unable to find version of CDP to use for 146.0.7680.177. You may need to include a dependency on a specific version of the CDP using something similar to `org.seleniumhq.selenium:selenium-devtools-v86:4.18.1` where the version ("v86") matches the version of the chromium-based browser you're using and the version number of the artifact is the same as Selenium's.
]]></system-err>
  </testcase>
  <testcase name="Validate inserted record count" classname="Database Validation" time="0.515">
    <failure message="Database is not configured. Set db.url, db.username, db.password, db.driver in properties or environment variables." type="java.lang.AssertionError"><![CDATA[java.lang.AssertionError: Database is not configured. Set db.url, db.username, db.password, db.driver in properties or environment variables.
	at org.junit.Assert.fail(Assert.java:89)
	at org.junit.Assert.assertTrue(Assert.java:42)
	at com.orangehrm.steps.DatabaseValidationSteps.theDatabaseConnectionIsConfiguredForTheCurrentEnvironment(DatabaseValidationSteps.java:69)
	at ✽.the database connection is configured for the current environment(file:///home/kavia/workspace/code-generation/orangehrm-338436/src/test/selenium-cucumber/src/test/resources/features/database-validation.feature:8)
]]></failure>
    <system-out><![CDATA[
@database @db-validation @db-insert
Scenario: Validate inserted record count                                                      # src/test/resources/features/database-validation.feature:28
2026-04-02 09:32:45.280 [main] INFO  com.orangehrm.hooks.Hooks - ===================================================
2026-04-02 09:32:45.281 [main] INFO  com.orangehrm.hooks.Hooks - STARTING SCENARIO: Validate inserted record count
2026-04-02 09:32:45.281 [main] INFO  com.orangehrm.hooks.Hooks - Tags: [@database, @db-validation, @db-insert]
2026-04-02 09:32:45.281 [main] INFO  com.orangehrm.hooks.Hooks - Environment: dev
2026-04-02 09:32:45.281 [main] INFO  com.orangehrm.hooks.Hooks - ===================================================
2026-04-02 09:32:45.281 [main] INFO  com.orangehrm.driver.DriverFactory - Initialising WebDriver -- browser=chrome, headless=true
2026-04-02 09:32:45.286 [main] INFO  i.g.bonigarcia.wdm.WebDriverManager - Using chromedriver 146.0.7680.165 (resolved driver for Chrome 146)
2026-04-02 09:32:45.289 [main] INFO  i.g.bonigarcia.wdm.WebDriverManager - Exporting webdriver.chrome.driver as /home/kavia/.cache/selenium/chromedriver/linux64/146.0.7680.165/chromedriver
2026-04-02 09:32:45.289 [main] INFO  com.orangehrm.driver.DriverFactory - Chrome configured in HEADLESS mode
2026-04-02 09:32:45.621 [main] DEBUG com.orangehrm.config.ConfigManager - Config [wait.pageLoad] resolved from base config
2026-04-02 09:32:45.623 [main] DEBUG com.orangehrm.config.ConfigManager - Config [wait.implicit] resolved from base config
2026-04-02 09:32:45.649 [main] INFO  com.orangehrm.driver.DriverFactory - WebDriver initialised successfully (browser=chrome, headless=true)
2026-04-02 09:32:45.650 [main] INFO  c.o.steps.DatabaseValidationSteps - Step: Verifying database connection for environment 'dev'
2026-04-02 09:32:45.650 [main] DEBUG com.orangehrm.config.ConfigManager - Config [db.url] using default: 
  Given the database connection is configured for the current environment                     # com.orangehrm.steps.DatabaseValidationSteps.theDatabaseConnectionIsConfiguredForTheCurrentEnvironment()
      java.lang.AssertionError: Database is not configured. Set db.url, db.username, db.password, db.driver in properties or environment variables.
	at org.junit.Assert.fail(Assert.java:89)
	at org.junit.Assert.assertTrue(Assert.java:42)
	at com.orangehrm.steps.DatabaseValidationSteps.theDatabaseConnectionIsConfiguredForTheCurrentEnvironment(DatabaseValidationSteps.java:69)
	at ✽.the database connection is configured for the current environment(file:///home/kavia/workspace/code-generation/orangehrm-338436/src/test/selenium-cucumber/src/test/resources/features/database-validation.feature:8)

  Given the table "ohrm_nationality" exists in the database                                   # com.orangehrm.steps.DatabaseValidationSteps.theTableExistsInTheDatabase(java.lang.String)
  And no record exists in "ohrm_nationality" where "name" = "TestCount_Auto"                  # com.orangehrm.steps.DatabaseValidationSteps.noRecordExistsInTableWhereColumnEqualsValue(java.lang.String,java.lang.String,java.lang.String)
  When I insert a record into "ohrm_nationality" with values "id=998, name=TestCount_Auto"    # com.orangehrm.steps.DatabaseValidationSteps.iInsertARecordIntoTableWithValues(java.lang.String,java.lang.String)
  Then the count of records in "ohrm_nationality" where "name" = "TestCount_Auto" should be 1 # com.orangehrm.steps.DatabaseValidationSteps.theCountOfRecordsShouldBe(java.lang.String,java.lang.String,java.lang.String,int)
  And I clean up the record in "ohrm_nationality" where "id" = "998"                          # com.orangehrm.steps.DatabaseValidationSteps.iCleanUpTheRecordInTableWhereColumnEquals(java.lang.String,java.lang.String,java.lang.String)
2026-04-02 09:32:45.652 [main] ERROR com.orangehrm.hooks.Hooks - SCENARIO FAILED: Validate inserted record count

    Embedding failure-screenshot-Validate inserted record count [image/png 2345 bytes]

2026-04-02 09:32:45.712 [main] INFO  com.orangehrm.hooks.Hooks - Screenshot captured for failed scenario: Validate inserted record count
2026-04-02 09:32:45.712 [main] INFO  com.orangehrm.driver.DriverFactory - Quitting WebDriver...
2026-04-02 09:32:45.780 [main] INFO  com.orangehrm.driver.DriverFactory - WebDriver instance removed from ThreadLocal
2026-04-02 09:32:45.780 [main] INFO  com.orangehrm.hooks.Hooks - ===================================================
2026-04-02 09:32:45.780 [main] INFO  com.orangehrm.hooks.Hooks - FINISHED SCENARIO: Validate inserted record count [FAILED]
2026-04-02 09:32:45.780 [main] INFO  com.orangehrm.hooks.Hooks - ===================================================
]]></system-out>
    <system-err><![CDATA[Apr 02, 2026 9:32:45 AM org.openqa.selenium.devtools.CdpVersionFinder findNearestMatch
WARNING: Unable to find CDP implementation matching 146
Apr 02, 2026 9:32:45 AM org.openqa.selenium.chromium.ChromiumDriver lambda$new$5
WARNING: Unable to find version of CDP to use for 146.0.7680.177. You may need to include a dependency on a specific version of the CDP using something similar to `org.seleniumhq.selenium:selenium-devtools-v86:4.18.1` where the version ("v86") matches the version of the chromium-based browser you're using and the version number of the artifact is the same as Selenium's.
]]></system-err>
  </testcase>
  <testcase name="Validate insertion with query verification" classname="Database Validation" time="0.465">
    <failure message="Database is not configured. Set db.url, db.username, db.password, db.driver in properties or environment variables." type="java.lang.AssertionError"><![CDATA[java.lang.AssertionError: Database is not configured. Set db.url, db.username, db.password, db.driver in properties or environment variables.
	at org.junit.Assert.fail(Assert.java:89)
	at org.junit.Assert.assertTrue(Assert.java:42)
	at com.orangehrm.steps.DatabaseValidationSteps.theDatabaseConnectionIsConfiguredForTheCurrentEnvironment(DatabaseValidationSteps.java:69)
	at ✽.the database connection is configured for the current environment(file:///home/kavia/workspace/code-generation/orangehrm-338436/src/test/selenium-cucumber/src/test/resources/features/database-validation.feature:8)
]]></failure>
    <system-out><![CDATA[
@database @db-validation @db-insert
Scenario: Validate insertion with query verification                                                      # src/test/resources/features/database-validation.feature:37
2026-04-02 09:32:45.794 [main] INFO  com.orangehrm.hooks.Hooks - ===================================================
2026-04-02 09:32:45.794 [main] INFO  com.orangehrm.hooks.Hooks - STARTING SCENARIO: Validate insertion with query verification
2026-04-02 09:32:45.794 [main] INFO  com.orangehrm.hooks.Hooks - Tags: [@database, @db-validation, @db-insert]
2026-04-02 09:32:45.794 [main] INFO  com.orangehrm.hooks.Hooks - Environment: dev
2026-04-02 09:32:45.794 [main] INFO  com.orangehrm.hooks.Hooks - ===================================================
2026-04-02 09:32:45.795 [main] INFO  com.orangehrm.driver.DriverFactory - Initialising WebDriver -- browser=chrome, headless=true
2026-04-02 09:32:45.800 [main] INFO  i.g.bonigarcia.wdm.WebDriverManager - Using chromedriver 146.0.7680.165 (resolved driver for Chrome 146)
2026-04-02 09:32:45.803 [main] INFO  i.g.bonigarcia.wdm.WebDriverManager - Exporting webdriver.chrome.driver as /home/kavia/.cache/selenium/chromedriver/linux64/146.0.7680.165/chromedriver
2026-04-02 09:32:45.803 [main] INFO  com.orangehrm.driver.DriverFactory - Chrome configured in HEADLESS mode
2026-04-02 09:32:46.089 [main] DEBUG com.orangehrm.config.ConfigManager - Config [wait.pageLoad] resolved from base config
2026-04-02 09:32:46.091 [main] DEBUG com.orangehrm.config.ConfigManager - Config [wait.implicit] resolved from base config
2026-04-02 09:32:46.116 [main] INFO  com.orangehrm.driver.DriverFactory - WebDriver initialised successfully (browser=chrome, headless=true)
2026-04-02 09:32:46.116 [main] INFO  c.o.steps.DatabaseValidationSteps - Step: Verifying database connection for environment 'dev'
2026-04-02 09:32:46.116 [main] DEBUG com.orangehrm.config.ConfigManager - Config [db.url] using default: 
  Given the database connection is configured for the current environment                                 # com.orangehrm.steps.DatabaseValidationSteps.theDatabaseConnectionIsConfiguredForTheCurrentEnvironment()
      java.lang.AssertionError: Database is not configured. Set db.url, db.username, db.password, db.driver in properties or environment variables.
	at org.junit.Assert.fail(Assert.java:89)
	at org.junit.Assert.assertTrue(Assert.java:42)
	at com.orangehrm.steps.DatabaseValidationSteps.theDatabaseConnectionIsConfiguredForTheCurrentEnvironment(DatabaseValidationSteps.java:69)
	at ✽.the database connection is configured for the current environment(file:///home/kavia/workspace/code-generation/orangehrm-338436/src/test/selenium-cucumber/src/test/resources/features/database-validation.feature:8)

  Given the table "ohrm_nationality" exists in the database                                               # com.orangehrm.steps.DatabaseValidationSteps.theTableExistsInTheDatabase(java.lang.String)
  And no record exists in "ohrm_nationality" where "name" = "TestQuery_Auto"                              # com.orangehrm.steps.DatabaseValidationSteps.noRecordExistsInTableWhereColumnEqualsValue(java.lang.String,java.lang.String,java.lang.String)
  When I insert a record into "ohrm_nationality" with values "id=997, name=TestQuery_Auto"                # com.orangehrm.steps.DatabaseValidationSteps.iInsertARecordIntoTableWithValues(java.lang.String,java.lang.String)
  And I execute the query "SELECT * FROM ohrm_nationality WHERE name = ?" with parameter "TestQuery_Auto" # com.orangehrm.steps.DatabaseValidationSteps.iExecuteTheQueryWithParameter(java.lang.String,java.lang.String)
  Then the query result should not be empty                                                               # com.orangehrm.steps.DatabaseValidationSteps.theQueryResultShouldNotBeEmpty()
  And the query result should contain 1 row(s)
  And I clean up the record in "ohrm_nationality" where "id" = "997"                                      # com.orangehrm.steps.DatabaseValidationSteps.iCleanUpTheRecordInTableWhereColumnEquals(java.lang.String,java.lang.String,java.lang.String)
2026-04-02 09:32:46.119 [main] ERROR com.orangehrm.hooks.Hooks - SCENARIO FAILED: Validate insertion with query verification

    Embedding failure-screenshot-Validate insertion with query verification [image/png 2345 bytes]

2026-04-02 09:32:46.178 [main] INFO  com.orangehrm.hooks.Hooks - Screenshot captured for failed scenario: Validate insertion with query verification
2026-04-02 09:32:46.178 [main] INFO  com.orangehrm.driver.DriverFactory - Quitting WebDriver...
2026-04-02 09:32:46.246 [main] INFO  com.orangehrm.driver.DriverFactory - WebDriver instance removed from ThreadLocal
2026-04-02 09:32:46.246 [main] INFO  com.orangehrm.hooks.Hooks - ===================================================
2026-04-02 09:32:46.246 [main] INFO  com.orangehrm.hooks.Hooks - FINISHED SCENARIO: Validate insertion with query verification [FAILED]
2026-04-02 09:32:46.246 [main] INFO  com.orangehrm.hooks.Hooks - ===================================================
]]></system-out>
    <system-err><![CDATA[Apr 02, 2026 9:32:46 AM org.openqa.selenium.devtools.CdpVersionFinder findNearestMatch
WARNING: Unable to find CDP implementation matching 146
Apr 02, 2026 9:32:46 AM org.openqa.selenium.chromium.ChromiumDriver lambda$new$5
WARNING: Unable to find version of CDP to use for 146.0.7680.177. You may need to include a dependency on a specific version of the CDP using something similar to `org.seleniumhq.selenium:selenium-devtools-v86:4.18.1` where the version ("v86") matches the version of the chromium-based browser you're using and the version number of the artifact is the same as Selenium's.
]]></system-err>
  </testcase>
  <testcase name="Validate data update in a table" classname="Database Validation" time="0.467">
    <failure message="Database is not configured. Set db.url, db.username, db.password, db.driver in properties or environment variables." type="java.lang.AssertionError"><![CDATA[java.lang.AssertionError: Database is not configured. Set db.url, db.username, db.password, db.driver in properties or environment variables.
	at org.junit.Assert.fail(Assert.java:89)
	at org.junit.Assert.assertTrue(Assert.java:42)
	at com.orangehrm.steps.DatabaseValidationSteps.theDatabaseConnectionIsConfiguredForTheCurrentEnvironment(DatabaseValidationSteps.java:69)
	at ✽.the database connection is configured for the current environment(file:///home/kavia/workspace/code-generation/orangehrm-338436/src/test/selenium-cucumber/src/test/resources/features/database-validation.feature:8)
]]></failure>
    <system-out><![CDATA[
@database @db-validation @db-update
Scenario: Validate data update in a table                                                       # src/test/resources/features/database-validation.feature:50
2026-04-02 09:32:46.261 [main] INFO  com.orangehrm.hooks.Hooks - ===================================================
2026-04-02 09:32:46.261 [main] INFO  com.orangehrm.hooks.Hooks - STARTING SCENARIO: Validate data update in a table
2026-04-02 09:32:46.261 [main] INFO  com.orangehrm.hooks.Hooks - Tags: [@database, @db-validation, @db-update]
2026-04-02 09:32:46.261 [main] INFO  com.orangehrm.hooks.Hooks - Environment: dev
2026-04-02 09:32:46.261 [main] INFO  com.orangehrm.hooks.Hooks - ===================================================
2026-04-02 09:32:46.262 [main] INFO  com.orangehrm.driver.DriverFactory - Initialising WebDriver -- browser=chrome, headless=true
2026-04-02 09:32:46.267 [main] INFO  i.g.bonigarcia.wdm.WebDriverManager - Using chromedriver 146.0.7680.165 (resolved driver for Chrome 146)
2026-04-02 09:32:46.270 [main] INFO  i.g.bonigarcia.wdm.WebDriverManager - Exporting webdriver.chrome.driver as /home/kavia/.cache/selenium/chromedriver/linux64/146.0.7680.165/chromedriver
2026-04-02 09:32:46.270 [main] INFO  com.orangehrm.driver.DriverFactory - Chrome configured in HEADLESS mode
2026-04-02 09:32:46.554 [main] DEBUG com.orangehrm.config.ConfigManager - Config [wait.pageLoad] resolved from base config
2026-04-02 09:32:46.557 [main] DEBUG com.orangehrm.config.ConfigManager - Config [wait.implicit] resolved from base config
2026-04-02 09:32:46.584 [main] INFO  com.orangehrm.driver.DriverFactory - WebDriver initialised successfully (browser=chrome, headless=true)
2026-04-02 09:32:46.585 [main] INFO  c.o.steps.DatabaseValidationSteps - Step: Verifying database connection for environment 'dev'
2026-04-02 09:32:46.585 [main] DEBUG com.orangehrm.config.ConfigManager - Config [db.url] using default: 
  Given the database connection is configured for the current environment                       # com.orangehrm.steps.DatabaseValidationSteps.theDatabaseConnectionIsConfiguredForTheCurrentEnvironment()
      java.lang.AssertionError: Database is not configured. Set db.url, db.username, db.password, db.driver in properties or environment variables.
	at org.junit.Assert.fail(Assert.java:89)
	at org.junit.Assert.assertTrue(Assert.java:42)
	at com.orangehrm.steps.DatabaseValidationSteps.theDatabaseConnectionIsConfiguredForTheCurrentEnvironment(DatabaseValidationSteps.java:69)
	at ✽.the database connection is configured for the current environment(file:///home/kavia/workspace/code-generation/orangehrm-338436/src/test/selenium-cucumber/src/test/resources/features/database-validation.feature:8)

  Given the table "ohrm_nationality" exists in the database                                     # com.orangehrm.steps.DatabaseValidationSteps.theTableExistsInTheDatabase(java.lang.String)
  And no record exists in "ohrm_nationality" where "name" = "UpdateTest_Auto"                   # com.orangehrm.steps.DatabaseValidationSteps.noRecordExistsInTableWhereColumnEqualsValue(java.lang.String,java.lang.String,java.lang.String)
  And no record exists in "ohrm_nationality" where "name" = "UpdatedName_Auto"                  # com.orangehrm.steps.DatabaseValidationSteps.noRecordExistsInTableWhereColumnEqualsValue(java.lang.String,java.lang.String,java.lang.String)
  When I insert a record into "ohrm_nationality" with values "id=996, name=UpdateTest_Auto"     # com.orangehrm.steps.DatabaseValidationSteps.iInsertARecordIntoTableWithValues(java.lang.String,java.lang.String)
  Then a record should exist in "ohrm_nationality" where "name" = "UpdateTest_Auto"             # com.orangehrm.steps.DatabaseValidationSteps.aRecordShouldExistInTableWhereColumnEquals(java.lang.String,java.lang.String,java.lang.String)
  When I update "ohrm_nationality" set "name" = "UpdatedName_Auto" where "id" = "996"           # com.orangehrm.steps.DatabaseValidationSteps.iUpdateTableSetColumnWhereCondition(java.lang.String,java.lang.String,java.lang.String,java.lang.String,java.lang.String)
  Then the operation should affect 1 row(s)
  And a record should exist in "ohrm_nationality" where "name" = "UpdatedName_Auto"             # com.orangehrm.steps.DatabaseValidationSteps.aRecordShouldExistInTableWhereColumnEquals(java.lang.String,java.lang.String,java.lang.String)
  And no record should exist in "ohrm_nationality" where "name" = "UpdateTest_Auto"             # com.orangehrm.steps.DatabaseValidationSteps.noRecordShouldExistInTableWhereColumnEquals(java.lang.String,java.lang.String,java.lang.String)
  And the value of "name" in "ohrm_nationality" where "id" = "996" should be "UpdatedName_Auto" # com.orangehrm.steps.DatabaseValidationSteps.theValueOfColumnInTableShouldBe(java.lang.String,java.lang.String,java.lang.String,java.lang.String,java.lang.String)
  And I clean up the record in "ohrm_nationality" where "id" = "996"                            # com.orangehrm.steps.DatabaseValidationSteps.iCleanUpTheRecordInTableWhereColumnEquals(java.lang.String,java.lang.String,java.lang.String)
2026-04-02 09:32:46.588 [main] ERROR com.orangehrm.hooks.Hooks - SCENARIO FAILED: Validate data update in a table

    Embedding failure-screenshot-Validate data update in a table [image/png 2345 bytes]

2026-04-02 09:32:46.645 [main] INFO  com.orangehrm.hooks.Hooks - Screenshot captured for failed scenario: Validate data update in a table
2026-04-02 09:32:46.645 [main] INFO  com.orangehrm.driver.DriverFactory - Quitting WebDriver...
2026-04-02 09:32:46.713 [main] INFO  com.orangehrm.driver.DriverFactory - WebDriver instance removed from ThreadLocal
2026-04-02 09:32:46.713 [main] INFO  com.orangehrm.hooks.Hooks - ===================================================
2026-04-02 09:32:46.713 [main] INFO  com.orangehrm.hooks.Hooks - FINISHED SCENARIO: Validate data update in a table [FAILED]
2026-04-02 09:32:46.713 [main] INFO  com.orangehrm.hooks.Hooks - ===================================================
]]></system-out>
    <system-err><![CDATA[Apr 02, 2026 9:32:46 AM org.openqa.selenium.devtools.CdpVersionFinder findNearestMatch
WARNING: Unable to find CDP implementation matching 146
Apr 02, 2026 9:32:46 AM org.openqa.selenium.chromium.ChromiumDriver lambda$new$5
WARNING: Unable to find version of CDP to use for 146.0.7680.177. You may need to include a dependency on a specific version of the CDP using something similar to `org.seleniumhq.selenium:selenium-devtools-v86:4.18.1` where the version ("v86") matches the version of the chromium-based browser you're using and the version number of the artifact is the same as Selenium's.
]]></system-err>
  </testcase>
  <testcase name="Validate update does not affect unrelated records" classname="Database Validation" time="0.469">
    <failure message="Database is not configured. Set db.url, db.username, db.password, db.driver in properties or environment variables." type="java.lang.AssertionError"><![CDATA[java.lang.AssertionError: Database is not configured. Set db.url, db.username, db.password, db.driver in properties or environment variables.
	at org.junit.Assert.fail(Assert.java:89)
	at org.junit.Assert.assertTrue(Assert.java:42)
	at com.orangehrm.steps.DatabaseValidationSteps.theDatabaseConnectionIsConfiguredForTheCurrentEnvironment(DatabaseValidationSteps.java:69)
	at ✽.the database connection is configured for the current environment(file:///home/kavia/workspace/code-generation/orangehrm-338436/src/test/selenium-cucumber/src/test/resources/features/database-validation.feature:8)
]]></failure>
    <system-out><![CDATA[
@database @db-validation @db-update
Scenario: Validate update does not affect unrelated records                              # src/test/resources/features/database-validation.feature:67
2026-04-02 09:32:46.722 [main] INFO  com.orangehrm.hooks.Hooks - ===================================================
2026-04-02 09:32:46.722 [main] INFO  com.orangehrm.hooks.Hooks - STARTING SCENARIO: Validate update does not affect unrelated records
2026-04-02 09:32:46.723 [main] INFO  com.orangehrm.hooks.Hooks - Tags: [@database, @db-validation, @db-update]
2026-04-02 09:32:46.723 [main] INFO  com.orangehrm.hooks.Hooks - Environment: dev
2026-04-02 09:32:46.723 [main] INFO  com.orangehrm.hooks.Hooks - ===================================================
2026-04-02 09:32:46.723 [main] INFO  com.orangehrm.driver.DriverFactory - Initialising WebDriver -- browser=chrome, headless=true
2026-04-02 09:32:46.729 [main] INFO  i.g.bonigarcia.wdm.WebDriverManager - Using chromedriver 146.0.7680.165 (resolved driver for Chrome 146)
2026-04-02 09:32:46.732 [main] INFO  i.g.bonigarcia.wdm.WebDriverManager - Exporting webdriver.chrome.driver as /home/kavia/.cache/selenium/chromedriver/linux64/146.0.7680.165/chromedriver
2026-04-02 09:32:46.732 [main] INFO  com.orangehrm.driver.DriverFactory - Chrome configured in HEADLESS mode
2026-04-02 09:32:47.022 [main] DEBUG com.orangehrm.config.ConfigManager - Config [wait.pageLoad] resolved from base config
2026-04-02 09:32:47.025 [main] DEBUG com.orangehrm.config.ConfigManager - Config [wait.implicit] resolved from base config
2026-04-02 09:32:47.050 [main] INFO  com.orangehrm.driver.DriverFactory - WebDriver initialised successfully (browser=chrome, headless=true)
2026-04-02 09:32:47.050 [main] INFO  c.o.steps.DatabaseValidationSteps - Step: Verifying database connection for environment 'dev'
2026-04-02 09:32:47.051 [main] DEBUG com.orangehrm.config.ConfigManager - Config [db.url] using default: 
  Given the database connection is configured for the current environment                # com.orangehrm.steps.DatabaseValidationSteps.theDatabaseConnectionIsConfiguredForTheCurrentEnvironment()
      java.lang.AssertionError: Database is not configured. Set db.url, db.username, db.password, db.driver in properties or environment variables.
	at org.junit.Assert.fail(Assert.java:89)
	at org.junit.Assert.assertTrue(Assert.java:42)
	at com.orangehrm.steps.DatabaseValidationSteps.theDatabaseConnectionIsConfiguredForTheCurrentEnvironment(DatabaseValidationSteps.java:69)
	at ✽.the database connection is configured for the current environment(file:///home/kavia/workspace/code-generation/orangehrm-338436/src/test/selenium-cucumber/src/test/resources/features/database-validation.feature:8)

  Given the table "ohrm_nationality" exists in the database                              # com.orangehrm.steps.DatabaseValidationSteps.theTableExistsInTheDatabase(java.lang.String)
  And no record exists in "ohrm_nationality" where "name" = "KeepMe_Auto"                # com.orangehrm.steps.DatabaseValidationSteps.noRecordExistsInTableWhereColumnEqualsValue(java.lang.String,java.lang.String,java.lang.String)
  And no record exists in "ohrm_nationality" where "name" = "ChangeMe_Auto"              # com.orangehrm.steps.DatabaseValidationSteps.noRecordExistsInTableWhereColumnEqualsValue(java.lang.String,java.lang.String,java.lang.String)
  When I insert a record into "ohrm_nationality" with values "id=994, name=KeepMe_Auto"  # com.orangehrm.steps.DatabaseValidationSteps.iInsertARecordIntoTableWithValues(java.lang.String,java.lang.String)
  And I insert a record into "ohrm_nationality" with values "id=995, name=ChangeMe_Auto" # com.orangehrm.steps.DatabaseValidationSteps.iInsertARecordIntoTableWithValues(java.lang.String,java.lang.String)
  When I update "ohrm_nationality" set "name" = "Changed_Auto" where "id" = "995"        # com.orangehrm.steps.DatabaseValidationSteps.iUpdateTableSetColumnWhereCondition(java.lang.String,java.lang.String,java.lang.String,java.lang.String,java.lang.String)
  Then a record should exist in "ohrm_nationality" where "name" = "KeepMe_Auto"          # com.orangehrm.steps.DatabaseValidationSteps.aRecordShouldExistInTableWhereColumnEquals(java.lang.String,java.lang.String,java.lang.String)
  And a record should exist in "ohrm_nationality" where "name" = "Changed_Auto"          # com.orangehrm.steps.DatabaseValidationSteps.aRecordShouldExistInTableWhereColumnEquals(java.lang.String,java.lang.String,java.lang.String)
  And no record should exist in "ohrm_nationality" where "name" = "ChangeMe_Auto"        # com.orangehrm.steps.DatabaseValidationSteps.noRecordShouldExistInTableWhereColumnEquals(java.lang.String,java.lang.String,java.lang.String)
  And I clean up the record in "ohrm_nationality" where "id" = "994"                     # com.orangehrm.steps.DatabaseValidationSteps.iCleanUpTheRecordInTableWhereColumnEquals(java.lang.String,java.lang.String,java.lang.String)
  And I clean up the record in "ohrm_nationality" where "id" = "995"                     # com.orangehrm.steps.DatabaseValidationSteps.iCleanUpTheRecordInTableWhereColumnEquals(java.lang.String,java.lang.String,java.lang.String)
2026-04-02 09:32:47.053 [main] ERROR com.orangehrm.hooks.Hooks - SCENARIO FAILED: Validate update does not affect unrelated records

    Embedding failure-screenshot-Validate update does not affect unrelated records [image/png 2345 bytes]

2026-04-02 09:32:47.111 [main] INFO  com.orangehrm.hooks.Hooks - Screenshot captured for failed scenario: Validate update does not affect unrelated records
2026-04-02 09:32:47.111 [main] INFO  com.orangehrm.driver.DriverFactory - Quitting WebDriver...
2026-04-02 09:32:47.182 [main] INFO  com.orangehrm.driver.DriverFactory - WebDriver instance removed from ThreadLocal
2026-04-02 09:32:47.182 [main] INFO  com.orangehrm.hooks.Hooks - ===================================================
2026-04-02 09:32:47.182 [main] INFO  com.orangehrm.hooks.Hooks - FINISHED SCENARIO: Validate update does not affect unrelated records [FAILED]
2026-04-02 09:32:47.182 [main] INFO  com.orangehrm.hooks.Hooks - ===================================================
]]></system-out>
    <system-err><![CDATA[Apr 02, 2026 9:32:47 AM org.openqa.selenium.devtools.CdpVersionFinder findNearestMatch
WARNING: Unable to find CDP implementation matching 146
Apr 02, 2026 9:32:47 AM org.openqa.selenium.chromium.ChromiumDriver lambda$new$5
WARNING: Unable to find version of CDP to use for 146.0.7680.177. You may need to include a dependency on a specific version of the CDP using something similar to `org.seleniumhq.selenium:selenium-devtools-v86:4.18.1` where the version ("v86") matches the version of the chromium-based browser you're using and the version number of the artifact is the same as Selenium's.
]]></system-err>
  </testcase>
  <testcase name="Validate data deletion from a table" classname="Database Validation" time="0.452">
    <failure message="Database is not configured. Set db.url, db.username, db.password, db.driver in properties or environment variables." type="java.lang.AssertionError"><![CDATA[java.lang.AssertionError: Database is not configured. Set db.url, db.username, db.password, db.driver in properties or environment variables.
	at org.junit.Assert.fail(Assert.java:89)
	at org.junit.Assert.assertTrue(Assert.java:42)
	at com.orangehrm.steps.DatabaseValidationSteps.theDatabaseConnectionIsConfiguredForTheCurrentEnvironment(DatabaseValidationSteps.java:69)
	at ✽.the database connection is configured for the current environment(file:///home/kavia/workspace/code-generation/orangehrm-338436/src/test/selenium-cucumber/src/test/resources/features/database-validation.feature:8)
]]></failure>
    <system-out><![CDATA[
@database @db-validation @db-delete
Scenario: Validate data deletion from a table                                             # src/test/resources/features/database-validation.feature:86
2026-04-02 09:32:47.191 [main] INFO  com.orangehrm.hooks.Hooks - ===================================================
2026-04-02 09:32:47.191 [main] INFO  com.orangehrm.hooks.Hooks - STARTING SCENARIO: Validate data deletion from a table
2026-04-02 09:32:47.191 [main] INFO  com.orangehrm.hooks.Hooks - Tags: [@database, @db-validation, @db-delete]
2026-04-02 09:32:47.191 [main] INFO  com.orangehrm.hooks.Hooks - Environment: dev
2026-04-02 09:32:47.191 [main] INFO  com.orangehrm.hooks.Hooks - ===================================================
2026-04-02 09:32:47.191 [main] INFO  com.orangehrm.driver.DriverFactory - Initialising WebDriver -- browser=chrome, headless=true
2026-04-02 09:32:47.196 [main] INFO  i.g.bonigarcia.wdm.WebDriverManager - Using chromedriver 146.0.7680.165 (resolved driver for Chrome 146)
2026-04-02 09:32:47.199 [main] INFO  i.g.bonigarcia.wdm.WebDriverManager - Exporting webdriver.chrome.driver as /home/kavia/.cache/selenium/chromedriver/linux64/146.0.7680.165/chromedriver
2026-04-02 09:32:47.199 [main] INFO  com.orangehrm.driver.DriverFactory - Chrome configured in HEADLESS mode
2026-04-02 09:32:47.496 [main] DEBUG com.orangehrm.config.ConfigManager - Config [wait.pageLoad] resolved from base config
2026-04-02 09:32:47.499 [main] DEBUG com.orangehrm.config.ConfigManager - Config [wait.implicit] resolved from base config
2026-04-02 09:32:47.517 [main] INFO  com.orangehrm.driver.DriverFactory - WebDriver initialised successfully (browser=chrome, headless=true)
2026-04-02 09:32:47.518 [main] INFO  c.o.steps.DatabaseValidationSteps - Step: Verifying database connection for environment 'dev'
2026-04-02 09:32:47.518 [main] DEBUG com.orangehrm.config.ConfigManager - Config [db.url] using default: 
  Given the database connection is configured for the current environment                 # com.orangehrm.steps.DatabaseValidationSteps.theDatabaseConnectionIsConfiguredForTheCurrentEnvironment()
      java.lang.AssertionError: Database is not configured. Set db.url, db.username, db.password, db.driver in properties or environment variables.
	at org.junit.Assert.fail(Assert.java:89)
	at org.junit.Assert.assertTrue(Assert.java:42)
	at com.orangehrm.steps.DatabaseValidationSteps.theDatabaseConnectionIsConfiguredForTheCurrentEnvironment(DatabaseValidationSteps.java:69)
	at ✽.the database connection is configured for the current environment(file:///home/kavia/workspace/code-generation/orangehrm-338436/src/test/selenium-cucumber/src/test/resources/features/database-validation.feature:8)

  Given the table "ohrm_nationality" exists in the database                               # com.orangehrm.steps.DatabaseValidationSteps.theTableExistsInTheDatabase(java.lang.String)
  And no record exists in "ohrm_nationality" where "name" = "DeleteMe_Auto"               # com.orangehrm.steps.DatabaseValidationSteps.noRecordExistsInTableWhereColumnEqualsValue(java.lang.String,java.lang.String,java.lang.String)
  When I insert a record into "ohrm_nationality" with values "id=993, name=DeleteMe_Auto" # com.orangehrm.steps.DatabaseValidationSteps.iInsertARecordIntoTableWithValues(java.lang.String,java.lang.String)
  Then a record should exist in "ohrm_nationality" where "name" = "DeleteMe_Auto"         # com.orangehrm.steps.DatabaseValidationSteps.aRecordShouldExistInTableWhereColumnEquals(java.lang.String,java.lang.String,java.lang.String)
  When I delete from "ohrm_nationality" where "id" = "993"                                # com.orangehrm.steps.DatabaseValidationSteps.iDeleteFromTableWhereCondition(java.lang.String,java.lang.String,java.lang.String)
  Then the operation should affect 1 row(s)
  And no record should exist in "ohrm_nationality" where "name" = "DeleteMe_Auto"         # com.orangehrm.steps.DatabaseValidationSteps.noRecordShouldExistInTableWhereColumnEquals(java.lang.String,java.lang.String,java.lang.String)
  And the count of records in "ohrm_nationality" where "id" = "993" should be 0           # com.orangehrm.steps.DatabaseValidationSteps.theCountOfRecordsShouldBe(java.lang.String,java.lang.String,java.lang.String,int)
2026-04-02 09:32:47.520 [main] ERROR com.orangehrm.hooks.Hooks - SCENARIO FAILED: Validate data deletion from a table

    Embedding failure-screenshot-Validate data deletion from a table [image/png 2345 bytes]

2026-04-02 09:32:47.565 [main] INFO  com.orangehrm.hooks.Hooks - Screenshot captured for failed scenario: Validate data deletion from a table
2026-04-02 09:32:47.565 [main] INFO  com.orangehrm.driver.DriverFactory - Quitting WebDriver...
2026-04-02 09:32:47.634 [main] INFO  com.orangehrm.driver.DriverFactory - WebDriver instance removed from ThreadLocal
2026-04-02 09:32:47.634 [main] INFO  com.orangehrm.hooks.Hooks - ===================================================
2026-04-02 09:32:47.634 [main] INFO  com.orangehrm.hooks.Hooks - FINISHED SCENARIO: Validate data deletion from a table [FAILED]
2026-04-02 09:32:47.634 [main] INFO  com.orangehrm.hooks.Hooks - ===================================================
]]></system-out>
    <system-err><![CDATA[Apr 02, 2026 9:32:47 AM org.openqa.selenium.devtools.CdpVersionFinder findNearestMatch
WARNING: Unable to find CDP implementation matching 146
Apr 02, 2026 9:32:47 AM org.openqa.selenium.chromium.ChromiumDriver lambda$new$5
WARNING: Unable to find version of CDP to use for 146.0.7680.177. You may need to include a dependency on a specific version of the CDP using something similar to `org.seleniumhq.selenium:selenium-devtools-v86:4.18.1` where the version ("v86") matches the version of the chromium-based browser you're using and the version number of the artifact is the same as Selenium's.
]]></system-err>
  </testcase>
  <testcase name="Validate deletion with query verification" classname="Database Validation" time="0.435">
    <failure message="Database is not configured. Set db.url, db.username, db.password, db.driver in properties or environment variables." type="java.lang.AssertionError"><![CDATA[java.lang.AssertionError: Database is not configured. Set db.url, db.username, db.password, db.driver in properties or environment variables.
	at org.junit.Assert.fail(Assert.java:89)
	at org.junit.Assert.assertTrue(Assert.java:42)
	at com.orangehrm.steps.DatabaseValidationSteps.theDatabaseConnectionIsConfiguredForTheCurrentEnvironment(DatabaseValidationSteps.java:69)
	at ✽.the database connection is configured for the current environment(file:///home/kavia/workspace/code-generation/orangehrm-338436/src/test/selenium-cucumber/src/test/resources/features/database-validation.feature:8)
]]></failure>
    <system-out><![CDATA[
@database @db-validation @db-delete
Scenario: Validate deletion with query verification                                          # src/test/resources/features/database-validation.feature:99
2026-04-02 09:32:47.643 [main] INFO  com.orangehrm.hooks.Hooks - ===================================================
2026-04-02 09:32:47.643 [main] INFO  com.orangehrm.hooks.Hooks - STARTING SCENARIO: Validate deletion with query verification
2026-04-02 09:32:47.643 [main] INFO  com.orangehrm.hooks.Hooks - Tags: [@database, @db-validation, @db-delete]
2026-04-02 09:32:47.643 [main] INFO  com.orangehrm.hooks.Hooks - Environment: dev
2026-04-02 09:32:47.643 [main] INFO  com.orangehrm.hooks.Hooks - ===================================================
2026-04-02 09:32:47.643 [main] INFO  com.orangehrm.driver.DriverFactory - Initialising WebDriver -- browser=chrome, headless=true
2026-04-02 09:32:47.648 [main] INFO  i.g.bonigarcia.wdm.WebDriverManager - Using chromedriver 146.0.7680.165 (resolved driver for Chrome 146)
2026-04-02 09:32:47.650 [main] INFO  i.g.bonigarcia.wdm.WebDriverManager - Exporting webdriver.chrome.driver as /home/kavia/.cache/selenium/chromedriver/linux64/146.0.7680.165/chromedriver
2026-04-02 09:32:47.650 [main] INFO  com.orangehrm.driver.DriverFactory - Chrome configured in HEADLESS mode
2026-04-02 09:32:47.911 [main] DEBUG com.orangehrm.config.ConfigManager - Config [wait.pageLoad] resolved from base config
2026-04-02 09:32:47.913 [main] DEBUG com.orangehrm.config.ConfigManager - Config [wait.implicit] resolved from base config
2026-04-02 09:32:47.933 [main] INFO  com.orangehrm.driver.DriverFactory - WebDriver initialised successfully (browser=chrome, headless=true)
2026-04-02 09:32:47.934 [main] INFO  c.o.steps.DatabaseValidationSteps - Step: Verifying database connection for environment 'dev'
2026-04-02 09:32:47.934 [main] DEBUG com.orangehrm.config.ConfigManager - Config [db.url] using default: 
  Given the database connection is configured for the current environment                    # com.orangehrm.steps.DatabaseValidationSteps.theDatabaseConnectionIsConfiguredForTheCurrentEnvironment()
      java.lang.AssertionError: Database is not configured. Set db.url, db.username, db.password, db.driver in properties or environment variables.
	at org.junit.Assert.fail(Assert.java:89)
	at org.junit.Assert.assertTrue(Assert.java:42)
	at com.orangehrm.steps.DatabaseValidationSteps.theDatabaseConnectionIsConfiguredForTheCurrentEnvironment(DatabaseValidationSteps.java:69)
	at ✽.the database connection is configured for the current environment(file:///home/kavia/workspace/code-generation/orangehrm-338436/src/test/selenium-cucumber/src/test/resources/features/database-validation.feature:8)

  Given the table "ohrm_nationality" exists in the database                                  # com.orangehrm.steps.DatabaseValidationSteps.theTableExistsInTheDatabase(java.lang.String)
  And no record exists in "ohrm_nationality" where "name" = "DeleteQuery_Auto"               # com.orangehrm.steps.DatabaseValidationSteps.noRecordExistsInTableWhereColumnEqualsValue(java.lang.String,java.lang.String,java.lang.String)
  When I insert a record into "ohrm_nationality" with values "id=992, name=DeleteQuery_Auto" # com.orangehrm.steps.DatabaseValidationSteps.iInsertARecordIntoTableWithValues(java.lang.String,java.lang.String)
  And I execute the query "SELECT * FROM ohrm_nationality WHERE id = ?" with parameter "992" # com.orangehrm.steps.DatabaseValidationSteps.iExecuteTheQueryWithParameter(java.lang.String,java.lang.String)
  Then the query result should not be empty                                                  # com.orangehrm.steps.DatabaseValidationSteps.theQueryResultShouldNotBeEmpty()
  When I delete from "ohrm_nationality" where "id" = "992"                                   # com.orangehrm.steps.DatabaseValidationSteps.iDeleteFromTableWhereCondition(java.lang.String,java.lang.String,java.lang.String)
  And I execute the query "SELECT * FROM ohrm_nationality WHERE id = ?" with parameter "992" # com.orangehrm.steps.DatabaseValidationSteps.iExecuteTheQueryWithParameter(java.lang.String,java.lang.String)
  Then the query result should be empty                                                      # com.orangehrm.steps.DatabaseValidationSteps.theQueryResultShouldBeEmpty()
2026-04-02 09:32:47.936 [main] ERROR com.orangehrm.hooks.Hooks - SCENARIO FAILED: Validate deletion with query verification

    Embedding failure-screenshot-Validate deletion with query verification [image/png 2345 bytes]

2026-04-02 09:32:48.001 [main] INFO  com.orangehrm.hooks.Hooks - Screenshot captured for failed scenario: Validate deletion with query verification
2026-04-02 09:32:48.001 [main] INFO  com.orangehrm.driver.DriverFactory - Quitting WebDriver...
2026-04-02 09:32:48.069 [main] INFO  com.orangehrm.driver.DriverFactory - WebDriver instance removed from ThreadLocal
2026-04-02 09:32:48.069 [main] INFO  com.orangehrm.hooks.Hooks - ===================================================
2026-04-02 09:32:48.069 [main] INFO  com.orangehrm.hooks.Hooks - FINISHED SCENARIO: Validate deletion with query verification [FAILED]
2026-04-02 09:32:48.069 [main] INFO  com.orangehrm.hooks.Hooks - ===================================================
]]></system-out>
    <system-err><![CDATA[Apr 02, 2026 9:32:47 AM org.openqa.selenium.devtools.CdpVersionFinder findNearestMatch
WARNING: Unable to find CDP implementation matching 146
Apr 02, 2026 9:32:47 AM org.openqa.selenium.chromium.ChromiumDriver lambda$new$5
WARNING: Unable to find version of CDP to use for 146.0.7680.177. You may need to include a dependency on a specific version of the CDP using something similar to `org.seleniumhq.selenium:selenium-devtools-v86:4.18.1` where the version ("v86") matches the version of the chromium-based browser you're using and the version number of the artifact is the same as Selenium's.
]]></system-err>
  </testcase>
  <testcase name="Validate deletion does not affect unrelated records" classname="Database Validation" time="0.431">
    <failure message="Database is not configured. Set db.url, db.username, db.password, db.driver in properties or environment variables." type="java.lang.AssertionError"><![CDATA[java.lang.AssertionError: Database is not configured. Set db.url, db.username, db.password, db.driver in properties or environment variables.
	at org.junit.Assert.fail(Assert.java:89)
	at org.junit.Assert.assertTrue(Assert.java:42)
	at com.orangehrm.steps.DatabaseValidationSteps.theDatabaseConnectionIsConfiguredForTheCurrentEnvironment(DatabaseValidationSteps.java:69)
	at ✽.the database connection is configured for the current environment(file:///home/kavia/workspace/code-generation/orangehrm-338436/src/test/selenium-cucumber/src/test/resources/features/database-validation.feature:8)
]]></failure>
    <system-out><![CDATA[
@database @db-validation @db-delete
Scenario: Validate deletion does not affect unrelated records                             # src/test/resources/features/database-validation.feature:112
2026-04-02 09:32:48.083 [main] INFO  com.orangehrm.hooks.Hooks - ===================================================
2026-04-02 09:32:48.083 [main] INFO  com.orangehrm.hooks.Hooks - STARTING SCENARIO: Validate deletion does not affect unrelated records
2026-04-02 09:32:48.083 [main] INFO  com.orangehrm.hooks.Hooks - Tags: [@database, @db-validation, @db-delete]
2026-04-02 09:32:48.083 [main] INFO  com.orangehrm.hooks.Hooks - Environment: dev
2026-04-02 09:32:48.083 [main] INFO  com.orangehrm.hooks.Hooks - ===================================================
2026-04-02 09:32:48.083 [main] INFO  com.orangehrm.driver.DriverFactory - Initialising WebDriver -- browser=chrome, headless=true
2026-04-02 09:32:48.088 [main] INFO  i.g.bonigarcia.wdm.WebDriverManager - Using chromedriver 146.0.7680.165 (resolved driver for Chrome 146)
2026-04-02 09:32:48.090 [main] INFO  i.g.bonigarcia.wdm.WebDriverManager - Exporting webdriver.chrome.driver as /home/kavia/.cache/selenium/chromedriver/linux64/146.0.7680.165/chromedriver
2026-04-02 09:32:48.090 [main] INFO  com.orangehrm.driver.DriverFactory - Chrome configured in HEADLESS mode
2026-04-02 09:32:48.371 [main] DEBUG com.orangehrm.config.ConfigManager - Config [wait.pageLoad] resolved from base config
2026-04-02 09:32:48.373 [main] DEBUG com.orangehrm.config.ConfigManager - Config [wait.implicit] resolved from base config
2026-04-02 09:32:48.390 [main] INFO  com.orangehrm.driver.DriverFactory - WebDriver initialised successfully (browser=chrome, headless=true)
2026-04-02 09:32:48.391 [main] INFO  c.o.steps.DatabaseValidationSteps - Step: Verifying database connection for environment 'dev'
2026-04-02 09:32:48.391 [main] DEBUG com.orangehrm.config.ConfigManager - Config [db.url] using default: 
  Given the database connection is configured for the current environment                 # com.orangehrm.steps.DatabaseValidationSteps.theDatabaseConnectionIsConfiguredForTheCurrentEnvironment()
      java.lang.AssertionError: Database is not configured. Set db.url, db.username, db.password, db.driver in properties or environment variables.
	at org.junit.Assert.fail(Assert.java:89)
	at org.junit.Assert.assertTrue(Assert.java:42)
	at com.orangehrm.steps.DatabaseValidationSteps.theDatabaseConnectionIsConfiguredForTheCurrentEnvironment(DatabaseValidationSteps.java:69)
	at ✽.the database connection is configured for the current environment(file:///home/kavia/workspace/code-generation/orangehrm-338436/src/test/selenium-cucumber/src/test/resources/features/database-validation.feature:8)

  Given the table "ohrm_nationality" exists in the database                               # com.orangehrm.steps.DatabaseValidationSteps.theTableExistsInTheDatabase(java.lang.String)
  And no record exists in "ohrm_nationality" where "name" = "Survivor_Auto"               # com.orangehrm.steps.DatabaseValidationSteps.noRecordExistsInTableWhereColumnEqualsValue(java.lang.String,java.lang.String,java.lang.String)
  And no record exists in "ohrm_nationality" where "name" = "Victim_Auto"                 # com.orangehrm.steps.DatabaseValidationSteps.noRecordExistsInTableWhereColumnEqualsValue(java.lang.String,java.lang.String,java.lang.String)
  When I insert a record into "ohrm_nationality" with values "id=990, name=Survivor_Auto" # com.orangehrm.steps.DatabaseValidationSteps.iInsertARecordIntoTableWithValues(java.lang.String,java.lang.String)
  And I insert a record into "ohrm_nationality" with values "id=991, name=Victim_Auto"    # com.orangehrm.steps.DatabaseValidationSteps.iInsertARecordIntoTableWithValues(java.lang.String,java.lang.String)
  When I delete from "ohrm_nationality" where "id" = "991"                                # com.orangehrm.steps.DatabaseValidationSteps.iDeleteFromTableWhereCondition(java.lang.String,java.lang.String,java.lang.String)
  Then a record should exist in "ohrm_nationality" where "name" = "Survivor_Auto"         # com.orangehrm.steps.DatabaseValidationSteps.aRecordShouldExistInTableWhereColumnEquals(java.lang.String,java.lang.String,java.lang.String)
  And no record should exist in "ohrm_nationality" where "name" = "Victim_Auto"           # com.orangehrm.steps.DatabaseValidationSteps.noRecordShouldExistInTableWhereColumnEquals(java.lang.String,java.lang.String,java.lang.String)
  And I clean up the record in "ohrm_nationality" where "id" = "990"                      # com.orangehrm.steps.DatabaseValidationSteps.iCleanUpTheRecordInTableWhereColumnEquals(java.lang.String,java.lang.String,java.lang.String)
2026-04-02 09:32:48.393 [main] ERROR com.orangehrm.hooks.Hooks - SCENARIO FAILED: Validate deletion does not affect unrelated records

    Embedding failure-screenshot-Validate deletion does not affect unrelated records [image/png 2345 bytes]

2026-04-02 09:32:48.433 [main] INFO  com.orangehrm.hooks.Hooks - Screenshot captured for failed scenario: Validate deletion does not affect unrelated records
2026-04-02 09:32:48.433 [main] INFO  com.orangehrm.driver.DriverFactory - Quitting WebDriver...
2026-04-02 09:32:48.501 [main] INFO  com.orangehrm.driver.DriverFactory - WebDriver instance removed from ThreadLocal
2026-04-02 09:32:48.501 [main] INFO  com.orangehrm.hooks.Hooks - ===================================================
2026-04-02 09:32:48.501 [main] INFO  com.orangehrm.hooks.Hooks - FINISHED SCENARIO: Validate deletion does not affect unrelated records [FAILED]
2026-04-02 09:32:48.501 [main] INFO  com.orangehrm.hooks.Hooks - ===================================================
]]></system-out>
    <system-err><![CDATA[Apr 02, 2026 9:32:48 AM org.openqa.selenium.devtools.CdpVersionFinder findNearestMatch
WARNING: Unable to find CDP implementation matching 146
Apr 02, 2026 9:32:48 AM org.openqa.selenium.chromium.ChromiumDriver lambda$new$5
WARNING: Unable to find version of CDP to use for 146.0.7680.177. You may need to include a dependency on a specific version of the CDP using something similar to `org.seleniumhq.selenium:selenium-devtools-v86:4.18.1` where the version ("v86") matches the version of the chromium-based browser you're using and the version number of the artifact is the same as Selenium's.
]]></system-err>
  </testcase>
</testsuite>